<?xml version="1.0" encoding="UTF-8"?>
<!-- Generated by org.testng.reporters.JUnitXMLReporter -->
<testsuite hostname="DESKTOP-NDF1E9V" name="game" tests="8" failures="2" timestamp="28 Feb 2019 09:07:04 GMT" time="171.634" errors="0">
  <testcase name="serviceFeeIncome" time="25.397" classname="InbetAdminTestCase.AdminHomeTest"/>
  <testcase name="sinceBusinessOperationsTotalArrears" time="23.638" classname="InbetAdminTestCase.AdminHomeTest"/>
  <testcase name="busniessMoneyTotal" time="21.274" classname="InbetAdminTestCase.AdminHomeTest"/>
  <testcase name="playerNumber" time="19.525" classname="InbetAdminTestCase.AdminHomeTest"/>
  <testcase name="systermWinOrLose" time="18.061" classname="InbetAdminTestCase.AdminHomeTest">
    <failure type="java.lang.AssertionError" message="expected [true] but found [false]">
      <![CDATA[java.lang.AssertionError: expected [true] but found [false]
	at InbetAdminTestCase.AdminHomeTest.systermWinOrLose(AdminHomeTest.java:156)
... Removed 27 stack frames]]>
    </failure>
  </testcase> <!-- systermWinOrLose -->
  <testcase name="totalsystermWinOrLose" time="22.797" classname="InbetAdminTestCase.AdminHomeTest">
    <failure type="java.lang.AssertionError" message="expected [true] but found [false]">
      <![CDATA[java.lang.AssertionError: expected [true] but found [false]
	at InbetAdminTestCase.AdminHomeTest.totalsystermWinOrLose(AdminHomeTest.java:186)
... Removed 27 stack frames]]>
    </failure>
  </testcase> <!-- totalsystermWinOrLose -->
  <testcase name="todayCommission" time="20.88" classname="InbetAdminTestCase.AdminHomeTest"/>
  <testcase name="totalCommission" time="19.872" classname="InbetAdminTestCase.AdminHomeTest"/>
</testsuite> <!-- game -->
