<?xml version="1.0" encoding="UTF-8"?>
<!-- Generated by org.testng.reporters.JUnitXMLReporter -->
<testsuite hostname="DESKTOP-APMUM9I" name="平台管理员" tests="23" failures="0" timestamp="21 Oct 2019 02:12:11 GMT" time="2.218" errors="0">
  <testcase name="@BeforeTest loginBefore" time="0.0" classname="Backstage.admin.panel">
    <failure type="org.openqa.selenium.NoSuchSessionException" message="invalid session id
  (Driver info: chromedriver=2.46.628402 (536cd7adbad73a3783fdc2cab92ab2ba7ec361e1),platform=Windows NT 10.0.18362 x86_64) (WARNING: The server did not provide any stacktrace information)
Command duration or timeout: 7 milliseconds
Build info: version: &amp;apos;3.0.0&amp;apos;, revision: &amp;apos;350cf60&amp;apos;, time: &amp;apos;2016-10-13 10:48:57 -0700&amp;apos;
System info: host: &amp;apos;DESKTOP-APMUM9I&amp;apos;, ip: &amp;apos;10.1.101.21&amp;apos;, os.name: &amp;apos;Windows 10&amp;apos;, os.arch: &amp;apos;x86&amp;apos;, os.version: &amp;apos;10.0&amp;apos;, java.version: &amp;apos;1.8.0_221&amp;apos;
Driver info: org.openqa.selenium.chrome.ChromeDriver
Capabilities [{message=session not created: Chrome version must be between 71 and 75
  (Driver info: chromedriver=2.46.628402 (536cd7adbad73a3783fdc2cab92ab2ba7ec361e1),platform=Windows NT 10.0.18362 x86_64), platform=ANY}]
Session ID: 3db538eff49d8a589f35d2080b9772d7">
      <![CDATA[org.openqa.selenium.NoSuchSessionException: invalid session id
  (Driver info: chromedriver=2.46.628402 (536cd7adbad73a3783fdc2cab92ab2ba7ec361e1),platform=Windows NT 10.0.18362 x86_64) (WARNING: The server did not provide any stacktrace information)
Command duration or timeout: 7 milliseconds
Build info: version: '3.0.0', revision: '350cf60', time: '2016-10-13 10:48:57 -0700'
System info: host: 'DESKTOP-APMUM9I', ip: '10.1.101.21', os.name: 'Windows 10', os.arch: 'x86', os.version: '10.0', java.version: '1.8.0_221'
Driver info: org.openqa.selenium.chrome.ChromeDriver
Capabilities [{message=session not created: Chrome version must be between 71 and 75
  (Driver info: chromedriver=2.46.628402 (536cd7adbad73a3783fdc2cab92ab2ba7ec361e1),platform=Windows NT 10.0.18362 x86_64), platform=ANY}]
Session ID: 3db538eff49d8a589f35d2080b9772d7
	at org.openqa.selenium.remote.ErrorHandler.createThrowable(ErrorHandler.java:216)
	at org.openqa.selenium.remote.ErrorHandler.throwIfResponseFailed(ErrorHandler.java:168)
	at org.openqa.selenium.remote.RemoteWebDriver.execute(RemoteWebDriver.java:635)
	at org.openqa.selenium.remote.RemoteWebDriver.get(RemoteWebDriver.java:322)
	at SeleniumMethod.WebDriverUtil.loginBefore(WebDriverUtil.java:120)
	at Backstage.admin.panel.loginBefore(panel.java:21)
... Removed 25 stack frames]]>
    </failure>
  </testcase> <!-- @BeforeTest loginBefore -->
  <testcase name="playerNumber" time="0.045" classname="Backstage.admin.panel">
    <skipped/>
  </testcase> <!-- playerNumber -->
  <testcase name="notesNumber" time="0.001" classname="Backstage.admin.panel">
    <skipped/>
  </testcase> <!-- notesNumber -->
  <testcase name="agentNumber" time="0.002" classname="Backstage.admin.UserManagement">
    <skipped/>
  </testcase> <!-- agentNumber -->
  <testcase name="vipNumber" time="0.001" classname="Backstage.admin.UserManagement">
    <skipped/>
  </testcase> <!-- vipNumber -->
  <testcase name="agentVipNumber" time="0.001" classname="Backstage.admin.UserManagement">
    <skipped/>
  </testcase> <!-- agentVipNumber -->
  <testcase name="loginTime" time="0.002" classname="Backstage.admin.UserManagement">
    <skipped/>
  </testcase> <!-- loginTime -->
  <testcase name="desc" time="0.001" classname="Backstage.admin.UserManagement">
    <skipped/>
  </testcase> <!-- desc -->
  <testcase name="addBalance" time="0.001" classname="Backstage.admin.UserManagement">
    <skipped/>
  </testcase> <!-- addBalance -->
  <testcase name="subtractBalance" time="0.002" classname="Backstage.admin.UserManagement">
    <skipped/>
  </testcase> <!-- subtractBalance -->
  <testcase name="vipUsableMoney" time="0.002" classname="Backstage.admin.UserManagement">
    <skipped/>
  </testcase> <!-- vipUsableMoney -->
  <testcase name="onlinePlayer" time="0.002" classname="Backstage.admin.UserManagement">
    <skipped/>
  </testcase> <!-- onlinePlayer -->
  <testcase name="onlineBackstage" time="0.002" classname="Backstage.admin.UserManagement">
    <skipped/>
  </testcase> <!-- onlineBackstage -->
  <testcase name="rechargeNumber" time="0.002" classname="Backstage.admin.FinanceManagement">
    <skipped/>
  </testcase> <!-- rechargeNumber -->
  <testcase name="rechargeBalance" time="0.002" classname="Backstage.admin.FinanceManagement">
    <skipped/>
  </testcase> <!-- rechargeBalance -->
  <testcase name="balanceWithdraw" time="0.002" classname="Backstage.admin.FinanceManagement">
    <skipped/>
  </testcase> <!-- balanceWithdraw -->
  <testcase name="balanceVip" time="0.001" classname="Backstage.admin.FinanceManagement">
    <skipped/>
  </testcase> <!-- balanceVip -->
  <testcase name="ReconciliationVip" time="0.002" classname="Backstage.admin.FinanceManagement">
    <skipped/>
  </testcase> <!-- ReconciliationVip -->
  <testcase name="BalanceVipToday" time="0.001" classname="Backstage.admin.FinanceManagement">
    <skipped/>
  </testcase> <!-- BalanceVipToday -->
  <testcase name="rechargeOnline" time="0.002" classname="Backstage.admin.FinanceManagement">
    <skipped/>
  </testcase> <!-- rechargeOnline -->
  <testcase name="underLine" time="0.001" classname="Backstage.admin.FinanceManagement">
    <skipped/>
  </testcase> <!-- underLine -->
  <testcase name="rechargeMoney" time="0.002" classname="Backstage.admin.FinanceManagement">
    <skipped/>
  </testcase> <!-- rechargeMoney -->
  <testcase name="practiceLoseOrWin" time="0.001" classname="Backstage.admin.FinanceManagement">
    <skipped/>
  </testcase> <!-- practiceLoseOrWin -->
  <testcase name="unLiquidatedMoney" time="0.002" classname="Backstage.admin.FinanceManagement">
    <skipped/>
  </testcase> <!-- unLiquidatedMoney -->
</testsuite> <!-- 平台管理员 -->
