<?xml version="1.0" encoding="UTF-8"?>
<testsuite xmlns:xsi="http://www.w3.org/2001/XMLSchema-instance" xsi:noNamespaceSchemaLocation="https://maven.apache.org/surefire/maven-surefire-plugin/xsd/surefire-test-report.xsd" name="TestSuite" time="817.214" tests="42" errors="0" skipped="0" failures="4">
  <properties>
[...]
</properties>
  <testcase name="serviceIncomeToday" classname="adminTestCase.adminHomeTestCase" time="15.858"/>
  <testcase name="sinceBusinessOperationsTotalArrears" classname="adminTestCase.adminHomeTestCase" time="14.26"/>
  <testcase name="businessMoneyTotal" classname="adminTestCase.adminHomeTestCase" time="12.193"/>
  <testcase name="playerNumber" classname="adminTestCase.adminHomeTestCase" time="13.72"/>
  <testcase name="systemWinOrLose" classname="adminTestCase.adminHomeTestCase" time="14.285"/>
  <testcase name="todayCommission" classname="adminTestCase.adminHomeTestCase" time="14.257"/>
  <testcase name="totalCommission" classname="adminTestCase.adminHomeTestCase" time="11.961"/>
  <testcase name="rechargeMoneyToday" classname="adminTestCase.adminHomeTestCase" time="14.447"/>
  <testcase name="withdrawMoneyToday" classname="adminTestCase.adminHomeTestCase" time="14.301"/>
  <testcase name="immediateLowerAgentNumber" classname="adminTestCase.cashBusinessDetailTestCase" time="20.819"/>
  <testcase name="taxTotal" classname="adminTestCase.cashBusinessDetailTestCase" time="25.983"/>
  <testcase name="alreadySettlementMoney" classname="adminTestCase.cashBusinessDetailTestCase" time="20.251"/>
  <testcase name="waitWithdrawMoney" classname="adminTestCase.cashBusinessDetailTestCase" time="22.159"/>
  <testcase name="rechargeBalance" classname="adminTestCase.cashBusinessDetailTestCase" time="22.009"/>
  <testcase name="onlineRechargeCredit" classname="adminTestCase.cashBusinessDetailTestCase" time="22.604"/>
  <testcase name="onlineWithdrawCredit" classname="adminTestCase.cashBusinessDetailTestCase" time="16.565"/>
  <testcase name="immediateLowerAgentNumber" classname="adminTestCase.cashAgentDetailTestCase" time="22.729"/>
  <testcase name="DirectPushPlayerNumber" classname="adminTestCase.cashAgentDetailTestCase" time="24.514"/>
  <testcase name="taxTotal" classname="adminTestCase.cashAgentDetailTestCase" time="27.532"/>
  <testcase name="promotionCommissionTotal" classname="adminTestCase.cashAgentDetailTestCase" time="27.594"/>
  <testcase name="acceptRedEnvelopeTotal" classname="adminTestCase.cashAgentDetailTestCase" time="27.029"/>
  <testcase name="addWithdrawalMoney" classname="adminTestCase.cashAgentDetailTestCase" time="27.201"/>
  <testcase name="commissionAccountBalance" classname="adminTestCase.cashAgentDetailTestCase" time="29.11"/>
  <testcase name="rechargeBalance" classname="adminTestCase.cashAgentDetailTestCase" time="18.745">
    <failure message="unknown error: Element &lt;span&gt;...&lt;/span&gt; is not clickable at point (80, 120). Other element would receive the click: &lt;form class=&quot;el-form el-form--label-right page-details-view-container&quot;&gt;...&lt;/form&gt;&#10;  (Session info: chrome=73.0.3683.86)&#10;  (Driver info: chromedriver=2.45.615291 (ec3682e3c9061c10f26ea9e5cdcf3c53f3f74387),platform=Windows NT 10.0.17134 x86_64) (WARNING: The server did not provide any stacktrace information)&#10;Command duration or timeout: 40 milliseconds&#10;Build info: version: &apos;3.0.0&apos;, revision: &apos;350cf60&apos;, time: &apos;2016-10-13 10:48:57 -0700&apos;&#10;System info: host: &apos;DESKTOP-NDF1E9V&apos;, ip: &apos;192.168.232.1&apos;, os.name: &apos;Windows 10&apos;, os.arch: &apos;amd64&apos;, os.version: &apos;10.0&apos;, java.version: &apos;1.8.0_191&apos;&#10;Driver info: org.openqa.selenium.chrome.ChromeDriver&#10;Capabilities [{mobileEmulationEnabled=false, timeouts={implicit=0, pageLoad=300000, script=30000}, hasTouchScreen=false, platform=XP, acceptSslCerts=false, goog:chromeOptions={debuggerAddress=localhost:31121}, acceptInsecureCerts=false, webStorageEnabled=true, browserName=chrome, takesScreenshot=true, javascriptEnabled=true, setWindowRect=true, unexpectedAlertBehaviour=ignore, applicationCacheEnabled=false, rotatable=false, networkConnectionEnabled=false, chrome={chromedriverVersion=2.45.615291 (ec3682e3c9061c10f26ea9e5cdcf3c53f3f74387), userDataDir=C:\Users\jtc\AppData\Local\Temp\scoped_dir33612_11566}, takesHeapSnapshot=true, pageLoadStrategy=normal, strictFileInteractability=false, databaseEnabled=false, handlesAlerts=true, version=73.0.3683.86, browserConnectionEnabled=false, proxy={}, nativeEvents=true, locationContextEnabled=true, cssSelectorsEnabled=true}]&#10;Session ID: c58ec8e31d6f2069a0ed19172c3dddd1" type="org.openqa.selenium.WebDriverException"><![CDATA[org.openqa.selenium.WebDriverException: 
unknown error: Element <span>...</span> is not clickable at point (80, 120). Other element would receive the click: <form class="el-form el-form--label-right page-details-view-container">...</form>
  (Session info: chrome=73.0.3683.86)
  (Driver info: chromedriver=2.45.615291 (ec3682e3c9061c10f26ea9e5cdcf3c53f3f74387),platform=Windows NT 10.0.17134 x86_64) (WARNING: The server did not provide any stacktrace information)
Command duration or timeout: 40 milliseconds
Build info: version: '3.0.0', revision: '350cf60', time: '2016-10-13 10:48:57 -0700'
System info: host: 'DESKTOP-NDF1E9V', ip: '192.168.232.1', os.name: 'Windows 10', os.arch: 'amd64', os.version: '10.0', java.version: '1.8.0_191'
Driver info: org.openqa.selenium.chrome.ChromeDriver
Capabilities [{mobileEmulationEnabled=false, timeouts={implicit=0, pageLoad=300000, script=30000}, hasTouchScreen=false, platform=XP, acceptSslCerts=false, goog:chromeOptions={debuggerAddress=localhost:31121}, acceptInsecureCerts=false, webStorageEnabled=true, browserName=chrome, takesScreenshot=true, javascriptEnabled=true, setWindowRect=true, unexpectedAlertBehaviour=ignore, applicationCacheEnabled=false, rotatable=false, networkConnectionEnabled=false, chrome={chromedriverVersion=2.45.615291 (ec3682e3c9061c10f26ea9e5cdcf3c53f3f74387), userDataDir=C:\Users\jtc\AppData\Local\Temp\scoped_dir33612_11566}, takesHeapSnapshot=true, pageLoadStrategy=normal, strictFileInteractability=false, databaseEnabled=false, handlesAlerts=true, version=73.0.3683.86, browserConnectionEnabled=false, proxy={}, nativeEvents=true, locationContextEnabled=true, cssSelectorsEnabled=true}]
Session ID: c58ec8e31d6f2069a0ed19172c3dddd1
	at adminTestCase.cashAgentDetailTestCase.rechargeBalance(cashAgentDetailTestCase.java:361)
]]></failure>
    <system-out><![CDATA[现金代理详情-充值余额：10,130,195.000
]]></system-out>
    <system-err><![CDATA[Starting ChromeDriver 2.45.615291 (ec3682e3c9061c10f26ea9e5cdcf3c53f3f74387) on port 38050
Only local connections are allowed.
三月 28, 2019 7:19:53 下午 org.openqa.selenium.remote.ProtocolHandshake createSession
信息: Attempting bi-dialect session, assuming Postel's Law holds true on the remote end
三月 28, 2019 7:19:54 下午 org.openqa.selenium.remote.ProtocolHandshake createSession
信息: Detected dialect: OSS
]]></system-err>
  </testcase>
  <testcase name="creditExplorerNumber" classname="adminTestCase.creditDetailTestCase" time="16.15"/>
  <testcase name="creditExplorerServiceHistoryTotal" classname="adminTestCase.creditDetailTestCase" time="24.132"/>
  <testcase name="creditExplorerAccountBalance" classname="adminTestCase.creditDetailTestCase" time="22.863"/>
  <testcase name="creditBusinessNumber" classname="adminTestCase.creditDetailTestCase" time="23.061"/>
  <testcase name="creditBusinessServiceHistoryTotal" classname="adminTestCase.creditDetailTestCase" time="28.045"/>
  <testcase name="creditBusinessServiceAccountBalance" classname="adminTestCase.creditDetailTestCase" time="24.418"/>
  <testcase name="creditAgentServiceHistoryTotal" classname="adminTestCase.creditDetailTestCase" time="23.003"/>
  <testcase name="creditAgentServiceAccountBalance" classname="adminTestCase.creditDetailTestCase" time="22.973"/>
  <testcase name="incomeToday" classname="cashAgentTestCase.cashAgentHomeTestCase" time="13.378"/>
  <testcase name="incomeTotalMonth" classname="cashAgentTestCase.cashAgentHomeTestCase" time="11.405">
    <failure message="expected [true] but found [false]" type="java.lang.AssertionError">java.lang.AssertionError: expected [true] but found [false]
	at cashAgentTestCase.cashAgentHomeTestCase.incomeTotalMonth(cashAgentHomeTestCase.java:67)
</failure>
    <system-out><![CDATA[30日总收入：124.372
现金代理首页30日我的佣金总账单：87.107
]]></system-out>
    <system-err><![CDATA[Starting ChromeDriver 2.45.615291 (ec3682e3c9061c10f26ea9e5cdcf3c53f3f74387) on port 41510
Only local connections are allowed.
三月 28, 2019 7:23:29 下午 org.openqa.selenium.remote.ProtocolHandshake createSession
信息: Attempting bi-dialect session, assuming Postel's Law holds true on the remote end
三月 28, 2019 7:23:31 下午 org.openqa.selenium.remote.ProtocolHandshake createSession
信息: Detected dialect: OSS
java.lang.AssertionError: expected [87.107] but found [124.372]
	at org.testng.Assert.fail(Assert.java:94)
	at org.testng.Assert.failNotEquals(Assert.java:496)
	at org.testng.Assert.assertEquals(Assert.java:125)
	at org.testng.Assert.assertEquals(Assert.java:167)
	at listenerPackage.Assertion.verifyEquals(Assertion.java:21)
	at cashAgentTestCase.cashAgentHomeTestCase.incomeTotalMonth(cashAgentHomeTestCase.java:66)
	at sun.reflect.NativeMethodAccessorImpl.invoke0(Native Method)
	at sun.reflect.NativeMethodAccessorImpl.invoke(NativeMethodAccessorImpl.java:62)
	at sun.reflect.DelegatingMethodAccessorImpl.invoke(DelegatingMethodAccessorImpl.java:43)
	at java.lang.reflect.Method.invoke(Method.java:498)
	at org.testng.internal.MethodInvocationHelper.invokeMethod(MethodInvocationHelper.java:85)
	at org.testng.internal.Invoker.invokeMethod(Invoker.java:639)
	at org.testng.internal.Invoker.invokeTestMethod(Invoker.java:816)
	at org.testng.internal.Invoker.invokeTestMethods(Invoker.java:1124)
	at org.testng.internal.TestMethodWorker.invokeTestMethods(TestMethodWorker.java:125)
	at org.testng.internal.TestMethodWorker.run(TestMethodWorker.java:108)
	at org.testng.TestRunner.privateRun(TestRunner.java:774)
	at org.testng.TestRunner.run(TestRunner.java:624)
	at org.testng.SuiteRunner.runTest(SuiteRunner.java:359)
	at org.testng.SuiteRunner.runSequentially(SuiteRunner.java:354)
	at org.testng.SuiteRunner.privateRun(SuiteRunner.java:312)
	at org.testng.SuiteRunner.run(SuiteRunner.java:261)
	at org.testng.SuiteRunnerWorker.runSuite(SuiteRunnerWorker.java:52)
	at org.testng.SuiteRunnerWorker.run(SuiteRunnerWorker.java:86)
	at org.testng.TestNG.runSuitesSequentially(TestNG.java:1191)
	at org.testng.TestNG.runSuitesLocally(TestNG.java:1116)
	at org.testng.TestNG.run(TestNG.java:1024)
	at org.apache.maven.surefire.testng.TestNGExecutor.run(TestNGExecutor.java:283)
	at org.apache.maven.surefire.testng.TestNGXmlTestSuite.execute(TestNGXmlTestSuite.java:75)
	at org.apache.maven.surefire.testng.TestNGProvider.invoke(TestNGProvider.java:120)
	at org.apache.maven.surefire.booter.ForkedBooter.invokeProviderInSameClassLoader(ForkedBooter.java:386)
	at org.apache.maven.surefire.booter.ForkedBooter.runSuitesInProcess(ForkedBooter.java:323)
	at org.apache.maven.surefire.booter.ForkedBooter.main(ForkedBooter.java:143)
]]></system-err>
  </testcase>
  <testcase name="waitSettlementCommission" classname="cashAgentTestCase.cashAgentHomeTestCase" time="12.997"/>
  <testcase name="playerNumberTotal" classname="cashAgentTestCase.cashAgentHomeTestCase" time="30.059"/>
  <testcase name="accountBalance" classname="creditAgentTestCase.creditAgentHomeTestCase" time="13.58"/>
  <testcase name="playerArrearsTotal" classname="creditAgentTestCase.creditAgentHomeTestCase" time="10.715"/>
  <testcase name="lowerServiceArrearsTotal" classname="creditAgentTestCase.creditAgentHomeTestCase" time="10.737"/>
  <testcase name="SinceOperationsPlayerNumber" classname="creditAgentTestCase.creditAgentHomeTestCase" time="12.303">
    <failure message="expected [true] but found [false]" type="java.lang.AssertionError">java.lang.AssertionError: expected [true] but found [false]
	at creditAgentTestCase.creditAgentHomeTestCase.SinceOperationsPlayerNumber(creditAgentHomeTestCase.java:116)
</failure>
    <system-out><![CDATA[首页自运营玩家：37
玩家账号管理玩家：37 
]]></system-out>
    <system-err><![CDATA[Starting ChromeDriver 2.45.615291 (ec3682e3c9061c10f26ea9e5cdcf3c53f3f74387) on port 1609
Only local connections are allowed.
三月 28, 2019 7:24:59 下午 org.openqa.selenium.remote.ProtocolHandshake createSession
信息: Attempting bi-dialect session, assuming Postel's Law holds true on the remote end
三月 28, 2019 7:25:01 下午 org.openqa.selenium.remote.ProtocolHandshake createSession
信息: Detected dialect: OSS
java.lang.AssertionError: expected [37 ] but found [37]
	at org.testng.Assert.fail(Assert.java:94)
	at org.testng.Assert.failNotEquals(Assert.java:496)
	at org.testng.Assert.assertEquals(Assert.java:125)
	at org.testng.Assert.assertEquals(Assert.java:167)
	at listenerPackage.Assertion.verifyEquals(Assertion.java:21)
	at creditAgentTestCase.creditAgentHomeTestCase.SinceOperationsPlayerNumber(creditAgentHomeTestCase.java:115)
	at sun.reflect.NativeMethodAccessorImpl.invoke0(Native Method)
	at sun.reflect.NativeMethodAccessorImpl.invoke(NativeMethodAccessorImpl.java:62)
	at sun.reflect.DelegatingMethodAccessorImpl.invoke(DelegatingMethodAccessorImpl.java:43)
	at java.lang.reflect.Method.invoke(Method.java:498)
	at org.testng.internal.MethodInvocationHelper.invokeMethod(MethodInvocationHelper.java:85)
	at org.testng.internal.Invoker.invokeMethod(Invoker.java:639)
	at org.testng.internal.Invoker.invokeTestMethod(Invoker.java:816)
	at org.testng.internal.Invoker.invokeTestMethods(Invoker.java:1124)
	at org.testng.internal.TestMethodWorker.invokeTestMethods(TestMethodWorker.java:125)
	at org.testng.internal.TestMethodWorker.run(TestMethodWorker.java:108)
	at org.testng.TestRunner.privateRun(TestRunner.java:774)
	at org.testng.TestRunner.run(TestRunner.java:624)
	at org.testng.SuiteRunner.runTest(SuiteRunner.java:359)
	at org.testng.SuiteRunner.runSequentially(SuiteRunner.java:354)
	at org.testng.SuiteRunner.privateRun(SuiteRunner.java:312)
	at org.testng.SuiteRunner.run(SuiteRunner.java:261)
	at org.testng.SuiteRunnerWorker.runSuite(SuiteRunnerWorker.java:52)
	at org.testng.SuiteRunnerWorker.run(SuiteRunnerWorker.java:86)
	at org.testng.TestNG.runSuitesSequentially(TestNG.java:1191)
	at org.testng.TestNG.runSuitesLocally(TestNG.java:1116)
	at org.testng.TestNG.run(TestNG.java:1024)
	at org.apache.maven.surefire.testng.TestNGExecutor.run(TestNGExecutor.java:283)
	at org.apache.maven.surefire.testng.TestNGXmlTestSuite.execute(TestNGXmlTestSuite.java:75)
	at org.apache.maven.surefire.testng.TestNGProvider.invoke(TestNGProvider.java:120)
	at org.apache.maven.surefire.booter.ForkedBooter.invokeProviderInSameClassLoader(ForkedBooter.java:386)
	at org.apache.maven.surefire.booter.ForkedBooter.runSuitesInProcess(ForkedBooter.java:323)
	at org.apache.maven.surefire.booter.ForkedBooter.main(ForkedBooter.java:143)
]]></system-err>
  </testcase>
  <testcase name="lowerSinceOperationsAgentNumber" classname="creditAgentTestCase.creditAgentHomeTestCase" time="19.365">
    <failure message="no such element: Unable to locate element: {&quot;method&quot;:&quot;xpath&quot;,&quot;selector&quot;:&quot;/html/body/div[6]/div[1]/div[1]/ul/li[2]/span&quot;}&#10;  (Session info: chrome=73.0.3683.86)&#10;  (Driver info: chromedriver=2.45.615291 (ec3682e3c9061c10f26ea9e5cdcf3c53f3f74387),platform=Windows NT 10.0.17134 x86_64) (WARNING: The server did not provide any stacktrace information)&#10;Command duration or timeout: 10.03 seconds&#10;For documentation on this error, please visit: http://seleniumhq.org/exceptions/no_such_element.html&#10;Build info: version: &apos;3.0.0&apos;, revision: &apos;350cf60&apos;, time: &apos;2016-10-13 10:48:57 -0700&apos;&#10;System info: host: &apos;DESKTOP-NDF1E9V&apos;, ip: &apos;192.168.232.1&apos;, os.name: &apos;Windows 10&apos;, os.arch: &apos;amd64&apos;, os.version: &apos;10.0&apos;, java.version: &apos;1.8.0_191&apos;&#10;Driver info: org.openqa.selenium.chrome.ChromeDriver&#10;Capabilities [{mobileEmulationEnabled=false, timeouts={implicit=0, pageLoad=300000, script=30000}, hasTouchScreen=false, platform=XP, acceptSslCerts=false, goog:chromeOptions={debuggerAddress=localhost:31938}, acceptInsecureCerts=false, webStorageEnabled=true, browserName=chrome, takesScreenshot=true, javascriptEnabled=true, setWindowRect=true, unexpectedAlertBehaviour=ignore, applicationCacheEnabled=false, rotatable=false, networkConnectionEnabled=false, chrome={chromedriverVersion=2.45.615291 (ec3682e3c9061c10f26ea9e5cdcf3c53f3f74387), userDataDir=C:\Users\jtc\AppData\Local\Temp\scoped_dir37700_18791}, takesHeapSnapshot=true, pageLoadStrategy=normal, strictFileInteractability=false, databaseEnabled=false, handlesAlerts=true, version=73.0.3683.86, browserConnectionEnabled=false, proxy={}, nativeEvents=true, locationContextEnabled=true, cssSelectorsEnabled=true}]&#10;Session ID: 6b4099f76ee5c21c44fc287e3ee43e56&#10;*** Element info: {Using=xpath, value=/html/body/div[6]/div[1]/div[1]/ul/li[2]/span}" type="org.openqa.selenium.NoSuchElementException">org.openqa.selenium.NoSuchElementException: 
no such element: Unable to locate element: {"method":"xpath","selector":"/html/body/div[6]/div[1]/div[1]/ul/li[2]/span"}
  (Session info: chrome=73.0.3683.86)
  (Driver info: chromedriver=2.45.615291 (ec3682e3c9061c10f26ea9e5cdcf3c53f3f74387),platform=Windows NT 10.0.17134 x86_64) (WARNING: The server did not provide any stacktrace information)
Command duration or timeout: 10.03 seconds
For documentation on this error, please visit: http://seleniumhq.org/exceptions/no_such_element.html
Build info: version: '3.0.0', revision: '350cf60', time: '2016-10-13 10:48:57 -0700'
System info: host: 'DESKTOP-NDF1E9V', ip: '192.168.232.1', os.name: 'Windows 10', os.arch: 'amd64', os.version: '10.0', java.version: '1.8.0_191'
Driver info: org.openqa.selenium.chrome.ChromeDriver
Capabilities [{mobileEmulationEnabled=false, timeouts={implicit=0, pageLoad=300000, script=30000}, hasTouchScreen=false, platform=XP, acceptSslCerts=false, goog:chromeOptions={debuggerAddress=localhost:31938}, acceptInsecureCerts=false, webStorageEnabled=true, browserName=chrome, takesScreenshot=true, javascriptEnabled=true, setWindowRect=true, unexpectedAlertBehaviour=ignore, applicationCacheEnabled=false, rotatable=false, networkConnectionEnabled=false, chrome={chromedriverVersion=2.45.615291 (ec3682e3c9061c10f26ea9e5cdcf3c53f3f74387), userDataDir=C:\Users\jtc\AppData\Local\Temp\scoped_dir37700_18791}, takesHeapSnapshot=true, pageLoadStrategy=normal, strictFileInteractability=false, databaseEnabled=false, handlesAlerts=true, version=73.0.3683.86, browserConnectionEnabled=false, proxy={}, nativeEvents=true, locationContextEnabled=true, cssSelectorsEnabled=true}]
Session ID: 6b4099f76ee5c21c44fc287e3ee43e56
*** Element info: {Using=xpath, value=/html/body/div[6]/div[1]/div[1]/ul/li[2]/span}
	at creditAgentTestCase.creditAgentHomeTestCase.lowerSinceOperationsAgentNumber(creditAgentHomeTestCase.java:135)
</failure>
    <system-out><![CDATA[首页下级自运营代理人数：2
]]></system-out>
    <system-err><![CDATA[Starting ChromeDriver 2.45.615291 (ec3682e3c9061c10f26ea9e5cdcf3c53f3f74387) on port 9848
Only local connections are allowed.
三月 28, 2019 7:25:12 下午 org.openqa.selenium.remote.ProtocolHandshake createSession
信息: Attempting bi-dialect session, assuming Postel's Law holds true on the remote end
三月 28, 2019 7:25:13 下午 org.openqa.selenium.remote.ProtocolHandshake createSession
信息: Detected dialect: OSS
]]></system-err>
  </testcase>
  <testcase name="newPlayer" classname="creditAgentTestCase.creditAgentPlayerTestCase" time="15.731"/>
</testsuite>