-------------------------------------------------------------------------------
Test set: TestSuite
-------------------------------------------------------------------------------
Tests run: 4, Failures: 1, Errors: 0, Skipped: 0, Time elapsed: 44.015 s <<< FAILURE! - in TestSuite
ServiceFeeIncome(GameTestCase.HomeUnlimitedGoldTest)  Time elapsed: 8.212 s  <<< FAILURE!
java.lang.AssertionError: expected [绠＄灏瓒?] but found [管理员小超]
	at GameTestCase.HomeUnlimitedGoldTest.ServiceFeeIncome(HomeUnlimitedGoldTest.java:27)

