<?xml version="1.0" encoding="UTF-8"?>
<testng-results skipped="0" failed="1" total="7" passed="6">
  <reporter-output>
  </reporter-output>
  <suite name="All Test Suite" duration-ms="111565" started-at="2019-02-14T08:09:23Z" finished-at="2019-02-14T08:11:15Z">
    <groups>
    </groups>
    <test name="C:/Users/jtc/IdeaProjects/game" duration-ms="111565" started-at="2019-02-14T08:09:23Z" finished-at="2019-02-14T08:11:15Z">
      <class name="GameTestCase.HomeUnlimitedGoldTest">
        <test-method status="PASS" signature="ServiceFeeIncome()[pri:2, instance:GameTestCase.HomeUnlimitedGoldTest@275710fc]" name="ServiceFeeIncome" duration-ms="10989" started-at="2019-02-14T15:09:44Z" finished-at="2019-02-14T15:09:55Z">
          <reporter-output>
          </reporter-output>
        </test-method> <!-- ServiceFeeIncome -->
        <test-method status="PASS" signature="SinceBusinessOperationsTotalArrears()[pri:4, instance:GameTestCase.HomeUnlimitedGoldTest@275710fc]" name="SinceBusinessOperationsTotalArrears" duration-ms="14372" started-at="2019-02-14T15:09:55Z" finished-at="2019-02-14T15:10:09Z">
          <reporter-output>
          </reporter-output>
        </test-method> <!-- SinceBusinessOperationsTotalArrears -->
      </class> <!-- GameTestCase.HomeUnlimitedGoldTest -->
      <class name="GameTestCase.HomeCashPromotionTest">
        <test-method status="PASS" signature="TodaySystemWinOrLose()[pri:1, instance:GameTestCase.HomeCashPromotionTest@55040f2f]" name="TodaySystemWinOrLose" duration-ms="11537" started-at="2019-02-14T15:09:23Z" finished-at="2019-02-14T15:09:35Z">
          <reporter-output>
          </reporter-output>
        </test-method> <!-- TodaySystemWinOrLose -->
        <test-method status="PASS" signature="TodayGenerateCommission()[pri:3, instance:GameTestCase.HomeCashPromotionTest@55040f2f]" name="TodayGenerateCommission" duration-ms="8894" started-at="2019-02-14T15:09:35Z" finished-at="2019-02-14T15:09:44Z">
          <reporter-output>
          </reporter-output>
        </test-method> <!-- TodayGenerateCommission -->
      </class> <!-- GameTestCase.HomeCashPromotionTest -->
      <class name="GameTestCase.PlayersManagementTest">
        <test-method status="FAIL" signature="CompiledPlayer()[pri:1, instance:GameTestCase.PlayersManagementTest@525f1e4e]" name="CompiledPlayer" duration-ms="30093" started-at="2019-02-14T15:10:09Z" finished-at="2019-02-14T15:10:39Z">
          <exception class="java.lang.AssertionError">
            <message>
              <![CDATA[expected [true] but found [false]]]>
            </message>
            <full-stacktrace>
              <![CDATA[java.lang.AssertionError: expected [true] but found [false]
	at org.testng.Assert.fail(Assert.java:94)
	at org.testng.Assert.failNotEquals(Assert.java:496)
	at org.testng.Assert.assertTrue(Assert.java:42)
	at org.testng.Assert.assertTrue(Assert.java:52)
	at GameTestCase.PlayersManagementTest.CompiledPlayer(PlayersManagementTest.java:162)
	at sun.reflect.NativeMethodAccessorImpl.invoke0(Native Method)
	at sun.reflect.NativeMethodAccessorImpl.invoke(NativeMethodAccessorImpl.java:62)
	at sun.reflect.DelegatingMethodAccessorImpl.invoke(DelegatingMethodAccessorImpl.java:43)
	at java.lang.reflect.Method.invoke(Method.java:498)
	at org.testng.internal.MethodInvocationHelper.invokeMethod(MethodInvocationHelper.java:85)
	at org.testng.internal.Invoker.invokeMethod(Invoker.java:639)
	at org.testng.internal.Invoker.invokeTestMethod(Invoker.java:816)
	at org.testng.internal.Invoker.invokeTestMethods(Invoker.java:1124)
	at org.testng.internal.TestMethodWorker.invokeTestMethods(TestMethodWorker.java:125)
	at org.testng.internal.TestMethodWorker.run(TestMethodWorker.java:108)
	at org.testng.TestRunner.privateRun(TestRunner.java:774)
	at org.testng.TestRunner.run(TestRunner.java:624)
	at org.testng.SuiteRunner.runTest(SuiteRunner.java:359)
	at org.testng.SuiteRunner.runSequentially(SuiteRunner.java:354)
	at org.testng.SuiteRunner.privateRun(SuiteRunner.java:312)
	at org.testng.SuiteRunner.run(SuiteRunner.java:261)
	at org.testng.SuiteRunnerWorker.runSuite(SuiteRunnerWorker.java:52)
	at org.testng.SuiteRunnerWorker.run(SuiteRunnerWorker.java:86)
	at org.testng.TestNG.runSuitesSequentially(TestNG.java:1191)
	at org.testng.TestNG.runSuitesLocally(TestNG.java:1116)
	at org.testng.TestNG.run(TestNG.java:1024)
	at org.apache.maven.surefire.testng.TestNGExecutor.run(TestNGExecutor.java:283)
	at org.apache.maven.surefire.testng.TestNGXmlTestSuite.execute(TestNGXmlTestSuite.java:75)
	at org.apache.maven.surefire.testng.TestNGProvider.invoke(TestNGProvider.java:120)
	at org.apache.maven.surefire.booter.ForkedBooter.invokeProviderInSameClassLoader(ForkedBooter.java:383)
	at org.apache.maven.surefire.booter.ForkedBooter.runSuitesInProcess(ForkedBooter.java:344)
	at org.apache.maven.surefire.booter.ForkedBooter.execute(ForkedBooter.java:125)
	at org.apache.maven.surefire.booter.ForkedBooter.main(ForkedBooter.java:417)
]]>
            </full-stacktrace>
          </exception> <!-- java.lang.AssertionError -->
          <reporter-output>
          </reporter-output>
        </test-method> <!-- CompiledPlayer -->
        <test-method status="PASS" signature="PlayersAccountManagement()[pri:2, instance:GameTestCase.PlayersManagementTest@525f1e4e]" name="PlayersAccountManagement" duration-ms="17743" started-at="2019-02-14T15:10:39Z" finished-at="2019-02-14T15:10:57Z">
          <reporter-output>
          </reporter-output>
        </test-method> <!-- PlayersAccountManagement -->
        <test-method status="PASS" signature="PlayerName()[pri:3, instance:GameTestCase.PlayersManagementTest@525f1e4e]" name="PlayerName" duration-ms="17773" started-at="2019-02-14T15:10:57Z" finished-at="2019-02-14T15:11:15Z">
          <reporter-output>
          </reporter-output>
        </test-method> <!-- PlayerName -->
      </class> <!-- GameTestCase.PlayersManagementTest -->
    </test> <!-- C:/Users/jtc/IdeaProjects/game -->
  </suite> <!-- All Test Suite -->
</testng-results>
