<?xml version="1.0" encoding="UTF-8"?>
<testng-results skipped="0" failed="2" total="22" passed="20">
  <reporter-output>
  </reporter-output>
  <suite name="All Test Suite" duration-ms="554340" started-at="2019-03-07T09:14:20Z" finished-at="2019-03-07T09:23:34Z">
    <groups>
    </groups>
    <test name="C:/Users/jtc/IdeaProjects/game" duration-ms="554340" started-at="2019-03-07T09:14:20Z" finished-at="2019-03-07T09:23:34Z">
      <class name="AgentManagement.CashAgentDetail">
        <test-method status="PASS" signature="immediateLowerAgentNumber()[pri:1, instance:AgentManagement.CashAgentDetail@46894dc5]" name="immediateLowerAgentNumber" duration-ms="25264" started-at="2019-03-07T16:19:35Z" finished-at="2019-03-07T16:20:01Z">
          <reporter-output>
          </reporter-output>
        </test-method> <!-- immediateLowerAgentNumber -->
        <test-method status="PASS" signature="DirectPushPlayerNumber()[pri:2, instance:AgentManagement.CashAgentDetail@46894dc5]" name="DirectPushPlayerNumber" duration-ms="25332" started-at="2019-03-07T16:20:01Z" finished-at="2019-03-07T16:20:26Z">
          <reporter-output>
          </reporter-output>
        </test-method> <!-- DirectPushPlayerNumber -->
        <test-method status="PASS" signature="taxTotal()[pri:3, instance:AgentManagement.CashAgentDetail@46894dc5]" name="taxTotal" duration-ms="30769" started-at="2019-03-07T16:20:26Z" finished-at="2019-03-07T16:20:57Z">
          <reporter-output>
          </reporter-output>
        </test-method> <!-- taxTotal -->
        <test-method status="PASS" signature="promotionCommissionTotal()[pri:4, instance:AgentManagement.CashAgentDetail@46894dc5]" name="promotionCommissionTotal" duration-ms="30822" started-at="2019-03-07T16:20:57Z" finished-at="2019-03-07T16:21:28Z">
          <reporter-output>
          </reporter-output>
        </test-method> <!-- promotionCommissionTotal -->
        <test-method status="PASS" signature="acceptRedEnvelopeTotal()[pri:5, instance:AgentManagement.CashAgentDetail@46894dc5]" name="acceptRedEnvelopeTotal" duration-ms="31644" started-at="2019-03-07T16:21:28Z" finished-at="2019-03-07T16:21:59Z">
          <reporter-output>
          </reporter-output>
        </test-method> <!-- acceptRedEnvelopeTotal -->
        <test-method status="PASS" signature="addWithdrawalMoney()[pri:6, instance:AgentManagement.CashAgentDetail@46894dc5]" name="addWithdrawalMoney" duration-ms="31703" started-at="2019-03-07T16:21:59Z" finished-at="2019-03-07T16:22:31Z">
          <reporter-output>
          </reporter-output>
        </test-method> <!-- addWithdrawalMoney -->
        <test-method status="PASS" signature="commissionAccountBalance()[pri:7, instance:AgentManagement.CashAgentDetail@46894dc5]" name="commissionAccountBalance" duration-ms="31476" started-at="2019-03-07T16:22:31Z" finished-at="2019-03-07T16:23:03Z">
          <reporter-output>
          </reporter-output>
        </test-method> <!-- commissionAccountBalance -->
        <test-method status="FAIL" signature="rechargeBalance()[pri:8, instance:AgentManagement.CashAgentDetail@46894dc5]" name="rechargeBalance" duration-ms="31642" started-at="2019-03-07T16:23:03Z" finished-at="2019-03-07T16:23:34Z">
          <exception class="java.lang.AssertionError">
            <message>
              <![CDATA[expected [true] but found [false]]]>
            </message>
            <full-stacktrace>
              <![CDATA[java.lang.AssertionError: expected [true] but found [false]
	at org.testng.Assert.fail(Assert.java:94)
	at org.testng.Assert.failNotEquals(Assert.java:496)
	at org.testng.Assert.assertTrue(Assert.java:42)
	at org.testng.Assert.assertTrue(Assert.java:52)
	at AgentManagement.CashAgentDetail.rechargeBalance(CashAgentDetail.java:369)
	at sun.reflect.NativeMethodAccessorImpl.invoke0(Native Method)
	at sun.reflect.NativeMethodAccessorImpl.invoke(NativeMethodAccessorImpl.java:62)
	at sun.reflect.DelegatingMethodAccessorImpl.invoke(DelegatingMethodAccessorImpl.java:43)
	at java.lang.reflect.Method.invoke(Method.java:498)
	at org.testng.internal.MethodInvocationHelper.invokeMethod(MethodInvocationHelper.java:85)
	at org.testng.internal.Invoker.invokeMethod(Invoker.java:639)
	at org.testng.internal.Invoker.invokeTestMethod(Invoker.java:816)
	at org.testng.internal.Invoker.invokeTestMethods(Invoker.java:1124)
	at org.testng.internal.TestMethodWorker.invokeTestMethods(TestMethodWorker.java:125)
	at org.testng.internal.TestMethodWorker.run(TestMethodWorker.java:108)
	at org.testng.TestRunner.privateRun(TestRunner.java:774)
	at org.testng.TestRunner.run(TestRunner.java:624)
	at org.testng.SuiteRunner.runTest(SuiteRunner.java:359)
	at org.testng.SuiteRunner.runSequentially(SuiteRunner.java:354)
	at org.testng.SuiteRunner.privateRun(SuiteRunner.java:312)
	at org.testng.SuiteRunner.run(SuiteRunner.java:261)
	at org.testng.SuiteRunnerWorker.runSuite(SuiteRunnerWorker.java:52)
	at org.testng.SuiteRunnerWorker.run(SuiteRunnerWorker.java:86)
	at org.testng.TestNG.runSuitesSequentially(TestNG.java:1191)
	at org.testng.TestNG.runSuitesLocally(TestNG.java:1116)
	at org.testng.TestNG.run(TestNG.java:1024)
	at org.apache.maven.surefire.testng.TestNGExecutor.run(TestNGExecutor.java:283)
	at org.apache.maven.surefire.testng.TestNGXmlTestSuite.execute(TestNGXmlTestSuite.java:75)
	at org.apache.maven.surefire.testng.TestNGProvider.invoke(TestNGProvider.java:120)
	at org.apache.maven.surefire.booter.ForkedBooter.invokeProviderInSameClassLoader(ForkedBooter.java:386)
	at org.apache.maven.surefire.booter.ForkedBooter.runSuitesInProcess(ForkedBooter.java:323)
	at org.apache.maven.surefire.booter.ForkedBooter.main(ForkedBooter.java:143)
]]>
            </full-stacktrace>
          </exception> <!-- java.lang.AssertionError -->
          <reporter-output>
          </reporter-output>
        </test-method> <!-- rechargeBalance -->
      </class> <!-- AgentManagement.CashAgentDetail -->
      <class name="AgentManagement.CashBusinessDetail">
        <test-method status="PASS" signature="immediateLowerAgentNumber()[pri:1, instance:AgentManagement.CashBusinessDetail@26865b57]" name="immediateLowerAgentNumber" duration-ms="27154" started-at="2019-03-07T16:16:26Z" finished-at="2019-03-07T16:16:53Z">
          <reporter-output>
          </reporter-output>
        </test-method> <!-- immediateLowerAgentNumber -->
        <test-method status="PASS" signature="taxTotal()[pri:2, instance:AgentManagement.CashBusinessDetail@26865b57]" name="taxTotal" duration-ms="27716" started-at="2019-03-07T16:16:53Z" finished-at="2019-03-07T16:17:21Z">
          <reporter-output>
          </reporter-output>
        </test-method> <!-- taxTotal -->
        <test-method status="PASS" signature="alreadySettlementMoney()[pri:3, instance:AgentManagement.CashBusinessDetail@26865b57]" name="alreadySettlementMoney" duration-ms="27882" started-at="2019-03-07T16:17:21Z" finished-at="2019-03-07T16:17:49Z">
          <reporter-output>
          </reporter-output>
        </test-method> <!-- alreadySettlementMoney -->
        <test-method status="PASS" signature="waitWithdrawMoney()[pri:4, instance:AgentManagement.CashBusinessDetail@26865b57]" name="waitWithdrawMoney" duration-ms="27668" started-at="2019-03-07T16:17:49Z" finished-at="2019-03-07T16:18:17Z">
          <reporter-output>
          </reporter-output>
        </test-method> <!-- waitWithdrawMoney -->
        <test-method status="FAIL" signature="rechargeBalance()[pri:5, instance:AgentManagement.CashBusinessDetail@26865b57]" name="rechargeBalance" duration-ms="27780" started-at="2019-03-07T16:18:17Z" finished-at="2019-03-07T16:18:45Z">
          <exception class="java.lang.AssertionError">
            <message>
              <![CDATA[expected [true] but found [false]]]>
            </message>
            <full-stacktrace>
              <![CDATA[java.lang.AssertionError: expected [true] but found [false]
	at org.testng.Assert.fail(Assert.java:94)
	at org.testng.Assert.failNotEquals(Assert.java:496)
	at org.testng.Assert.assertTrue(Assert.java:42)
	at org.testng.Assert.assertTrue(Assert.java:52)
	at AgentManagement.CashBusinessDetail.rechargeBalance(CashBusinessDetail.java:231)
	at sun.reflect.NativeMethodAccessorImpl.invoke0(Native Method)
	at sun.reflect.NativeMethodAccessorImpl.invoke(NativeMethodAccessorImpl.java:62)
	at sun.reflect.DelegatingMethodAccessorImpl.invoke(DelegatingMethodAccessorImpl.java:43)
	at java.lang.reflect.Method.invoke(Method.java:498)
	at org.testng.internal.MethodInvocationHelper.invokeMethod(MethodInvocationHelper.java:85)
	at org.testng.internal.Invoker.invokeMethod(Invoker.java:639)
	at org.testng.internal.Invoker.invokeTestMethod(Invoker.java:816)
	at org.testng.internal.Invoker.invokeTestMethods(Invoker.java:1124)
	at org.testng.internal.TestMethodWorker.invokeTestMethods(TestMethodWorker.java:125)
	at org.testng.internal.TestMethodWorker.run(TestMethodWorker.java:108)
	at org.testng.TestRunner.privateRun(TestRunner.java:774)
	at org.testng.TestRunner.run(TestRunner.java:624)
	at org.testng.SuiteRunner.runTest(SuiteRunner.java:359)
	at org.testng.SuiteRunner.runSequentially(SuiteRunner.java:354)
	at org.testng.SuiteRunner.privateRun(SuiteRunner.java:312)
	at org.testng.SuiteRunner.run(SuiteRunner.java:261)
	at org.testng.SuiteRunnerWorker.runSuite(SuiteRunnerWorker.java:52)
	at org.testng.SuiteRunnerWorker.run(SuiteRunnerWorker.java:86)
	at org.testng.TestNG.runSuitesSequentially(TestNG.java:1191)
	at org.testng.TestNG.runSuitesLocally(TestNG.java:1116)
	at org.testng.TestNG.run(TestNG.java:1024)
	at org.apache.maven.surefire.testng.TestNGExecutor.run(TestNGExecutor.java:283)
	at org.apache.maven.surefire.testng.TestNGXmlTestSuite.execute(TestNGXmlTestSuite.java:75)
	at org.apache.maven.surefire.testng.TestNGProvider.invoke(TestNGProvider.java:120)
	at org.apache.maven.surefire.booter.ForkedBooter.invokeProviderInSameClassLoader(ForkedBooter.java:386)
	at org.apache.maven.surefire.booter.ForkedBooter.runSuitesInProcess(ForkedBooter.java:323)
	at org.apache.maven.surefire.booter.ForkedBooter.main(ForkedBooter.java:143)
]]>
            </full-stacktrace>
          </exception> <!-- java.lang.AssertionError -->
          <reporter-output>
          </reporter-output>
        </test-method> <!-- rechargeBalance -->
        <test-method status="PASS" signature="onlineRechargeCredit()[pri:6, instance:AgentManagement.CashBusinessDetail@26865b57]" name="onlineRechargeCredit" duration-ms="25918" started-at="2019-03-07T16:18:45Z" finished-at="2019-03-07T16:19:11Z">
          <reporter-output>
          </reporter-output>
        </test-method> <!-- onlineRechargeCredit -->
        <test-method status="PASS" signature="onlineWithdrawCredit()[pri:7, instance:AgentManagement.CashBusinessDetail@26865b57]" name="onlineWithdrawCredit" duration-ms="24772" started-at="2019-03-07T16:19:11Z" finished-at="2019-03-07T16:19:35Z">
          <reporter-output>
          </reporter-output>
        </test-method> <!-- onlineWithdrawCredit -->
      </class> <!-- AgentManagement.CashBusinessDetail -->
      <class name="InbetAdminTestCase.AdminHomeTest">
        <test-method status="PASS" signature="serviceFeeIncome()[pri:1, instance:InbetAdminTestCase.AdminHomeTest@7d626f2]" name="serviceFeeIncome" duration-ms="21698" started-at="2019-03-07T16:14:20Z" finished-at="2019-03-07T16:14:42Z">
          <reporter-output>
          </reporter-output>
        </test-method> <!-- serviceFeeIncome -->
        <test-method status="PASS" signature="sinceBusinessOperationsTotalArrears()[pri:2, instance:InbetAdminTestCase.AdminHomeTest@7d626f2]" name="sinceBusinessOperationsTotalArrears" duration-ms="17993" started-at="2019-03-07T16:14:42Z" finished-at="2019-03-07T16:15:00Z">
          <reporter-output>
          </reporter-output>
        </test-method> <!-- sinceBusinessOperationsTotalArrears -->
        <test-method status="PASS" signature="businessMoneyTotal()[pri:3, instance:InbetAdminTestCase.AdminHomeTest@7d626f2]" name="businessMoneyTotal" duration-ms="17924" started-at="2019-03-07T16:15:00Z" finished-at="2019-03-07T16:15:18Z">
          <reporter-output>
          </reporter-output>
        </test-method> <!-- businessMoneyTotal -->
        <test-method status="PASS" signature="playerNumber()[pri:4, instance:InbetAdminTestCase.AdminHomeTest@7d626f2]" name="playerNumber" duration-ms="18827" started-at="2019-03-07T16:15:18Z" finished-at="2019-03-07T16:15:37Z">
          <reporter-output>
          </reporter-output>
        </test-method> <!-- playerNumber -->
        <test-method status="PASS" signature="systemWinOrLose()[pri:5, instance:InbetAdminTestCase.AdminHomeTest@7d626f2]" name="systemWinOrLose" duration-ms="17907" started-at="2019-03-07T16:15:37Z" finished-at="2019-03-07T16:15:55Z">
          <reporter-output>
          </reporter-output>
        </test-method> <!-- systemWinOrLose -->
        <test-method status="PASS" signature="todayCommission()[pri:7, instance:InbetAdminTestCase.AdminHomeTest@7d626f2]" name="todayCommission" duration-ms="15743" started-at="2019-03-07T16:15:55Z" finished-at="2019-03-07T16:16:11Z">
          <reporter-output>
          </reporter-output>
        </test-method> <!-- todayCommission -->
        <test-method status="PASS" signature="totalCommission()[pri:8, instance:InbetAdminTestCase.AdminHomeTest@7d626f2]" name="totalCommission" duration-ms="15735" started-at="2019-03-07T16:16:11Z" finished-at="2019-03-07T16:16:26Z">
          <reporter-output>
          </reporter-output>
        </test-method> <!-- totalCommission -->
      </class> <!-- InbetAdminTestCase.AdminHomeTest -->
    </test> <!-- C:/Users/jtc/IdeaProjects/game -->
  </suite> <!-- All Test Suite -->
</testng-results>
