<?xml version="1.0" encoding="UTF-8"?>
<testng-results skipped="0" failed="1" total="4" passed="3">
  <reporter-output>
  </reporter-output>
  <suite name="All Test Suite" duration-ms="43291" started-at="2019-02-12T10:02:10Z" finished-at="2019-02-12T10:02:54Z">
    <groups>
    </groups>
    <test name="C:/Users/jtc/IdeaProjects/game" duration-ms="43291" started-at="2019-02-12T10:02:10Z" finished-at="2019-02-12T10:02:54Z">
      <class name="GameTestCase.HomeUnlimitedGoldTest">
        <test-method status="FAIL" signature="ServiceFeeIncome()[pri:0, instance:GameTestCase.HomeUnlimitedGoldTest@1a052a00]" name="ServiceFeeIncome" duration-ms="8206" started-at="2019-02-12T17:02:31Z" finished-at="2019-02-12T17:02:39Z">
          <exception class="java.lang.AssertionError">
            <message>
              <![CDATA[expected [绠＄悊鍛樺皬瓒�] but found [管理员小超]]]>
            </message>
            <full-stacktrace>
              <![CDATA[java.lang.AssertionError: expected [绠＄悊鍛樺皬瓒�] but found [管理员小超]
	at org.testng.Assert.fail(Assert.java:94)
	at org.testng.Assert.failNotEquals(Assert.java:496)
	at org.testng.Assert.assertEquals(Assert.java:125)
	at org.testng.Assert.assertEquals(Assert.java:178)
	at org.testng.Assert.assertEquals(Assert.java:188)
	at GameTestCase.HomeUnlimitedGoldTest.ServiceFeeIncome(HomeUnlimitedGoldTest.java:27)
	at sun.reflect.NativeMethodAccessorImpl.invoke0(Native Method)
	at sun.reflect.NativeMethodAccessorImpl.invoke(NativeMethodAccessorImpl.java:62)
	at sun.reflect.DelegatingMethodAccessorImpl.invoke(DelegatingMethodAccessorImpl.java:43)
	at java.lang.reflect.Method.invoke(Method.java:498)
	at org.testng.internal.MethodInvocationHelper.invokeMethod(MethodInvocationHelper.java:85)
	at org.testng.internal.Invoker.invokeMethod(Invoker.java:639)
	at org.testng.internal.Invoker.invokeTestMethod(Invoker.java:816)
	at org.testng.internal.Invoker.invokeTestMethods(Invoker.java:1124)
	at org.testng.internal.TestMethodWorker.invokeTestMethods(TestMethodWorker.java:125)
	at org.testng.internal.TestMethodWorker.run(TestMethodWorker.java:108)
	at org.testng.TestRunner.privateRun(TestRunner.java:774)
	at org.testng.TestRunner.run(TestRunner.java:624)
	at org.testng.SuiteRunner.runTest(SuiteRunner.java:359)
	at org.testng.SuiteRunner.runSequentially(SuiteRunner.java:354)
	at org.testng.SuiteRunner.privateRun(SuiteRunner.java:312)
	at org.testng.SuiteRunner.run(SuiteRunner.java:261)
	at org.testng.SuiteRunnerWorker.runSuite(SuiteRunnerWorker.java:52)
	at org.testng.SuiteRunnerWorker.run(SuiteRunnerWorker.java:86)
	at org.testng.TestNG.runSuitesSequentially(TestNG.java:1191)
	at org.testng.TestNG.runSuitesLocally(TestNG.java:1116)
	at org.testng.TestNG.run(TestNG.java:1024)
	at org.apache.maven.surefire.testng.TestNGExecutor.run(TestNGExecutor.java:283)
	at org.apache.maven.surefire.testng.TestNGXmlTestSuite.execute(TestNGXmlTestSuite.java:75)
	at org.apache.maven.surefire.testng.TestNGProvider.invoke(TestNGProvider.java:120)
	at org.apache.maven.surefire.booter.ForkedBooter.invokeProviderInSameClassLoader(ForkedBooter.java:383)
	at org.apache.maven.surefire.booter.ForkedBooter.runSuitesInProcess(ForkedBooter.java:344)
	at org.apache.maven.surefire.booter.ForkedBooter.execute(ForkedBooter.java:125)
	at org.apache.maven.surefire.booter.ForkedBooter.main(ForkedBooter.java:417)
]]>
            </full-stacktrace>
          </exception> <!-- java.lang.AssertionError -->
          <reporter-output>
          </reporter-output>
        </test-method> <!-- ServiceFeeIncome -->
        <test-method status="PASS" signature="SinceBusinessOperationsTotalArrears()[pri:0, instance:GameTestCase.HomeUnlimitedGoldTest@1a052a00]" name="SinceBusinessOperationsTotalArrears" duration-ms="14375" started-at="2019-02-12T17:02:39Z" finished-at="2019-02-12T17:02:54Z">
          <reporter-output>
          </reporter-output>
        </test-method> <!-- SinceBusinessOperationsTotalArrears -->
      </class> <!-- GameTestCase.HomeUnlimitedGoldTest -->
      <class name="GameTestCase.HomeCashPromotionTest">
        <test-method status="PASS" signature="TodayGenerateCommission()[pri:0, instance:GameTestCase.HomeCashPromotionTest@7bb58ca3]" name="TodayGenerateCommission" duration-ms="9449" started-at="2019-02-12T17:02:10Z" finished-at="2019-02-12T17:02:20Z">
          <reporter-output>
          </reporter-output>
        </test-method> <!-- TodayGenerateCommission -->
        <test-method status="PASS" signature="TodaySystemWinOrLose()[pri:0, instance:GameTestCase.HomeCashPromotionTest@7bb58ca3]" name="TodaySystemWinOrLose" duration-ms="11120" started-at="2019-02-12T17:02:20Z" finished-at="2019-02-12T17:02:31Z">
          <reporter-output>
          </reporter-output>
        </test-method> <!-- TodaySystemWinOrLose -->
      </class> <!-- GameTestCase.HomeCashPromotionTest -->
    </test> <!-- C:/Users/jtc/IdeaProjects/game -->
  </suite> <!-- All Test Suite -->
</testng-results>
