<?xml version="1.0" encoding="UTF-8"?>
<testsuite xmlns:xsi="http://www.w3.org/2001/XMLSchema-instance" xsi:noNamespaceSchemaLocation="https://maven.apache.org/surefire/maven-surefire-plugin/xsd/surefire-test-report.xsd" name="TestSuite" time="514.823" tests="69" errors="0" skipped="0" failures="8">
  <properties>
[...]
</properties>
  <testcase name="serviceIncomeToday" classname="Admin.AdminHomeTestCase" time="3.299"/>
  <testcase name="sinceBusinessOperationsTotalArrears" classname="Admin.AdminHomeTestCase" time="6.843"/>
  <testcase name="playerNumber" classname="Admin.AdminHomeTestCase" time="6.674"/>
  <testcase name="systemWinOrLose" classname="Admin.AdminHomeTestCase" time="6.61"/>
  <testcase name="todayCommission" classname="Admin.AdminHomeTestCase" time="6.593"/>
  <testcase name="rechargeMoneyToday" classname="Admin.AdminHomeTestCase" time="6.755"/>
  <testcase name="withdrawMoneyToday" classname="Admin.AdminHomeTestCase" time="6.835"/>
  <testcase name="waitRechargeCommission" classname="Admin.AdminHomeTestCase" time="6.687"/>
  <testcase name="playerNumberDetail" classname="Admin.AdminHomeTestCase" time="8.942"/>
  <testcase name="BusinessPlayerTotal" classname="Admin.BusinessDetailCashTestCase" time="6.474">
    <failure message="expected [true] but found [false]" type="java.lang.AssertionError">java.lang.AssertionError: expected [true] but found [false]
	at Admin.BusinessDetailCashTestCase.BusinessPlayerTotal(BusinessDetailCashTestCase.java:66)
</failure>
    <system-out><![CDATA[商户推广玩家总数(减去测试玩家)：878
玩家管理商户人数：888
]]></system-out>
    <system-err><![CDATA[java.lang.AssertionError: expected [888] but found [878]
	at org.testng.Assert.fail(Assert.java:94)
	at org.testng.Assert.failNotEquals(Assert.java:496)
	at org.testng.Assert.assertEquals(Assert.java:125)
	at org.testng.Assert.assertEquals(Assert.java:167)
	at ListenerPackage.Assertion.verifyEquals(Assertion.java:21)
	at Admin.BusinessDetailCashTestCase.BusinessPlayerTotal(BusinessDetailCashTestCase.java:65)
	at sun.reflect.NativeMethodAccessorImpl.invoke0(Native Method)
	at sun.reflect.NativeMethodAccessorImpl.invoke(NativeMethodAccessorImpl.java:62)
	at sun.reflect.DelegatingMethodAccessorImpl.invoke(DelegatingMethodAccessorImpl.java:43)
	at java.lang.reflect.Method.invoke(Method.java:498)
	at org.testng.internal.MethodInvocationHelper.invokeMethod(MethodInvocationHelper.java:85)
	at org.testng.internal.Invoker.invokeMethod(Invoker.java:639)
	at org.testng.internal.Invoker.invokeTestMethod(Invoker.java:816)
	at org.testng.internal.Invoker.invokeTestMethods(Invoker.java:1124)
	at org.testng.internal.TestMethodWorker.invokeTestMethods(TestMethodWorker.java:125)
	at org.testng.internal.TestMethodWorker.run(TestMethodWorker.java:108)
	at org.testng.TestRunner.privateRun(TestRunner.java:774)
	at org.testng.TestRunner.run(TestRunner.java:624)
	at org.testng.SuiteRunner.runTest(SuiteRunner.java:359)
	at org.testng.SuiteRunner.runSequentially(SuiteRunner.java:354)
	at org.testng.SuiteRunner.privateRun(SuiteRunner.java:312)
	at org.testng.SuiteRunner.run(SuiteRunner.java:261)
	at org.testng.SuiteRunnerWorker.runSuite(SuiteRunnerWorker.java:52)
	at org.testng.SuiteRunnerWorker.run(SuiteRunnerWorker.java:86)
	at org.testng.TestNG.runSuitesSequentially(TestNG.java:1191)
	at org.testng.TestNG.runSuitesLocally(TestNG.java:1116)
	at org.testng.TestNG.run(TestNG.java:1024)
	at org.apache.maven.surefire.testng.TestNGExecutor.run(TestNGExecutor.java:283)
	at org.apache.maven.surefire.testng.TestNGXmlTestSuite.execute(TestNGXmlTestSuite.java:75)
	at org.apache.maven.surefire.testng.TestNGProvider.invoke(TestNGProvider.java:120)
	at org.apache.maven.surefire.booter.ForkedBooter.invokeProviderInSameClassLoader(ForkedBooter.java:386)
	at org.apache.maven.surefire.booter.ForkedBooter.runSuitesInProcess(ForkedBooter.java:323)
	at org.apache.maven.surefire.booter.ForkedBooter.main(ForkedBooter.java:143)
]]></system-err>
  </testcase>
  <testcase name="ImmediateLowerNumber" classname="Admin.BusinessDetailCashTestCase" time="5.646"/>
  <testcase name="taxTotal" classname="Admin.BusinessDetailCashTestCase" time="5.19">
    <failure type="java.lang.NullPointerException">java.lang.NullPointerException
	at Admin.BusinessDetailCashTestCase.taxTotal(BusinessDetailCashTestCase.java:145)
</failure>
    <system-out><![CDATA[现金商户税收总计:105,244.53
下级经营明细税收总计：105,252.44
现金游戏输赢今日税收：
]]></system-out>
  </testcase>
  <testcase name="BusinessCommissionTotal" classname="Admin.BusinessDetailCashTestCase" time="9.449">
    <failure message="expected [true] but found [false]" type="java.lang.AssertionError">java.lang.AssertionError: expected [true] but found [false]
	at Admin.BusinessDetailCashTestCase.BusinessCommissionTotal(BusinessDetailCashTestCase.java:206)
</failure>
    <system-out><![CDATA[首页今日佣金：4.42
下级经营明细所有商户佣金总计：28875.82
代理商户佣金总计：28871.39
]]></system-out>
    <system-err><![CDATA[java.lang.AssertionError: expected [28875.82] but found [28875.81]
	at org.testng.Assert.fail(Assert.java:94)
	at org.testng.Assert.failNotEquals(Assert.java:496)
	at org.testng.Assert.assertEquals(Assert.java:125)
	at org.testng.Assert.assertEquals(Assert.java:167)
	at ListenerPackage.Assertion.verifyEquals(Assertion.java:21)
	at Admin.BusinessDetailCashTestCase.BusinessCommissionTotal(BusinessDetailCashTestCase.java:205)
	at sun.reflect.NativeMethodAccessorImpl.invoke0(Native Method)
	at sun.reflect.NativeMethodAccessorImpl.invoke(NativeMethodAccessorImpl.java:62)
	at sun.reflect.DelegatingMethodAccessorImpl.invoke(DelegatingMethodAccessorImpl.java:43)
	at java.lang.reflect.Method.invoke(Method.java:498)
	at org.testng.internal.MethodInvocationHelper.invokeMethod(MethodInvocationHelper.java:85)
	at org.testng.internal.Invoker.invokeMethod(Invoker.java:639)
	at org.testng.internal.Invoker.invokeTestMethod(Invoker.java:816)
	at org.testng.internal.Invoker.invokeTestMethods(Invoker.java:1124)
	at org.testng.internal.TestMethodWorker.invokeTestMethods(TestMethodWorker.java:125)
	at org.testng.internal.TestMethodWorker.run(TestMethodWorker.java:108)
	at org.testng.TestRunner.privateRun(TestRunner.java:774)
	at org.testng.TestRunner.run(TestRunner.java:624)
	at org.testng.SuiteRunner.runTest(SuiteRunner.java:359)
	at org.testng.SuiteRunner.runSequentially(SuiteRunner.java:354)
	at org.testng.SuiteRunner.privateRun(SuiteRunner.java:312)
	at org.testng.SuiteRunner.run(SuiteRunner.java:261)
	at org.testng.SuiteRunnerWorker.runSuite(SuiteRunnerWorker.java:52)
	at org.testng.SuiteRunnerWorker.run(SuiteRunnerWorker.java:86)
	at org.testng.TestNG.runSuitesSequentially(TestNG.java:1191)
	at org.testng.TestNG.runSuitesLocally(TestNG.java:1116)
	at org.testng.TestNG.run(TestNG.java:1024)
	at org.apache.maven.surefire.testng.TestNGExecutor.run(TestNGExecutor.java:283)
	at org.apache.maven.surefire.testng.TestNGXmlTestSuite.execute(TestNGXmlTestSuite.java:75)
	at org.apache.maven.surefire.testng.TestNGProvider.invoke(TestNGProvider.java:120)
	at org.apache.maven.surefire.booter.ForkedBooter.invokeProviderInSameClassLoader(ForkedBooter.java:386)
	at org.apache.maven.surefire.booter.ForkedBooter.runSuitesInProcess(ForkedBooter.java:323)
	at org.apache.maven.surefire.booter.ForkedBooter.main(ForkedBooter.java:143)
]]></system-err>
  </testcase>
  <testcase name="creditExplorerServiceHistoryTotal" classname="Admin.BusinessDetailCreditTestCase" time="17.256"/>
  <testcase name="creditExplorerAccountBalance" classname="Admin.BusinessDetailCreditTestCase" time="17.082"/>
  <testcase name="creditBusinessServiceHistoryTotal" classname="Admin.BusinessDetailCreditTestCase" time="19.369"/>
  <testcase name="creditBusinessServiceAccountBalance" classname="Admin.BusinessDetailCreditTestCase" time="19.126"/>
  <testcase name="creditAgentServiceHistoryTotal" classname="Admin.BusinessDetailCreditTestCase" time="19.286"/>
  <testcase name="creditAgentServiceAccountBalance" classname="Admin.BusinessDetailCreditTestCase" time="19.241"/>
  <testcase name="loginNumber" classname="Admin.ModeComplexStatisticsCashTestCase" time="5.536"/>
  <testcase name="registeredNumber" classname="Admin.ModeComplexStatisticsCashTestCase" time="5.916"/>
  <testcase name="rechargeTotalToday" classname="Admin.ModeComplexStatisticsCashTestCase" time="6.959"/>
  <testcase name="rechargeNumberTotal" classname="Admin.ModeComplexStatisticsCashTestCase" time="6.971"/>
  <testcase name="newRechargeMoney" classname="Admin.ModeComplexStatisticsCashTestCase" time="5.973"/>
  <testcase name="registeredNumber" classname="Admin.ModeComplexStatisticsCreditTestCase" time="5.578"/>
  <testcase name="loginNumber" classname="Admin.ModeComplexStatisticsCreditTestCase" time="5.708"/>
  <testcase name="Bet" classname="Admin.ModeComplexStatisticsCreditTestCase" time="5.582"/>
  <testcase name="serviceMoney" classname="Admin.ModeComplexStatisticsCreditTestCase" time="15.821">
    <failure message="no such element: Unable to locate element: {&quot;method&quot;:&quot;xpath&quot;,&quot;selector&quot;:&quot;//*[@id=&quot;root&quot;]/section/section/main/div[2]/div[2]/div[2]/div[1]/div/div[2]/div[1]/div/div[1]/div[3]/span[2]&quot;}&#10;  (Session info: chrome=73.0.3683.103)&#10;  (Driver info: chromedriver=2.45.615291 (ec3682e3c9061c10f26ea9e5cdcf3c53f3f74387),platform=Windows NT 10.0.17134 x86_64) (WARNING: The server did not provide any stacktrace information)&#10;Command duration or timeout: 10.03 seconds&#10;For documentation on this error, please visit: http://seleniumhq.org/exceptions/no_such_element.html&#10;Build info: version: &apos;3.0.0&apos;, revision: &apos;350cf60&apos;, time: &apos;2016-10-13 10:48:57 -0700&apos;&#10;System info: host: &apos;DESKTOP-NDF1E9V&apos;, ip: &apos;192.168.1.252&apos;, os.name: &apos;Windows 10&apos;, os.arch: &apos;amd64&apos;, os.version: &apos;10.0&apos;, java.version: &apos;1.8.0_191&apos;&#10;Driver info: org.openqa.selenium.chrome.ChromeDriver&#10;Capabilities [{mobileEmulationEnabled=false, timeouts={implicit=0, pageLoad=300000, script=30000}, hasTouchScreen=false, platform=XP, acceptSslCerts=false, goog:chromeOptions={debuggerAddress=localhost:45467}, acceptInsecureCerts=false, webStorageEnabled=true, browserName=chrome, takesScreenshot=true, javascriptEnabled=true, setWindowRect=true, unexpectedAlertBehaviour=ignore, applicationCacheEnabled=false, rotatable=false, networkConnectionEnabled=false, chrome={chromedriverVersion=2.45.615291 (ec3682e3c9061c10f26ea9e5cdcf3c53f3f74387), userDataDir=C:\Users\jtc\AppData\Local\Temp\scoped_dir19236_10744}, takesHeapSnapshot=true, pageLoadStrategy=normal, strictFileInteractability=false, databaseEnabled=false, handlesAlerts=true, version=73.0.3683.103, browserConnectionEnabled=false, proxy={}, nativeEvents=true, locationContextEnabled=true, cssSelectorsEnabled=true}]&#10;Session ID: 334babe5040e01d5576e9b6b374d0157&#10;*** Element info: {Using=xpath, value=//*[@id=&quot;root&quot;]/section/section/main/div[2]/div[2]/div[2]/div[1]/div/div[2]/div[1]/div/div[1]/div[3]/span[2]}" type="org.openqa.selenium.NoSuchElementException">org.openqa.selenium.NoSuchElementException: 
no such element: Unable to locate element: {"method":"xpath","selector":"//*[@id="root"]/section/section/main/div[2]/div[2]/div[2]/div[1]/div/div[2]/div[1]/div/div[1]/div[3]/span[2]"}
  (Session info: chrome=73.0.3683.103)
  (Driver info: chromedriver=2.45.615291 (ec3682e3c9061c10f26ea9e5cdcf3c53f3f74387),platform=Windows NT 10.0.17134 x86_64) (WARNING: The server did not provide any stacktrace information)
Command duration or timeout: 10.03 seconds
For documentation on this error, please visit: http://seleniumhq.org/exceptions/no_such_element.html
Build info: version: '3.0.0', revision: '350cf60', time: '2016-10-13 10:48:57 -0700'
System info: host: 'DESKTOP-NDF1E9V', ip: '192.168.1.252', os.name: 'Windows 10', os.arch: 'amd64', os.version: '10.0', java.version: '1.8.0_191'
Driver info: org.openqa.selenium.chrome.ChromeDriver
Capabilities [{mobileEmulationEnabled=false, timeouts={implicit=0, pageLoad=300000, script=30000}, hasTouchScreen=false, platform=XP, acceptSslCerts=false, goog:chromeOptions={debuggerAddress=localhost:45467}, acceptInsecureCerts=false, webStorageEnabled=true, browserName=chrome, takesScreenshot=true, javascriptEnabled=true, setWindowRect=true, unexpectedAlertBehaviour=ignore, applicationCacheEnabled=false, rotatable=false, networkConnectionEnabled=false, chrome={chromedriverVersion=2.45.615291 (ec3682e3c9061c10f26ea9e5cdcf3c53f3f74387), userDataDir=C:\Users\jtc\AppData\Local\Temp\scoped_dir19236_10744}, takesHeapSnapshot=true, pageLoadStrategy=normal, strictFileInteractability=false, databaseEnabled=false, handlesAlerts=true, version=73.0.3683.103, browserConnectionEnabled=false, proxy={}, nativeEvents=true, locationContextEnabled=true, cssSelectorsEnabled=true}]
Session ID: 334babe5040e01d5576e9b6b374d0157
*** Element info: {Using=xpath, value=//*[@id="root"]/section/section/main/div[2]/div[2]/div[2]/div[1]/div/div[2]/div[1]/div/div[1]/div[3]/span[2]}
	at Admin.ModeComplexStatisticsCreditTestCase.serviceMoney(ModeComplexStatisticsCreditTestCase.java:182)
</failure>
    <system-out><![CDATA[信用模式综合统计今日服务费：0.00
]]></system-out>
  </testcase>
  <testcase name="waitWithdrawCommission" classname="Admin.LowerCommissionSettlementRecord" time="17.728">
    <failure message="no such element: Unable to locate element: {&quot;method&quot;:&quot;xpath&quot;,&quot;selector&quot;:&quot;/html/body/div[4]/div/div[2]/div[1]/div/form/div[3]/div/div/input&quot;}&#10;  (Session info: chrome=73.0.3683.103)&#10;  (Driver info: chromedriver=2.45.615291 (ec3682e3c9061c10f26ea9e5cdcf3c53f3f74387),platform=Windows NT 10.0.17134 x86_64) (WARNING: The server did not provide any stacktrace information)&#10;Command duration or timeout: 10.02 seconds&#10;For documentation on this error, please visit: http://seleniumhq.org/exceptions/no_such_element.html&#10;Build info: version: &apos;3.0.0&apos;, revision: &apos;350cf60&apos;, time: &apos;2016-10-13 10:48:57 -0700&apos;&#10;System info: host: &apos;DESKTOP-NDF1E9V&apos;, ip: &apos;192.168.137.1&apos;, os.name: &apos;Windows 10&apos;, os.arch: &apos;amd64&apos;, os.version: &apos;10.0&apos;, java.version: &apos;1.8.0_191&apos;&#10;Driver info: org.openqa.selenium.chrome.ChromeDriver&#10;Capabilities [{mobileEmulationEnabled=false, timeouts={implicit=0, pageLoad=300000, script=30000}, hasTouchScreen=false, platform=XP, acceptSslCerts=false, goog:chromeOptions={debuggerAddress=localhost:45467}, acceptInsecureCerts=false, webStorageEnabled=true, browserName=chrome, takesScreenshot=true, javascriptEnabled=true, setWindowRect=true, unexpectedAlertBehaviour=ignore, applicationCacheEnabled=false, rotatable=false, networkConnectionEnabled=false, chrome={chromedriverVersion=2.45.615291 (ec3682e3c9061c10f26ea9e5cdcf3c53f3f74387), userDataDir=C:\Users\jtc\AppData\Local\Temp\scoped_dir19236_10744}, takesHeapSnapshot=true, pageLoadStrategy=normal, strictFileInteractability=false, databaseEnabled=false, handlesAlerts=true, version=73.0.3683.103, browserConnectionEnabled=false, proxy={}, nativeEvents=true, locationContextEnabled=true, cssSelectorsEnabled=true}]&#10;Session ID: 334babe5040e01d5576e9b6b374d0157&#10;*** Element info: {Using=xpath, value=/html/body/div[4]/div/div[2]/div[1]/div/form/div[3]/div/div/input}" type="org.openqa.selenium.NoSuchElementException">org.openqa.selenium.NoSuchElementException: 
no such element: Unable to locate element: {"method":"xpath","selector":"/html/body/div[4]/div/div[2]/div[1]/div/form/div[3]/div/div/input"}
  (Session info: chrome=73.0.3683.103)
  (Driver info: chromedriver=2.45.615291 (ec3682e3c9061c10f26ea9e5cdcf3c53f3f74387),platform=Windows NT 10.0.17134 x86_64) (WARNING: The server did not provide any stacktrace information)
Command duration or timeout: 10.02 seconds
For documentation on this error, please visit: http://seleniumhq.org/exceptions/no_such_element.html
Build info: version: '3.0.0', revision: '350cf60', time: '2016-10-13 10:48:57 -0700'
System info: host: 'DESKTOP-NDF1E9V', ip: '192.168.137.1', os.name: 'Windows 10', os.arch: 'amd64', os.version: '10.0', java.version: '1.8.0_191'
Driver info: org.openqa.selenium.chrome.ChromeDriver
Capabilities [{mobileEmulationEnabled=false, timeouts={implicit=0, pageLoad=300000, script=30000}, hasTouchScreen=false, platform=XP, acceptSslCerts=false, goog:chromeOptions={debuggerAddress=localhost:45467}, acceptInsecureCerts=false, webStorageEnabled=true, browserName=chrome, takesScreenshot=true, javascriptEnabled=true, setWindowRect=true, unexpectedAlertBehaviour=ignore, applicationCacheEnabled=false, rotatable=false, networkConnectionEnabled=false, chrome={chromedriverVersion=2.45.615291 (ec3682e3c9061c10f26ea9e5cdcf3c53f3f74387), userDataDir=C:\Users\jtc\AppData\Local\Temp\scoped_dir19236_10744}, takesHeapSnapshot=true, pageLoadStrategy=normal, strictFileInteractability=false, databaseEnabled=false, handlesAlerts=true, version=73.0.3683.103, browserConnectionEnabled=false, proxy={}, nativeEvents=true, locationContextEnabled=true, cssSelectorsEnabled=true}]
Session ID: 334babe5040e01d5576e9b6b374d0157
*** Element info: {Using=xpath, value=/html/body/div[4]/div/div[2]/div[1]/div/form/div[3]/div/div/input}
	at Admin.LowerCommissionSettlementRecord.waitWithdrawCommission(LowerCommissionSettlementRecord.java:78)
</failure>
    <system-out><![CDATA[现金商户待提现佣金：26,794.96
]]></system-out>
  </testcase>
  <testcase name="incomeToday" classname="CashAgent.AgentHomeCashTestCase" time="2.071"/>
  <testcase name="incomeTotalMonth" classname="CashAgent.AgentHomeCashTestCase" time="8.441"/>
  <testcase name="waitSettlementCommission" classname="CashAgent.AgentHomeCashTestCase" time="5.248"/>
  <testcase name="playerNumberTotal" classname="CashAgent.AgentHomeCashTestCase" time="8.365"/>
  <testcase name="cashAgentCredit" classname="CashAgent.ChangeRecordCreditTestCase" time="2.308"/>
  <testcase name="rechargeAgentAdminCredit" classname="CashAgent.ChangeRecordCreditTestCase" time="2.158"/>
  <testcase name="rechargeAgentCredit" classname="CashAgent.ChangeRecordCreditTestCase" time="2.18"/>
  <testcase name="myCommissionAccountChange" classname="CashAgent.MyCommissionAccountChangeTestCase" time="2.433">
    <failure message="expected [true] but found [false]" type="java.lang.AssertionError">java.lang.AssertionError: expected [true] but found [false]
	at CashAgent.MyCommissionAccountChangeTestCase.myCommissionAccountChange(MyCommissionAccountChangeTestCase.java:69)
</failure>
    <system-out><![CDATA[变动金额：12.827
变动前金额：14348.942
变动后金额：14361.770
结果金额等于变动后金额：14361.769
]]></system-out>
    <system-err><![CDATA[java.lang.AssertionError: expected [14361.769] but found [14361.770]
	at org.testng.Assert.fail(Assert.java:94)
	at org.testng.Assert.failNotEquals(Assert.java:496)
	at org.testng.Assert.assertEquals(Assert.java:125)
	at org.testng.Assert.assertEquals(Assert.java:167)
	at ListenerPackage.Assertion.verifyEquals(Assertion.java:21)
	at CashAgent.MyCommissionAccountChangeTestCase.myCommissionAccountChange(MyCommissionAccountChangeTestCase.java:68)
	at sun.reflect.NativeMethodAccessorImpl.invoke0(Native Method)
	at sun.reflect.NativeMethodAccessorImpl.invoke(NativeMethodAccessorImpl.java:62)
	at sun.reflect.DelegatingMethodAccessorImpl.invoke(DelegatingMethodAccessorImpl.java:43)
	at java.lang.reflect.Method.invoke(Method.java:498)
	at org.testng.internal.MethodInvocationHelper.invokeMethod(MethodInvocationHelper.java:85)
	at org.testng.internal.Invoker.invokeMethod(Invoker.java:639)
	at org.testng.internal.Invoker.invokeTestMethod(Invoker.java:816)
	at org.testng.internal.Invoker.invokeTestMethods(Invoker.java:1124)
	at org.testng.internal.TestMethodWorker.invokeTestMethods(TestMethodWorker.java:125)
	at org.testng.internal.TestMethodWorker.run(TestMethodWorker.java:108)
	at org.testng.TestRunner.privateRun(TestRunner.java:774)
	at org.testng.TestRunner.run(TestRunner.java:624)
	at org.testng.SuiteRunner.runTest(SuiteRunner.java:359)
	at org.testng.SuiteRunner.runSequentially(SuiteRunner.java:354)
	at org.testng.SuiteRunner.privateRun(SuiteRunner.java:312)
	at org.testng.SuiteRunner.run(SuiteRunner.java:261)
	at org.testng.SuiteRunnerWorker.runSuite(SuiteRunnerWorker.java:52)
	at org.testng.SuiteRunnerWorker.run(SuiteRunnerWorker.java:86)
	at org.testng.TestNG.runSuitesSequentially(TestNG.java:1191)
	at org.testng.TestNG.runSuitesLocally(TestNG.java:1116)
	at org.testng.TestNG.run(TestNG.java:1024)
	at org.apache.maven.surefire.testng.TestNGExecutor.run(TestNGExecutor.java:283)
	at org.apache.maven.surefire.testng.TestNGXmlTestSuite.execute(TestNGXmlTestSuite.java:75)
	at org.apache.maven.surefire.testng.TestNGProvider.invoke(TestNGProvider.java:120)
	at org.apache.maven.surefire.booter.ForkedBooter.invokeProviderInSameClassLoader(ForkedBooter.java:386)
	at org.apache.maven.surefire.booter.ForkedBooter.runSuitesInProcess(ForkedBooter.java:323)
	at org.apache.maven.surefire.booter.ForkedBooter.main(ForkedBooter.java:143)
]]></system-err>
  </testcase>
  <testcase name="changeMoney" classname="CashAgent.MyCommissionAccountChangeTestCase" time="0.002"/>
  <testcase name="rechargeTotal" classname="CashAgent.PlayerAccountAdminTestCase" time="7.51"/>
  <testcase name="withdrawTotal" classname="CashAgent.PlayerAccountAdminTestCase" time="2.233"/>
  <testcase name="additionalUpPoints" classname="CashAgent.PlayerAccountAdminTestCase" time="2.24"/>
  <testcase name="incomeToday" classname="CashBusiness.BusinessHomeTestCase" time="6.235"/>
  <testcase name="incomeTotalThirty" classname="CashBusiness.BusinessHomeTestCase" time="9.405"/>
  <testcase name="waitSettlementCommission" classname="CashBusiness.BusinessHomeTestCase" time="5.297"/>
  <testcase name="lowerSpreadAgent" classname="CashBusiness.BusinessHomeTestCase" time="7.414"/>
  <testcase name="addPlayerToday" classname="CreditAgent.AgentHomeCreditTestCase" time="2.246"/>
  <testcase name="activePlayerTodayHome" classname="CreditAgent.AgentHomeCreditTestCase" time="4.488"/>
  <testcase name="systemLoseOrWinToday" classname="CreditAgent.AgentHomeCreditTestCase" time="4.412"/>
  <testcase name="myServiceAccountChangeMoney" classname="CreditAgent.MyServiceAccountChangeTestCase" time="2.235"/>
  <testcase name="changeMoney" classname="CreditAgent.MyServiceAccountChangeTestCase" time="0.042"/>
  <testcase name="accountBalance" classname="CreditBusiness.CreditBusinessHomeTestCase" time="2.115"/>
  <testcase name="serviceIncomeToday" classname="CreditBusiness.CreditBusinessHomeTestCase" time="3.19"/>
  <testcase name="agentNumber" classname="CreditBusiness.CreditBusinessHomeTestCase" time="5.268"/>
  <testcase name="myServiceAccountChangeMoney" classname="CreditBusiness.MyServiceAccountChangeTestCase" time="2.393"/>
  <testcase name="changeMoney" classname="CreditBusiness.MyServiceAccountChangeTestCase" time="0.039"/>
  <testcase name="accountBalance" classname="CreditExplorer.CreditExplorerHomeTestCase" time="2.113"/>
  <testcase name="serviceIncomeToday" classname="CreditExplorer.CreditExplorerHomeTestCase" time="10.101">
    <failure message="no such element: Unable to locate element: {&quot;method&quot;:&quot;xpath&quot;,&quot;selector&quot;:&quot;//*[@id=&quot;rest_agent_zongdai_home&quot;]/li/span&quot;}&#10;  (Session info: chrome=73.0.3683.103)&#10;  (Driver info: chromedriver=2.45.615291 (ec3682e3c9061c10f26ea9e5cdcf3c53f3f74387),platform=Windows NT 10.0.17134 x86_64) (WARNING: The server did not provide any stacktrace information)&#10;Command duration or timeout: 10.03 seconds&#10;For documentation on this error, please visit: http://seleniumhq.org/exceptions/no_such_element.html&#10;Build info: version: &apos;3.0.0&apos;, revision: &apos;350cf60&apos;, time: &apos;2016-10-13 10:48:57 -0700&apos;&#10;System info: host: &apos;DESKTOP-NDF1E9V&apos;, ip: &apos;192.168.137.1&apos;, os.name: &apos;Windows 10&apos;, os.arch: &apos;amd64&apos;, os.version: &apos;10.0&apos;, java.version: &apos;1.8.0_191&apos;&#10;Driver info: org.openqa.selenium.chrome.ChromeDriver&#10;Capabilities [{mobileEmulationEnabled=false, timeouts={implicit=0, pageLoad=300000, script=30000}, hasTouchScreen=false, platform=XP, acceptSslCerts=false, goog:chromeOptions={debuggerAddress=localhost:46174}, acceptInsecureCerts=false, webStorageEnabled=true, browserName=chrome, takesScreenshot=true, javascriptEnabled=true, setWindowRect=true, unexpectedAlertBehaviour=ignore, applicationCacheEnabled=false, rotatable=false, networkConnectionEnabled=false, chrome={chromedriverVersion=2.45.615291 (ec3682e3c9061c10f26ea9e5cdcf3c53f3f74387), userDataDir=C:\Users\jtc\AppData\Local\Temp\scoped_dir19104_12048}, takesHeapSnapshot=true, pageLoadStrategy=normal, strictFileInteractability=false, databaseEnabled=false, handlesAlerts=true, version=73.0.3683.103, browserConnectionEnabled=false, proxy={}, nativeEvents=true, locationContextEnabled=true, cssSelectorsEnabled=true}]&#10;Session ID: 89975785a2182cb4391882675afb3517&#10;*** Element info: {Using=xpath, value=//*[@id=&quot;rest_agent_zongdai_home&quot;]/li/span}" type="org.openqa.selenium.NoSuchElementException">org.openqa.selenium.NoSuchElementException: 
no such element: Unable to locate element: {"method":"xpath","selector":"//*[@id="rest_agent_zongdai_home"]/li/span"}
  (Session info: chrome=73.0.3683.103)
  (Driver info: chromedriver=2.45.615291 (ec3682e3c9061c10f26ea9e5cdcf3c53f3f74387),platform=Windows NT 10.0.17134 x86_64) (WARNING: The server did not provide any stacktrace information)
Command duration or timeout: 10.03 seconds
For documentation on this error, please visit: http://seleniumhq.org/exceptions/no_such_element.html
Build info: version: '3.0.0', revision: '350cf60', time: '2016-10-13 10:48:57 -0700'
System info: host: 'DESKTOP-NDF1E9V', ip: '192.168.137.1', os.name: 'Windows 10', os.arch: 'amd64', os.version: '10.0', java.version: '1.8.0_191'
Driver info: org.openqa.selenium.chrome.ChromeDriver
Capabilities [{mobileEmulationEnabled=false, timeouts={implicit=0, pageLoad=300000, script=30000}, hasTouchScreen=false, platform=XP, acceptSslCerts=false, goog:chromeOptions={debuggerAddress=localhost:46174}, acceptInsecureCerts=false, webStorageEnabled=true, browserName=chrome, takesScreenshot=true, javascriptEnabled=true, setWindowRect=true, unexpectedAlertBehaviour=ignore, applicationCacheEnabled=false, rotatable=false, networkConnectionEnabled=false, chrome={chromedriverVersion=2.45.615291 (ec3682e3c9061c10f26ea9e5cdcf3c53f3f74387), userDataDir=C:\Users\jtc\AppData\Local\Temp\scoped_dir19104_12048}, takesHeapSnapshot=true, pageLoadStrategy=normal, strictFileInteractability=false, databaseEnabled=false, handlesAlerts=true, version=73.0.3683.103, browserConnectionEnabled=false, proxy={}, nativeEvents=true, locationContextEnabled=true, cssSelectorsEnabled=true}]
Session ID: 89975785a2182cb4391882675afb3517
*** Element info: {Using=xpath, value=//*[@id="rest_agent_zongdai_home"]/li/span}
	at CreditExplorer.CreditExplorerHomeTestCase.serviceIncomeToday(CreditExplorerHomeTestCase.java:85)
</failure>
  </testcase>
  <testcase name="agentNumber" classname="CreditExplorer.CreditExplorerHomeTestCase" time="10.106">
    <failure message="no such element: Unable to locate element: {&quot;method&quot;:&quot;xpath&quot;,&quot;selector&quot;:&quot;//*[@id=&quot;rest_agent_zongdai_home&quot;]/li/span&quot;}&#10;  (Session info: chrome=73.0.3683.103)&#10;  (Driver info: chromedriver=2.45.615291 (ec3682e3c9061c10f26ea9e5cdcf3c53f3f74387),platform=Windows NT 10.0.17134 x86_64) (WARNING: The server did not provide any stacktrace information)&#10;Command duration or timeout: 10.03 seconds&#10;For documentation on this error, please visit: http://seleniumhq.org/exceptions/no_such_element.html&#10;Build info: version: &apos;3.0.0&apos;, revision: &apos;350cf60&apos;, time: &apos;2016-10-13 10:48:57 -0700&apos;&#10;System info: host: &apos;DESKTOP-NDF1E9V&apos;, ip: &apos;192.168.137.1&apos;, os.name: &apos;Windows 10&apos;, os.arch: &apos;amd64&apos;, os.version: &apos;10.0&apos;, java.version: &apos;1.8.0_191&apos;&#10;Driver info: org.openqa.selenium.chrome.ChromeDriver&#10;Capabilities [{mobileEmulationEnabled=false, timeouts={implicit=0, pageLoad=300000, script=30000}, hasTouchScreen=false, platform=XP, acceptSslCerts=false, goog:chromeOptions={debuggerAddress=localhost:46174}, acceptInsecureCerts=false, webStorageEnabled=true, browserName=chrome, takesScreenshot=true, javascriptEnabled=true, setWindowRect=true, unexpectedAlertBehaviour=ignore, applicationCacheEnabled=false, rotatable=false, networkConnectionEnabled=false, chrome={chromedriverVersion=2.45.615291 (ec3682e3c9061c10f26ea9e5cdcf3c53f3f74387), userDataDir=C:\Users\jtc\AppData\Local\Temp\scoped_dir19104_12048}, takesHeapSnapshot=true, pageLoadStrategy=normal, strictFileInteractability=false, databaseEnabled=false, handlesAlerts=true, version=73.0.3683.103, browserConnectionEnabled=false, proxy={}, nativeEvents=true, locationContextEnabled=true, cssSelectorsEnabled=true}]&#10;Session ID: 89975785a2182cb4391882675afb3517&#10;*** Element info: {Using=xpath, value=//*[@id=&quot;rest_agent_zongdai_home&quot;]/li/span}" type="org.openqa.selenium.NoSuchElementException">org.openqa.selenium.NoSuchElementException: 
no such element: Unable to locate element: {"method":"xpath","selector":"//*[@id="rest_agent_zongdai_home"]/li/span"}
  (Session info: chrome=73.0.3683.103)
  (Driver info: chromedriver=2.45.615291 (ec3682e3c9061c10f26ea9e5cdcf3c53f3f74387),platform=Windows NT 10.0.17134 x86_64) (WARNING: The server did not provide any stacktrace information)
Command duration or timeout: 10.03 seconds
For documentation on this error, please visit: http://seleniumhq.org/exceptions/no_such_element.html
Build info: version: '3.0.0', revision: '350cf60', time: '2016-10-13 10:48:57 -0700'
System info: host: 'DESKTOP-NDF1E9V', ip: '192.168.137.1', os.name: 'Windows 10', os.arch: 'amd64', os.version: '10.0', java.version: '1.8.0_191'
Driver info: org.openqa.selenium.chrome.ChromeDriver
Capabilities [{mobileEmulationEnabled=false, timeouts={implicit=0, pageLoad=300000, script=30000}, hasTouchScreen=false, platform=XP, acceptSslCerts=false, goog:chromeOptions={debuggerAddress=localhost:46174}, acceptInsecureCerts=false, webStorageEnabled=true, browserName=chrome, takesScreenshot=true, javascriptEnabled=true, setWindowRect=true, unexpectedAlertBehaviour=ignore, applicationCacheEnabled=false, rotatable=false, networkConnectionEnabled=false, chrome={chromedriverVersion=2.45.615291 (ec3682e3c9061c10f26ea9e5cdcf3c53f3f74387), userDataDir=C:\Users\jtc\AppData\Local\Temp\scoped_dir19104_12048}, takesHeapSnapshot=true, pageLoadStrategy=normal, strictFileInteractability=false, databaseEnabled=false, handlesAlerts=true, version=73.0.3683.103, browserConnectionEnabled=false, proxy={}, nativeEvents=true, locationContextEnabled=true, cssSelectorsEnabled=true}]
Session ID: 89975785a2182cb4391882675afb3517
*** Element info: {Using=xpath, value=//*[@id="rest_agent_zongdai_home"]/li/span}
	at CreditExplorer.CreditExplorerHomeTestCase.agentNumber(CreditExplorerHomeTestCase.java:129)
</failure>
  </testcase>
  <testcase name="EnableOrDisable" classname="CreditExplorer.CreditModelAgentTestCase" time="4.385"/>
  <testcase name="serviceTotalDesc" classname="CreditExplorer.CreditModelAgentTestCase" time="6.443"/>
  <testcase name="serviceTotalAsc" classname="CreditExplorer.CreditModelAgentTestCase" time="2.204"/>
  <testcase name="accountBalanceDesc" classname="CreditExplorer.CreditModelAgentTestCase" time="2.228"/>
  <testcase name="setAccountBalanceAsc" classname="CreditExplorer.CreditModelAgentTestCase" time="2.194"/>
  <testcase name="registeredNumber" classname="CreditExplorer.GeneralStatisticsTestCase" time="4.37"/>
  <testcase name="loginNumber" classname="CreditExplorer.GeneralStatisticsTestCase" time="4.54"/>
  <testcase name="Bet" classname="CreditExplorer.GeneralStatisticsTestCase" time="4.431"/>
  <testcase name="serviceToday" classname="CreditExplorer.GeneralStatisticsTestCase" time="5.489"/>
  <testcase name="myServiceAccountChangeMoney" classname="CreditExplorer.MyServiceAccountChangeTestCase" time="2.408"/>
  <testcase name="changeMoney" classname="CreditExplorer.MyServiceAccountChangeTestCase" time="0.039"/>
</testsuite>