-------------------------------------------------------------------------------
Test set: TestSuite
-------------------------------------------------------------------------------
Tests run: 7, Failures: 1, Errors: 0, Skipped: 0, Time elapsed: 112.722 s <<< FAILURE! - in TestSuite
CompiledPlayer(GameTestCase.PlayersManagementTest)  Time elapsed: 30.161 s  <<< FAILURE!
java.lang.AssertionError: expected [true] but found [false]
	at GameTestCase.PlayersManagementTest.CompiledPlayer(PlayersManagementTest.java:162)

