<?xml version="1.0" encoding="UTF-8"?>
<testng-results skipped="0" failed="1" total="1" passed="0">
  <reporter-output>
  </reporter-output>
  <suite name="All Test Suite" duration-ms="10950" started-at="2019-02-12T04:47:07Z" finished-at="2019-02-12T04:47:18Z">
    <groups>
    </groups>
    <test name="C:/Users/jtc/IdeaProjects/game" duration-ms="10950" started-at="2019-02-12T04:47:07Z" finished-at="2019-02-12T04:47:18Z">
      <class name="GameTestCase.HomePlatformGoldNumberTest">
        <test-method status="PASS" signature="beforelogin()[pri:0, instance:GameTestCase.HomePlatformGoldNumberTest@4c40b76e]" name="beforelogin" is-config="true" duration-ms="6320" started-at="2019-02-12T11:47:07Z" finished-at="2019-02-12T11:47:14Z">
          <reporter-output>
          </reporter-output>
        </test-method> <!-- beforelogin -->
        <test-method status="FAIL" signature="GoldNumber()[pri:0, instance:GameTestCase.HomePlatformGoldNumberTest@4c40b76e]" name="GoldNumber" duration-ms="4505" started-at="2019-02-12T11:47:14Z" finished-at="2019-02-12T11:47:18Z">
          <exception class="java.lang.AssertionError">
            <message>
              <![CDATA[expected [绠＄悊鍛樺皬瓒�] but found [管理员小超]]]>
            </message>
            <full-stacktrace>
              <![CDATA[java.lang.AssertionError: expected [绠＄悊鍛樺皬瓒�] but found [管理员小超]
	at org.testng.Assert.fail(Assert.java:94)
	at org.testng.Assert.failNotEquals(Assert.java:496)
	at org.testng.Assert.assertEquals(Assert.java:125)
	at org.testng.Assert.assertEquals(Assert.java:178)
	at org.testng.Assert.assertEquals(Assert.java:188)
	at GameTestCase.HomePlatformGoldNumberTest.GoldNumber(HomePlatformGoldNumberTest.java:34)
	at sun.reflect.NativeMethodAccessorImpl.invoke0(Native Method)
	at sun.reflect.NativeMethodAccessorImpl.invoke(NativeMethodAccessorImpl.java:62)
	at sun.reflect.DelegatingMethodAccessorImpl.invoke(DelegatingMethodAccessorImpl.java:43)
	at java.lang.reflect.Method.invoke(Method.java:498)
	at org.testng.internal.MethodInvocationHelper.invokeMethod(MethodInvocationHelper.java:85)
	at org.testng.internal.Invoker.invokeMethod(Invoker.java:639)
	at org.testng.internal.Invoker.invokeTestMethod(Invoker.java:816)
	at org.testng.internal.Invoker.invokeTestMethods(Invoker.java:1124)
	at org.testng.internal.TestMethodWorker.invokeTestMethods(TestMethodWorker.java:125)
	at org.testng.internal.TestMethodWorker.run(TestMethodWorker.java:108)
	at org.testng.TestRunner.privateRun(TestRunner.java:774)
	at org.testng.TestRunner.run(TestRunner.java:624)
	at org.testng.SuiteRunner.runTest(SuiteRunner.java:359)
	at org.testng.SuiteRunner.runSequentially(SuiteRunner.java:354)
	at org.testng.SuiteRunner.privateRun(SuiteRunner.java:312)
	at org.testng.SuiteRunner.run(SuiteRunner.java:261)
	at org.testng.SuiteRunnerWorker.runSuite(SuiteRunnerWorker.java:52)
	at org.testng.SuiteRunnerWorker.run(SuiteRunnerWorker.java:86)
	at org.testng.TestNG.runSuitesSequentially(TestNG.java:1191)
	at org.testng.TestNG.runSuitesLocally(TestNG.java:1116)
	at org.testng.TestNG.run(TestNG.java:1024)
	at org.apache.maven.surefire.testng.TestNGExecutor.run(TestNGExecutor.java:283)
	at org.apache.maven.surefire.testng.TestNGXmlTestSuite.execute(TestNGXmlTestSuite.java:75)
	at org.apache.maven.surefire.testng.TestNGProvider.invoke(TestNGProvider.java:120)
	at org.apache.maven.surefire.booter.ForkedBooter.invokeProviderInSameClassLoader(ForkedBooter.java:383)
	at org.apache.maven.surefire.booter.ForkedBooter.runSuitesInProcess(ForkedBooter.java:344)
	at org.apache.maven.surefire.booter.ForkedBooter.execute(ForkedBooter.java:125)
	at org.apache.maven.surefire.booter.ForkedBooter.main(ForkedBooter.java:417)
]]>
            </full-stacktrace>
          </exception> <!-- java.lang.AssertionError -->
          <reporter-output>
          </reporter-output>
        </test-method> <!-- GoldNumber -->
        <test-method status="PASS" signature="afterlogin()[pri:0, instance:GameTestCase.HomePlatformGoldNumberTest@4c40b76e]" name="afterlogin" is-config="true" duration-ms="1" started-at="2019-02-12T11:47:18Z" finished-at="2019-02-12T11:47:18Z">
          <reporter-output>
          </reporter-output>
        </test-method> <!-- afterlogin -->
      </class> <!-- GameTestCase.HomePlatformGoldNumberTest -->
    </test> <!-- C:/Users/jtc/IdeaProjects/game -->
  </suite> <!-- All Test Suite -->
</testng-results>
