<?xml version="1.0" encoding="UTF-8"?>
<testsuite xmlns:xsi="http://www.w3.org/2001/XMLSchema-instance" xsi:noNamespaceSchemaLocation="https://maven.apache.org/surefire/maven-surefire-plugin/xsd/surefire-test-report.xsd" name="TestSuite" time="11.955" tests="1" errors="0" skipped="0" failures="1">
  <properties>
[...]
</properties>
  <testcase name="GoldNumber" classname="GameTestCase.HomePlatformGoldNumberTest" time="4.511">
    <failure message="expected [绠＄悊鍛樺皬瓒�] but found [管理员小超]" type="java.lang.AssertionError">java.lang.AssertionError: expected [绠＄悊鍛樺皬瓒�] but found [管理员小超]
	at GameTestCase.HomePlatformGoldNumberTest.GoldNumber(HomePlatformGoldNumberTest.java:34)
</failure>
    <system-err><![CDATA[Starting ChromeDriver 2.45.615291 (ec3682e3c9061c10f26ea9e5cdcf3c53f3f74387) on port 2769
Only local connections are allowed.
二月 12, 2019 11:47:10 上午 org.openqa.selenium.remote.ProtocolHandshake createSession
信息: Attempting bi-dialect session, assuming Postel's Law holds true on the remote end
log4j:WARN No appenders could be found for logger (org.apache.http.client.protocol.RequestAddCookies).
log4j:WARN Please initialize the log4j system properly.
log4j:WARN See http://logging.apache.org/log4j/1.2/faq.html#noconfig for more info.
二月 12, 2019 11:47:12 上午 org.openqa.selenium.remote.ProtocolHandshake createSession
信息: Detected dialect: OSS
]]></system-err>
  </testcase>
</testsuite>