-------------------------------------------------------------------------------
Test set: TestSuite
-------------------------------------------------------------------------------
Tests run: 30, Failures: 7, Errors: 0, Skipped: 0, Time elapsed: 806.146 s <<< FAILURE! - in TestSuite
systemWinOrLose(InbetAdminTestCase.AdminHomeTest)  Time elapsed: 15.719 s  <<< FAILURE!
java.lang.AssertionError: expected [true] but found [false]
	at InbetAdminTestCase.AdminHomeTest.systemWinOrLose(AdminHomeTest.java:161)

immediateLowerAgentNumber(AgentManagement.CashBusinessDetail)  Time elapsed: 30.469 s  <<< FAILURE!
org.openqa.selenium.NoSuchElementException: 
no such element: Unable to locate element: {"method":"xpath","selector":"//*[@id="root"]/section/section/main/div[2]/div[2]/div/div[1]/div/div[2]/div/div[3]/table/tbody/tr[2]/td[3]/div/a"}
  (Session info: chrome=72.0.3626.121)
  (Driver info: chromedriver=2.45.615291 (ec3682e3c9061c10f26ea9e5cdcf3c53f3f74387),platform=Windows NT 10.0.17134 x86_64) (WARNING: The server did not provide any stacktrace information)
Command duration or timeout: 10.01 seconds
For documentation on this error, please visit: http://seleniumhq.org/exceptions/no_such_element.html
Build info: version: '3.0.0', revision: '350cf60', time: '2016-10-13 10:48:57 -0700'
System info: host: 'DESKTOP-NDF1E9V', ip: '192.168.1.252', os.name: 'Windows 10', os.arch: 'amd64', os.version: '10.0', java.version: '1.8.0_191'
Driver info: org.openqa.selenium.chrome.ChromeDriver
Capabilities [{mobileEmulationEnabled=false, timeouts={implicit=0, pageLoad=300000, script=30000}, hasTouchScreen=false, platform=XP, acceptSslCerts=false, goog:chromeOptions={debuggerAddress=localhost:61142}, acceptInsecureCerts=false, webStorageEnabled=true, browserName=chrome, takesScreenshot=true, javascriptEnabled=true, setWindowRect=true, unexpectedAlertBehaviour=ignore, applicationCacheEnabled=false, rotatable=false, networkConnectionEnabled=false, chrome={chromedriverVersion=2.45.615291 (ec3682e3c9061c10f26ea9e5cdcf3c53f3f74387), userDataDir=C:\Users\jtc\AppData\Local\Temp\scoped_dir121508_21586}, takesHeapSnapshot=true, pageLoadStrategy=normal, strictFileInteractability=false, databaseEnabled=false, handlesAlerts=true, version=72.0.3626.121, browserConnectionEnabled=false, proxy={}, nativeEvents=true, locationContextEnabled=true, cssSelectorsEnabled=true}]
Session ID: 2ba9433523414dbe182069483af07b86
*** Element info: {Using=xpath, value=//*[@id="root"]/section/section/main/div[2]/div[2]/div/div[1]/div/div[2]/div/div[3]/table/tbody/tr[2]/td[3]/div/a}
	at AgentManagement.CashBusinessDetail.immediateLowerAgentNumber(CashBusinessDetail.java:38)

creditExplorerServiceHistoryTotal(AgentManagement.creditDetail)  Time elapsed: 27.448 s  <<< FAILURE!
java.lang.AssertionError: expected [true] but found [false]
	at AgentManagement.creditDetail.creditExplorerServiceHistoryTotal(creditDetail.java:97)

creditBusinessServiceHistoryTotal(AgentManagement.creditDetail)  Time elapsed: 33.577 s  <<< FAILURE!
java.lang.AssertionError: expected [true] but found [false]
	at AgentManagement.creditDetail.creditBusinessServiceHistoryTotal(creditDetail.java:239)

creditBusinessServiceAccountBalance(AgentManagement.creditDetail)  Time elapsed: 30.28 s  <<< FAILURE!
java.lang.AssertionError: expected [true] but found [false]
	at AgentManagement.creditDetail.creditBusinessServiceAccountBalance(creditDetail.java:289)

creditAgentServiceHistoryTotal(AgentManagement.creditDetail)  Time elapsed: 28.573 s  <<< FAILURE!
java.lang.AssertionError: expected [true] but found [false]
	at AgentManagement.creditDetail.creditAgentServiceHistoryTotal(creditDetail.java:338)

creditAgentServiceAccountBalance(AgentManagement.creditDetail)  Time elapsed: 28.655 s  <<< FAILURE!
java.lang.AssertionError: expected [true] but found [false]
	at AgentManagement.creditDetail.creditAgentServiceAccountBalance(creditDetail.java:387)

