-------------------------------------------------------------------------------
Test set: TestSuite
-------------------------------------------------------------------------------
Tests run: 14, Failures: 1, Errors: 0, Skipped: 0, Time elapsed: 291.457 s <<< FAILURE! - in TestSuite
rechargeBalance(AgentManagement.CashBusinessDetail)  Time elapsed: 26.157 s  <<< FAILURE!
java.lang.AssertionError: expected [true] but found [false]
	at AgentManagement.CashBusinessDetail.rechargeBalance(CashBusinessDetail.java:231)

