<?xml version="1.0" encoding="UTF-8"?>
<testng-results skipped="0" failed="6" total="6" passed="0">
  <reporter-output>
  </reporter-output>
  <suite name="All Test Suite" duration-ms="67157" started-at="2018-10-30T13:29:44Z" finished-at="2018-10-30T13:30:51Z">
    <groups>
    </groups>
    <test name="C:/Users/jtc/IdeaProjects/game" duration-ms="67157" started-at="2018-10-30T13:29:44Z" finished-at="2018-10-30T13:30:51Z">
      <class name="Test.playergamerecord">
        <test-method status="PASS" signature="before()[pri:0, instance:Test.playergamerecord@6e4566f1]" name="before" is-config="true" duration-ms="1277" started-at="2018-10-30T20:30:10Z" finished-at="2018-10-30T20:30:11Z">
          <reporter-output>
          </reporter-output>
        </test-method> <!-- before -->
        <test-method status="FAIL" signature="test()[pri:0, instance:Test.playergamerecord@6e4566f1]" name="test" duration-ms="7433" started-at="2018-10-30T20:30:11Z" finished-at="2018-10-30T20:30:19Z">
          <exception class="org.openqa.selenium.ElementNotVisibleException">
            <message>
              <![CDATA[Element is not currently visible and so may not be interacted with
Command duration or timeout: 61 milliseconds
Build info: version: '2.44.0', revision: '76d78cf323ce037c5f92db6c1bba601c2ac43ad8', time: '2014-10-23 13:11:40'
System info: host: 'DESKTOP-NDF1E9V', ip: '192.168.1.241', os.name: 'Windows 10', os.arch: 'amd64', os.version: '10.0', java.version: '1.8.0_191'
Driver info: org.openqa.selenium.firefox.FirefoxDriver
Capabilities [{applicationCacheEnabled=true, rotatable=false, handlesAlerts=true, databaseEnabled=true, version=33.0.2, platform=WINDOWS, nativeEvents=true, acceptSslCerts=true, webStorageEnabled=true, locationContextEnabled=true, browserName=firefox, takesScreenshot=true, javascriptEnabled=true, cssSelectorsEnabled=true}]
Session ID: dd201645-4b32-434c-8b97-a39be19722df]]>
            </message>
            <full-stacktrace>
              <![CDATA[org.openqa.selenium.ElementNotVisibleException: Element is not currently visible and so may not be interacted with
Command duration or timeout: 61 milliseconds
Build info: version: '2.44.0', revision: '76d78cf323ce037c5f92db6c1bba601c2ac43ad8', time: '2014-10-23 13:11:40'
System info: host: 'DESKTOP-NDF1E9V', ip: '192.168.1.241', os.name: 'Windows 10', os.arch: 'amd64', os.version: '10.0', java.version: '1.8.0_191'
Driver info: org.openqa.selenium.firefox.FirefoxDriver
Capabilities [{applicationCacheEnabled=true, rotatable=false, handlesAlerts=true, databaseEnabled=true, version=33.0.2, platform=WINDOWS, nativeEvents=true, acceptSslCerts=true, webStorageEnabled=true, locationContextEnabled=true, browserName=firefox, takesScreenshot=true, javascriptEnabled=true, cssSelectorsEnabled=true}]
Session ID: dd201645-4b32-434c-8b97-a39be19722df
	at sun.reflect.NativeConstructorAccessorImpl.newInstance0(Native Method)
	at sun.reflect.NativeConstructorAccessorImpl.newInstance(NativeConstructorAccessorImpl.java:62)
	at sun.reflect.DelegatingConstructorAccessorImpl.newInstance(DelegatingConstructorAccessorImpl.java:45)
	at java.lang.reflect.Constructor.newInstance(Constructor.java:423)
	at org.openqa.selenium.remote.ErrorHandler.createThrowable(ErrorHandler.java:204)
	at org.openqa.selenium.remote.ErrorHandler.throwIfResponseFailed(ErrorHandler.java:156)
	at org.openqa.selenium.remote.RemoteWebDriver.execute(RemoteWebDriver.java:599)
	at org.openqa.selenium.remote.RemoteWebElement.execute(RemoteWebElement.java:268)
	at org.openqa.selenium.remote.RemoteWebElement.click(RemoteWebElement.java:79)
	at Test.playergamerecord.test(playergamerecord.java:24)
	at sun.reflect.NativeMethodAccessorImpl.invoke0(Native Method)
	at sun.reflect.NativeMethodAccessorImpl.invoke(NativeMethodAccessorImpl.java:62)
	at sun.reflect.DelegatingMethodAccessorImpl.invoke(DelegatingMethodAccessorImpl.java:43)
	at java.lang.reflect.Method.invoke(Method.java:498)
	at org.testng.internal.MethodInvocationHelper.invokeMethod(MethodInvocationHelper.java:85)
	at org.testng.internal.Invoker.invokeMethod(Invoker.java:639)
	at org.testng.internal.Invoker.invokeTestMethod(Invoker.java:816)
	at org.testng.internal.Invoker.invokeTestMethods(Invoker.java:1124)
	at org.testng.internal.TestMethodWorker.invokeTestMethods(TestMethodWorker.java:125)
	at org.testng.internal.TestMethodWorker.run(TestMethodWorker.java:108)
	at org.testng.TestRunner.privateRun(TestRunner.java:774)
	at org.testng.TestRunner.run(TestRunner.java:624)
	at org.testng.SuiteRunner.runTest(SuiteRunner.java:359)
	at org.testng.SuiteRunner.runSequentially(SuiteRunner.java:354)
	at org.testng.SuiteRunner.privateRun(SuiteRunner.java:312)
	at org.testng.SuiteRunner.run(SuiteRunner.java:261)
	at org.testng.SuiteRunnerWorker.runSuite(SuiteRunnerWorker.java:52)
	at org.testng.SuiteRunnerWorker.run(SuiteRunnerWorker.java:86)
	at org.testng.TestNG.runSuitesSequentially(TestNG.java:1191)
	at org.testng.TestNG.runSuitesLocally(TestNG.java:1116)
	at org.testng.TestNG.run(TestNG.java:1024)
	at org.apache.maven.surefire.testng.TestNGExecutor.run(TestNGExecutor.java:283)
	at org.apache.maven.surefire.testng.TestNGXmlTestSuite.execute(TestNGXmlTestSuite.java:75)
	at org.apache.maven.surefire.testng.TestNGProvider.invoke(TestNGProvider.java:120)
	at org.apache.maven.surefire.booter.ForkedBooter.invokeProviderInSameClassLoader(ForkedBooter.java:383)
	at org.apache.maven.surefire.booter.ForkedBooter.runSuitesInProcess(ForkedBooter.java:344)
	at org.apache.maven.surefire.booter.ForkedBooter.execute(ForkedBooter.java:125)
	at org.apache.maven.surefire.booter.ForkedBooter.main(ForkedBooter.java:417)
Caused by: org.openqa.selenium.ElementNotVisibleException: Element is not currently visible and so may not be interacted with
Build info: version: '2.44.0', revision: '76d78cf323ce037c5f92db6c1bba601c2ac43ad8', time: '2014-10-23 13:11:40'
System info: host: 'DESKTOP-NDF1E9V', ip: '192.168.1.241', os.name: 'Windows 10', os.arch: 'amd64', os.version: '10.0', java.version: '1.8.0_191'
Driver info: driver.version: unknown
	at <anonymous class>.fxdriver.preconditions.visible(file:///C:/Users/jtc/AppData/Local/Temp/anonymous8132285396880408332webdriver-profile/extensions/fxdriver@googlecode.com/components/command-processor.js:8959:12)
	at <anonymous class>.DelayedCommand.prototype.checkPreconditions_(file:///C:/Users/jtc/AppData/Local/Temp/anonymous8132285396880408332webdriver-profile/extensions/fxdriver@googlecode.com/components/command-processor.js:11618:15)
	at <anonymous class>.DelayedCommand.prototype.executeInternal_/h(file:///C:/Users/jtc/AppData/Local/Temp/anonymous8132285396880408332webdriver-profile/extensions/fxdriver@googlecode.com/components/command-processor.js:11635:11)
	at <anonymous class>.DelayedCommand.prototype.executeInternal_(file:///C:/Users/jtc/AppData/Local/Temp/anonymous8132285396880408332webdriver-profile/extensions/fxdriver@googlecode.com/components/command-processor.js:11640:7)
	at <anonymous class>.DelayedCommand.prototype.execute/<(file:///C:/Users/jtc/AppData/Local/Temp/anonymous8132285396880408332webdriver-profile/extensions/fxdriver@googlecode.com/components/command-processor.js:11582:5)
]]>
            </full-stacktrace>
          </exception> <!-- org.openqa.selenium.ElementNotVisibleException -->
          <reporter-output>
          </reporter-output>
        </test-method> <!-- test -->
        <test-method status="PASS" signature="after()[pri:0, instance:Test.playergamerecord@6e4566f1]" name="after" is-config="true" duration-ms="116" started-at="2018-10-30T20:30:19Z" finished-at="2018-10-30T20:30:19Z">
          <reporter-output>
          </reporter-output>
        </test-method> <!-- after -->
      </class> <!-- Test.playergamerecord -->
      <class name="Test.playeraccountmanagement">
        <test-method status="PASS" signature="before()[pri:0, instance:Test.playeraccountmanagement@7dda48d9]" name="before" is-config="true" duration-ms="1256" started-at="2018-10-30T20:30:01Z" finished-at="2018-10-30T20:30:02Z">
          <reporter-output>
          </reporter-output>
        </test-method> <!-- before -->
        <test-method status="FAIL" signature="test()[pri:0, instance:Test.playeraccountmanagement@7dda48d9]" name="test" duration-ms="7899" started-at="2018-10-30T20:30:02Z" finished-at="2018-10-30T20:30:10Z">
          <exception class="org.openqa.selenium.NoSuchElementException">
            <message>
              <![CDATA[Unable to locate element: {"method":"xpath","selector":".//*[@id='root']/section/section/main/div[2]/div[2]/div/form/div[2]/div/div/input"}
Command duration or timeout: 595 milliseconds
For documentation on this error, please visit: http://seleniumhq.org/exceptions/no_such_element.html
Build info: version: '2.44.0', revision: '76d78cf323ce037c5f92db6c1bba601c2ac43ad8', time: '2014-10-23 13:11:40'
System info: host: 'DESKTOP-NDF1E9V', ip: '192.168.1.241', os.name: 'Windows 10', os.arch: 'amd64', os.version: '10.0', java.version: '1.8.0_191'
Driver info: org.openqa.selenium.firefox.FirefoxDriver
Capabilities [{applicationCacheEnabled=true, rotatable=false, handlesAlerts=true, databaseEnabled=true, version=33.0.2, platform=WINDOWS, nativeEvents=true, acceptSslCerts=true, webStorageEnabled=true, locationContextEnabled=true, browserName=firefox, takesScreenshot=true, javascriptEnabled=true, cssSelectorsEnabled=true}]
Session ID: c3099b2e-e5b2-4ef2-9136-3f2ba79703db]]>
            </message>
            <full-stacktrace>
              <![CDATA[org.openqa.selenium.NoSuchElementException: Unable to locate element: {"method":"xpath","selector":".//*[@id='root']/section/section/main/div[2]/div[2]/div/form/div[2]/div/div/input"}
Command duration or timeout: 595 milliseconds
For documentation on this error, please visit: http://seleniumhq.org/exceptions/no_such_element.html
Build info: version: '2.44.0', revision: '76d78cf323ce037c5f92db6c1bba601c2ac43ad8', time: '2014-10-23 13:11:40'
System info: host: 'DESKTOP-NDF1E9V', ip: '192.168.1.241', os.name: 'Windows 10', os.arch: 'amd64', os.version: '10.0', java.version: '1.8.0_191'
Driver info: org.openqa.selenium.firefox.FirefoxDriver
Capabilities [{applicationCacheEnabled=true, rotatable=false, handlesAlerts=true, databaseEnabled=true, version=33.0.2, platform=WINDOWS, nativeEvents=true, acceptSslCerts=true, webStorageEnabled=true, locationContextEnabled=true, browserName=firefox, takesScreenshot=true, javascriptEnabled=true, cssSelectorsEnabled=true}]
Session ID: c3099b2e-e5b2-4ef2-9136-3f2ba79703db
	at sun.reflect.NativeConstructorAccessorImpl.newInstance0(Native Method)
	at sun.reflect.NativeConstructorAccessorImpl.newInstance(NativeConstructorAccessorImpl.java:62)
	at sun.reflect.DelegatingConstructorAccessorImpl.newInstance(DelegatingConstructorAccessorImpl.java:45)
	at java.lang.reflect.Constructor.newInstance(Constructor.java:423)
	at org.openqa.selenium.remote.ErrorHandler.createThrowable(ErrorHandler.java:204)
	at org.openqa.selenium.remote.ErrorHandler.throwIfResponseFailed(ErrorHandler.java:156)
	at org.openqa.selenium.remote.RemoteWebDriver.execute(RemoteWebDriver.java:599)
	at org.openqa.selenium.remote.RemoteWebDriver.findElement(RemoteWebDriver.java:352)
	at org.openqa.selenium.remote.RemoteWebDriver.findElementByXPath(RemoteWebDriver.java:449)
	at org.openqa.selenium.By$ByXPath.findElement(By.java:357)
	at org.openqa.selenium.remote.RemoteWebDriver.findElement(RemoteWebDriver.java:344)
	at Test.playeraccountmanagement.test(playeraccountmanagement.java:24)
	at sun.reflect.NativeMethodAccessorImpl.invoke0(Native Method)
	at sun.reflect.NativeMethodAccessorImpl.invoke(NativeMethodAccessorImpl.java:62)
	at sun.reflect.DelegatingMethodAccessorImpl.invoke(DelegatingMethodAccessorImpl.java:43)
	at java.lang.reflect.Method.invoke(Method.java:498)
	at org.testng.internal.MethodInvocationHelper.invokeMethod(MethodInvocationHelper.java:85)
	at org.testng.internal.Invoker.invokeMethod(Invoker.java:639)
	at org.testng.internal.Invoker.invokeTestMethod(Invoker.java:816)
	at org.testng.internal.Invoker.invokeTestMethods(Invoker.java:1124)
	at org.testng.internal.TestMethodWorker.invokeTestMethods(TestMethodWorker.java:125)
	at org.testng.internal.TestMethodWorker.run(TestMethodWorker.java:108)
	at org.testng.TestRunner.privateRun(TestRunner.java:774)
	at org.testng.TestRunner.run(TestRunner.java:624)
	at org.testng.SuiteRunner.runTest(SuiteRunner.java:359)
	at org.testng.SuiteRunner.runSequentially(SuiteRunner.java:354)
	at org.testng.SuiteRunner.privateRun(SuiteRunner.java:312)
	at org.testng.SuiteRunner.run(SuiteRunner.java:261)
	at org.testng.SuiteRunnerWorker.runSuite(SuiteRunnerWorker.java:52)
	at org.testng.SuiteRunnerWorker.run(SuiteRunnerWorker.java:86)
	at org.testng.TestNG.runSuitesSequentially(TestNG.java:1191)
	at org.testng.TestNG.runSuitesLocally(TestNG.java:1116)
	at org.testng.TestNG.run(TestNG.java:1024)
	at org.apache.maven.surefire.testng.TestNGExecutor.run(TestNGExecutor.java:283)
	at org.apache.maven.surefire.testng.TestNGXmlTestSuite.execute(TestNGXmlTestSuite.java:75)
	at org.apache.maven.surefire.testng.TestNGProvider.invoke(TestNGProvider.java:120)
	at org.apache.maven.surefire.booter.ForkedBooter.invokeProviderInSameClassLoader(ForkedBooter.java:383)
	at org.apache.maven.surefire.booter.ForkedBooter.runSuitesInProcess(ForkedBooter.java:344)
	at org.apache.maven.surefire.booter.ForkedBooter.execute(ForkedBooter.java:125)
	at org.apache.maven.surefire.booter.ForkedBooter.main(ForkedBooter.java:417)
Caused by: org.openqa.selenium.NoSuchElementException: Unable to locate element: {"method":"xpath","selector":".//*[@id='root']/section/section/main/div[2]/div[2]/div/form/div[2]/div/div/input"}
For documentation on this error, please visit: http://seleniumhq.org/exceptions/no_such_element.html
Build info: version: '2.44.0', revision: '76d78cf323ce037c5f92db6c1bba601c2ac43ad8', time: '2014-10-23 13:11:40'
System info: host: 'DESKTOP-NDF1E9V', ip: '192.168.1.241', os.name: 'Windows 10', os.arch: 'amd64', os.version: '10.0', java.version: '1.8.0_191'
Driver info: driver.version: unknown
	at <anonymous class>.FirefoxDriver.prototype.findElementInternal_(file:///C:/Users/jtc/AppData/Local/Temp/anonymous845441919238029422webdriver-profile/extensions/fxdriver@googlecode.com/components/driver-component.js:9641:26)
	at <anonymous class>.FirefoxDriver.prototype.findElement(file:///C:/Users/jtc/AppData/Local/Temp/anonymous845441919238029422webdriver-profile/extensions/fxdriver@googlecode.com/components/driver-component.js:9650:3)
	at <anonymous class>.DelayedCommand.prototype.executeInternal_/h(file:///C:/Users/jtc/AppData/Local/Temp/anonymous845441919238029422webdriver-profile/extensions/fxdriver@googlecode.com/components/command-processor.js:11635:16)
	at <anonymous class>.DelayedCommand.prototype.executeInternal_(file:///C:/Users/jtc/AppData/Local/Temp/anonymous845441919238029422webdriver-profile/extensions/fxdriver@googlecode.com/components/command-processor.js:11640:7)
	at <anonymous class>.DelayedCommand.prototype.execute/<(file:///C:/Users/jtc/AppData/Local/Temp/anonymous845441919238029422webdriver-profile/extensions/fxdriver@googlecode.com/components/command-processor.js:11582:5)
]]>
            </full-stacktrace>
          </exception> <!-- org.openqa.selenium.NoSuchElementException -->
          <reporter-output>
          </reporter-output>
        </test-method> <!-- test -->
        <test-method status="PASS" signature="after()[pri:0, instance:Test.playeraccountmanagement@7dda48d9]" name="after" is-config="true" duration-ms="151" started-at="2018-10-30T20:30:10Z" finished-at="2018-10-30T20:30:10Z">
          <reporter-output>
          </reporter-output>
        </test-method> <!-- after -->
      </class> <!-- Test.playeraccountmanagement -->
      <class name="Test.businessionOp">
        <test-method status="PASS" signature="before()[pri:0, instance:Test.businessionOp@344f4dea]" name="before" is-config="true" duration-ms="1277" started-at="2018-10-30T20:30:30Z" finished-at="2018-10-30T20:30:32Z">
          <reporter-output>
          </reporter-output>
        </test-method> <!-- before -->
        <test-method status="FAIL" signature="test()[pri:0, instance:Test.businessionOp@344f4dea]" name="test" duration-ms="7515" started-at="2018-10-30T20:30:32Z" finished-at="2018-10-30T20:30:39Z">
          <exception class="org.openqa.selenium.ElementNotVisibleException">
            <message>
              <![CDATA[Element is not currently visible and so may not be interacted with
Command duration or timeout: 49 milliseconds
Build info: version: '2.44.0', revision: '76d78cf323ce037c5f92db6c1bba601c2ac43ad8', time: '2014-10-23 13:11:40'
System info: host: 'DESKTOP-NDF1E9V', ip: '192.168.1.241', os.name: 'Windows 10', os.arch: 'amd64', os.version: '10.0', java.version: '1.8.0_191'
Driver info: org.openqa.selenium.firefox.FirefoxDriver
Capabilities [{applicationCacheEnabled=true, rotatable=false, handlesAlerts=true, databaseEnabled=true, version=33.0.2, platform=WINDOWS, nativeEvents=true, acceptSslCerts=true, webStorageEnabled=true, locationContextEnabled=true, browserName=firefox, takesScreenshot=true, javascriptEnabled=true, cssSelectorsEnabled=true}]
Session ID: 9becf064-9315-405c-a544-fe3d899507fa]]>
            </message>
            <full-stacktrace>
              <![CDATA[org.openqa.selenium.ElementNotVisibleException: Element is not currently visible and so may not be interacted with
Command duration or timeout: 49 milliseconds
Build info: version: '2.44.0', revision: '76d78cf323ce037c5f92db6c1bba601c2ac43ad8', time: '2014-10-23 13:11:40'
System info: host: 'DESKTOP-NDF1E9V', ip: '192.168.1.241', os.name: 'Windows 10', os.arch: 'amd64', os.version: '10.0', java.version: '1.8.0_191'
Driver info: org.openqa.selenium.firefox.FirefoxDriver
Capabilities [{applicationCacheEnabled=true, rotatable=false, handlesAlerts=true, databaseEnabled=true, version=33.0.2, platform=WINDOWS, nativeEvents=true, acceptSslCerts=true, webStorageEnabled=true, locationContextEnabled=true, browserName=firefox, takesScreenshot=true, javascriptEnabled=true, cssSelectorsEnabled=true}]
Session ID: 9becf064-9315-405c-a544-fe3d899507fa
	at sun.reflect.NativeConstructorAccessorImpl.newInstance0(Native Method)
	at sun.reflect.NativeConstructorAccessorImpl.newInstance(NativeConstructorAccessorImpl.java:62)
	at sun.reflect.DelegatingConstructorAccessorImpl.newInstance(DelegatingConstructorAccessorImpl.java:45)
	at java.lang.reflect.Constructor.newInstance(Constructor.java:423)
	at org.openqa.selenium.remote.ErrorHandler.createThrowable(ErrorHandler.java:204)
	at org.openqa.selenium.remote.ErrorHandler.throwIfResponseFailed(ErrorHandler.java:156)
	at org.openqa.selenium.remote.RemoteWebDriver.execute(RemoteWebDriver.java:599)
	at org.openqa.selenium.remote.RemoteWebElement.execute(RemoteWebElement.java:268)
	at org.openqa.selenium.remote.RemoteWebElement.click(RemoteWebElement.java:79)
	at Test.businessionOp.test(businessionOp.java:24)
	at sun.reflect.NativeMethodAccessorImpl.invoke0(Native Method)
	at sun.reflect.NativeMethodAccessorImpl.invoke(NativeMethodAccessorImpl.java:62)
	at sun.reflect.DelegatingMethodAccessorImpl.invoke(DelegatingMethodAccessorImpl.java:43)
	at java.lang.reflect.Method.invoke(Method.java:498)
	at org.testng.internal.MethodInvocationHelper.invokeMethod(MethodInvocationHelper.java:85)
	at org.testng.internal.Invoker.invokeMethod(Invoker.java:639)
	at org.testng.internal.Invoker.invokeTestMethod(Invoker.java:816)
	at org.testng.internal.Invoker.invokeTestMethods(Invoker.java:1124)
	at org.testng.internal.TestMethodWorker.invokeTestMethods(TestMethodWorker.java:125)
	at org.testng.internal.TestMethodWorker.run(TestMethodWorker.java:108)
	at org.testng.TestRunner.privateRun(TestRunner.java:774)
	at org.testng.TestRunner.run(TestRunner.java:624)
	at org.testng.SuiteRunner.runTest(SuiteRunner.java:359)
	at org.testng.SuiteRunner.runSequentially(SuiteRunner.java:354)
	at org.testng.SuiteRunner.privateRun(SuiteRunner.java:312)
	at org.testng.SuiteRunner.run(SuiteRunner.java:261)
	at org.testng.SuiteRunnerWorker.runSuite(SuiteRunnerWorker.java:52)
	at org.testng.SuiteRunnerWorker.run(SuiteRunnerWorker.java:86)
	at org.testng.TestNG.runSuitesSequentially(TestNG.java:1191)
	at org.testng.TestNG.runSuitesLocally(TestNG.java:1116)
	at org.testng.TestNG.run(TestNG.java:1024)
	at org.apache.maven.surefire.testng.TestNGExecutor.run(TestNGExecutor.java:283)
	at org.apache.maven.surefire.testng.TestNGXmlTestSuite.execute(TestNGXmlTestSuite.java:75)
	at org.apache.maven.surefire.testng.TestNGProvider.invoke(TestNGProvider.java:120)
	at org.apache.maven.surefire.booter.ForkedBooter.invokeProviderInSameClassLoader(ForkedBooter.java:383)
	at org.apache.maven.surefire.booter.ForkedBooter.runSuitesInProcess(ForkedBooter.java:344)
	at org.apache.maven.surefire.booter.ForkedBooter.execute(ForkedBooter.java:125)
	at org.apache.maven.surefire.booter.ForkedBooter.main(ForkedBooter.java:417)
Caused by: org.openqa.selenium.ElementNotVisibleException: Element is not currently visible and so may not be interacted with
Build info: version: '2.44.0', revision: '76d78cf323ce037c5f92db6c1bba601c2ac43ad8', time: '2014-10-23 13:11:40'
System info: host: 'DESKTOP-NDF1E9V', ip: '192.168.1.241', os.name: 'Windows 10', os.arch: 'amd64', os.version: '10.0', java.version: '1.8.0_191'
Driver info: driver.version: unknown
	at <anonymous class>.fxdriver.preconditions.visible(file:///C:/Users/jtc/AppData/Local/Temp/anonymous4293980660166100548webdriver-profile/extensions/fxdriver@googlecode.com/components/command-processor.js:8959:12)
	at <anonymous class>.DelayedCommand.prototype.checkPreconditions_(file:///C:/Users/jtc/AppData/Local/Temp/anonymous4293980660166100548webdriver-profile/extensions/fxdriver@googlecode.com/components/command-processor.js:11618:15)
	at <anonymous class>.DelayedCommand.prototype.executeInternal_/h(file:///C:/Users/jtc/AppData/Local/Temp/anonymous4293980660166100548webdriver-profile/extensions/fxdriver@googlecode.com/components/command-processor.js:11635:11)
	at <anonymous class>.DelayedCommand.prototype.executeInternal_(file:///C:/Users/jtc/AppData/Local/Temp/anonymous4293980660166100548webdriver-profile/extensions/fxdriver@googlecode.com/components/command-processor.js:11640:7)
	at <anonymous class>.DelayedCommand.prototype.execute/<(file:///C:/Users/jtc/AppData/Local/Temp/anonymous4293980660166100548webdriver-profile/extensions/fxdriver@googlecode.com/components/command-processor.js:11582:5)
]]>
            </full-stacktrace>
          </exception> <!-- org.openqa.selenium.ElementNotVisibleException -->
          <reporter-output>
          </reporter-output>
        </test-method> <!-- test -->
        <test-method status="PASS" signature="after()[pri:0, instance:Test.businessionOp@344f4dea]" name="after" is-config="true" duration-ms="111" started-at="2018-10-30T20:30:39Z" finished-at="2018-10-30T20:30:39Z">
          <reporter-output>
          </reporter-output>
        </test-method> <!-- after -->
      </class> <!-- Test.businessionOp -->
      <class name="gameWebTest.Playerlist">
        <test-method status="PASS" signature="before()[pri:0, instance:gameWebTest.Playerlist@3d1848cc]" name="before" is-config="true" duration-ms="1282" started-at="2018-10-30T20:29:44Z" finished-at="2018-10-30T20:29:45Z">
          <reporter-output>
          </reporter-output>
        </test-method> <!-- before -->
        <test-method status="FAIL" signature="test()[pri:0, instance:gameWebTest.Playerlist@3d1848cc]" name="test" duration-ms="15628" started-at="2018-10-30T20:29:45Z" finished-at="2018-10-30T20:30:00Z">
          <exception class="org.openqa.selenium.NoSuchElementException">
            <message>
              <![CDATA[Unable to locate element: {"method":"id","selector":".//*[@id='root']/section/section/main/div[2]/div[2]/div/form/div[1]/div/span/span"}
Command duration or timeout: 22 milliseconds
For documentation on this error, please visit: http://seleniumhq.org/exceptions/no_such_element.html
Build info: version: '2.44.0', revision: '76d78cf323ce037c5f92db6c1bba601c2ac43ad8', time: '2014-10-23 13:11:40'
System info: host: 'DESKTOP-NDF1E9V', ip: '192.168.1.241', os.name: 'Windows 10', os.arch: 'amd64', os.version: '10.0', java.version: '1.8.0_191'
Driver info: org.openqa.selenium.firefox.FirefoxDriver
Capabilities [{applicationCacheEnabled=true, rotatable=false, handlesAlerts=true, databaseEnabled=true, version=33.0.2, platform=WINDOWS, nativeEvents=true, acceptSslCerts=true, webStorageEnabled=true, locationContextEnabled=true, browserName=firefox, takesScreenshot=true, javascriptEnabled=true, cssSelectorsEnabled=true}]
Session ID: 45f580dd-d542-4f78-90a5-e43fe46c20c9]]>
            </message>
            <full-stacktrace>
              <![CDATA[org.openqa.selenium.NoSuchElementException: Unable to locate element: {"method":"id","selector":".//*[@id='root']/section/section/main/div[2]/div[2]/div/form/div[1]/div/span/span"}
Command duration or timeout: 22 milliseconds
For documentation on this error, please visit: http://seleniumhq.org/exceptions/no_such_element.html
Build info: version: '2.44.0', revision: '76d78cf323ce037c5f92db6c1bba601c2ac43ad8', time: '2014-10-23 13:11:40'
System info: host: 'DESKTOP-NDF1E9V', ip: '192.168.1.241', os.name: 'Windows 10', os.arch: 'amd64', os.version: '10.0', java.version: '1.8.0_191'
Driver info: org.openqa.selenium.firefox.FirefoxDriver
Capabilities [{applicationCacheEnabled=true, rotatable=false, handlesAlerts=true, databaseEnabled=true, version=33.0.2, platform=WINDOWS, nativeEvents=true, acceptSslCerts=true, webStorageEnabled=true, locationContextEnabled=true, browserName=firefox, takesScreenshot=true, javascriptEnabled=true, cssSelectorsEnabled=true}]
Session ID: 45f580dd-d542-4f78-90a5-e43fe46c20c9
	at sun.reflect.NativeConstructorAccessorImpl.newInstance0(Native Method)
	at sun.reflect.NativeConstructorAccessorImpl.newInstance(NativeConstructorAccessorImpl.java:62)
	at sun.reflect.DelegatingConstructorAccessorImpl.newInstance(DelegatingConstructorAccessorImpl.java:45)
	at java.lang.reflect.Constructor.newInstance(Constructor.java:423)
	at org.openqa.selenium.remote.ErrorHandler.createThrowable(ErrorHandler.java:204)
	at org.openqa.selenium.remote.ErrorHandler.throwIfResponseFailed(ErrorHandler.java:156)
	at org.openqa.selenium.remote.RemoteWebDriver.execute(RemoteWebDriver.java:599)
	at org.openqa.selenium.remote.RemoteWebDriver.findElement(RemoteWebDriver.java:352)
	at org.openqa.selenium.remote.RemoteWebDriver.findElementById(RemoteWebDriver.java:393)
	at org.openqa.selenium.By$ById.findElement(By.java:214)
	at org.openqa.selenium.remote.RemoteWebDriver.findElement(RemoteWebDriver.java:344)
	at gameWebTest.Playerlist.test(Playerlist.java:28)
	at sun.reflect.NativeMethodAccessorImpl.invoke0(Native Method)
	at sun.reflect.NativeMethodAccessorImpl.invoke(NativeMethodAccessorImpl.java:62)
	at sun.reflect.DelegatingMethodAccessorImpl.invoke(DelegatingMethodAccessorImpl.java:43)
	at java.lang.reflect.Method.invoke(Method.java:498)
	at org.testng.internal.MethodInvocationHelper.invokeMethod(MethodInvocationHelper.java:85)
	at org.testng.internal.Invoker.invokeMethod(Invoker.java:639)
	at org.testng.internal.Invoker.invokeTestMethod(Invoker.java:816)
	at org.testng.internal.Invoker.invokeTestMethods(Invoker.java:1124)
	at org.testng.internal.TestMethodWorker.invokeTestMethods(TestMethodWorker.java:125)
	at org.testng.internal.TestMethodWorker.run(TestMethodWorker.java:108)
	at org.testng.TestRunner.privateRun(TestRunner.java:774)
	at org.testng.TestRunner.run(TestRunner.java:624)
	at org.testng.SuiteRunner.runTest(SuiteRunner.java:359)
	at org.testng.SuiteRunner.runSequentially(SuiteRunner.java:354)
	at org.testng.SuiteRunner.privateRun(SuiteRunner.java:312)
	at org.testng.SuiteRunner.run(SuiteRunner.java:261)
	at org.testng.SuiteRunnerWorker.runSuite(SuiteRunnerWorker.java:52)
	at org.testng.SuiteRunnerWorker.run(SuiteRunnerWorker.java:86)
	at org.testng.TestNG.runSuitesSequentially(TestNG.java:1191)
	at org.testng.TestNG.runSuitesLocally(TestNG.java:1116)
	at org.testng.TestNG.run(TestNG.java:1024)
	at org.apache.maven.surefire.testng.TestNGExecutor.run(TestNGExecutor.java:283)
	at org.apache.maven.surefire.testng.TestNGXmlTestSuite.execute(TestNGXmlTestSuite.java:75)
	at org.apache.maven.surefire.testng.TestNGProvider.invoke(TestNGProvider.java:120)
	at org.apache.maven.surefire.booter.ForkedBooter.invokeProviderInSameClassLoader(ForkedBooter.java:383)
	at org.apache.maven.surefire.booter.ForkedBooter.runSuitesInProcess(ForkedBooter.java:344)
	at org.apache.maven.surefire.booter.ForkedBooter.execute(ForkedBooter.java:125)
	at org.apache.maven.surefire.booter.ForkedBooter.main(ForkedBooter.java:417)
Caused by: org.openqa.selenium.NoSuchElementException: Unable to locate element: {"method":"id","selector":".//*[@id='root']/section/section/main/div[2]/div[2]/div/form/div[1]/div/span/span"}
For documentation on this error, please visit: http://seleniumhq.org/exceptions/no_such_element.html
Build info: version: '2.44.0', revision: '76d78cf323ce037c5f92db6c1bba601c2ac43ad8', time: '2014-10-23 13:11:40'
System info: host: 'DESKTOP-NDF1E9V', ip: '192.168.1.241', os.name: 'Windows 10', os.arch: 'amd64', os.version: '10.0', java.version: '1.8.0_191'
Driver info: driver.version: unknown
	at <anonymous class>.FirefoxDriver.prototype.findElementInternal_(file:///C:/Users/jtc/AppData/Local/Temp/anonymous4005450949102167064webdriver-profile/extensions/fxdriver@googlecode.com/components/driver-component.js:9641:26)
	at <anonymous class>.FirefoxDriver.prototype.findElement(file:///C:/Users/jtc/AppData/Local/Temp/anonymous4005450949102167064webdriver-profile/extensions/fxdriver@googlecode.com/components/driver-component.js:9650:3)
	at <anonymous class>.DelayedCommand.prototype.executeInternal_/h(file:///C:/Users/jtc/AppData/Local/Temp/anonymous4005450949102167064webdriver-profile/extensions/fxdriver@googlecode.com/components/command-processor.js:11635:16)
	at <anonymous class>.DelayedCommand.prototype.executeInternal_(file:///C:/Users/jtc/AppData/Local/Temp/anonymous4005450949102167064webdriver-profile/extensions/fxdriver@googlecode.com/components/command-processor.js:11640:7)
	at <anonymous class>.DelayedCommand.prototype.execute/<(file:///C:/Users/jtc/AppData/Local/Temp/anonymous4005450949102167064webdriver-profile/extensions/fxdriver@googlecode.com/components/command-processor.js:11582:5)
]]>
            </full-stacktrace>
          </exception> <!-- org.openqa.selenium.NoSuchElementException -->
          <reporter-output>
          </reporter-output>
        </test-method> <!-- test -->
        <test-method status="PASS" signature="after()[pri:0, instance:gameWebTest.Playerlist@3d1848cc]" name="after" is-config="true" duration-ms="101" started-at="2018-10-30T20:30:01Z" finished-at="2018-10-30T20:30:01Z">
          <reporter-output>
          </reporter-output>
        </test-method> <!-- after -->
      </class> <!-- gameWebTest.Playerlist -->
      <class name="Test.businession">
        <test-method status="PASS" signature="before()[pri:0, instance:Test.businession@4b6e2263]" name="before" is-config="true" duration-ms="1307" started-at="2018-10-30T20:30:19Z" finished-at="2018-10-30T20:30:20Z">
          <reporter-output>
          </reporter-output>
        </test-method> <!-- before -->
        <test-method status="FAIL" signature="test()[pri:0, instance:Test.businession@4b6e2263]" name="test" duration-ms="10086" started-at="2018-10-30T20:30:20Z" finished-at="2018-10-30T20:30:30Z">
          <exception class="org.openqa.selenium.NoSuchElementException">
            <message>
              <![CDATA[Unable to locate element: {"method":"xpath","selector":".//*[@id='el-collapse-content-4399']/div/form/div[1]/div/div/input"}
Command duration or timeout: 20 milliseconds
For documentation on this error, please visit: http://seleniumhq.org/exceptions/no_such_element.html
Build info: version: '2.44.0', revision: '76d78cf323ce037c5f92db6c1bba601c2ac43ad8', time: '2014-10-23 13:11:40'
System info: host: 'DESKTOP-NDF1E9V', ip: '192.168.1.241', os.name: 'Windows 10', os.arch: 'amd64', os.version: '10.0', java.version: '1.8.0_191'
Driver info: org.openqa.selenium.firefox.FirefoxDriver
Capabilities [{applicationCacheEnabled=true, rotatable=false, handlesAlerts=true, databaseEnabled=true, version=33.0.2, platform=WINDOWS, nativeEvents=true, acceptSslCerts=true, webStorageEnabled=true, locationContextEnabled=true, browserName=firefox, takesScreenshot=true, javascriptEnabled=true, cssSelectorsEnabled=true}]
Session ID: 722d484c-f31d-4cfc-912e-acb83ce82164]]>
            </message>
            <full-stacktrace>
              <![CDATA[org.openqa.selenium.NoSuchElementException: Unable to locate element: {"method":"xpath","selector":".//*[@id='el-collapse-content-4399']/div/form/div[1]/div/div/input"}
Command duration or timeout: 20 milliseconds
For documentation on this error, please visit: http://seleniumhq.org/exceptions/no_such_element.html
Build info: version: '2.44.0', revision: '76d78cf323ce037c5f92db6c1bba601c2ac43ad8', time: '2014-10-23 13:11:40'
System info: host: 'DESKTOP-NDF1E9V', ip: '192.168.1.241', os.name: 'Windows 10', os.arch: 'amd64', os.version: '10.0', java.version: '1.8.0_191'
Driver info: org.openqa.selenium.firefox.FirefoxDriver
Capabilities [{applicationCacheEnabled=true, rotatable=false, handlesAlerts=true, databaseEnabled=true, version=33.0.2, platform=WINDOWS, nativeEvents=true, acceptSslCerts=true, webStorageEnabled=true, locationContextEnabled=true, browserName=firefox, takesScreenshot=true, javascriptEnabled=true, cssSelectorsEnabled=true}]
Session ID: 722d484c-f31d-4cfc-912e-acb83ce82164
	at sun.reflect.NativeConstructorAccessorImpl.newInstance0(Native Method)
	at sun.reflect.NativeConstructorAccessorImpl.newInstance(NativeConstructorAccessorImpl.java:62)
	at sun.reflect.DelegatingConstructorAccessorImpl.newInstance(DelegatingConstructorAccessorImpl.java:45)
	at java.lang.reflect.Constructor.newInstance(Constructor.java:423)
	at org.openqa.selenium.remote.ErrorHandler.createThrowable(ErrorHandler.java:204)
	at org.openqa.selenium.remote.ErrorHandler.throwIfResponseFailed(ErrorHandler.java:156)
	at org.openqa.selenium.remote.RemoteWebDriver.execute(RemoteWebDriver.java:599)
	at org.openqa.selenium.remote.RemoteWebDriver.findElement(RemoteWebDriver.java:352)
	at org.openqa.selenium.remote.RemoteWebDriver.findElementByXPath(RemoteWebDriver.java:449)
	at org.openqa.selenium.By$ByXPath.findElement(By.java:357)
	at org.openqa.selenium.remote.RemoteWebDriver.findElement(RemoteWebDriver.java:344)
	at Test.businession.test(businession.java:26)
	at sun.reflect.NativeMethodAccessorImpl.invoke0(Native Method)
	at sun.reflect.NativeMethodAccessorImpl.invoke(NativeMethodAccessorImpl.java:62)
	at sun.reflect.DelegatingMethodAccessorImpl.invoke(DelegatingMethodAccessorImpl.java:43)
	at java.lang.reflect.Method.invoke(Method.java:498)
	at org.testng.internal.MethodInvocationHelper.invokeMethod(MethodInvocationHelper.java:85)
	at org.testng.internal.Invoker.invokeMethod(Invoker.java:639)
	at org.testng.internal.Invoker.invokeTestMethod(Invoker.java:816)
	at org.testng.internal.Invoker.invokeTestMethods(Invoker.java:1124)
	at org.testng.internal.TestMethodWorker.invokeTestMethods(TestMethodWorker.java:125)
	at org.testng.internal.TestMethodWorker.run(TestMethodWorker.java:108)
	at org.testng.TestRunner.privateRun(TestRunner.java:774)
	at org.testng.TestRunner.run(TestRunner.java:624)
	at org.testng.SuiteRunner.runTest(SuiteRunner.java:359)
	at org.testng.SuiteRunner.runSequentially(SuiteRunner.java:354)
	at org.testng.SuiteRunner.privateRun(SuiteRunner.java:312)
	at org.testng.SuiteRunner.run(SuiteRunner.java:261)
	at org.testng.SuiteRunnerWorker.runSuite(SuiteRunnerWorker.java:52)
	at org.testng.SuiteRunnerWorker.run(SuiteRunnerWorker.java:86)
	at org.testng.TestNG.runSuitesSequentially(TestNG.java:1191)
	at org.testng.TestNG.runSuitesLocally(TestNG.java:1116)
	at org.testng.TestNG.run(TestNG.java:1024)
	at org.apache.maven.surefire.testng.TestNGExecutor.run(TestNGExecutor.java:283)
	at org.apache.maven.surefire.testng.TestNGXmlTestSuite.execute(TestNGXmlTestSuite.java:75)
	at org.apache.maven.surefire.testng.TestNGProvider.invoke(TestNGProvider.java:120)
	at org.apache.maven.surefire.booter.ForkedBooter.invokeProviderInSameClassLoader(ForkedBooter.java:383)
	at org.apache.maven.surefire.booter.ForkedBooter.runSuitesInProcess(ForkedBooter.java:344)
	at org.apache.maven.surefire.booter.ForkedBooter.execute(ForkedBooter.java:125)
	at org.apache.maven.surefire.booter.ForkedBooter.main(ForkedBooter.java:417)
Caused by: org.openqa.selenium.NoSuchElementException: Unable to locate element: {"method":"xpath","selector":".//*[@id='el-collapse-content-4399']/div/form/div[1]/div/div/input"}
For documentation on this error, please visit: http://seleniumhq.org/exceptions/no_such_element.html
Build info: version: '2.44.0', revision: '76d78cf323ce037c5f92db6c1bba601c2ac43ad8', time: '2014-10-23 13:11:40'
System info: host: 'DESKTOP-NDF1E9V', ip: '192.168.1.241', os.name: 'Windows 10', os.arch: 'amd64', os.version: '10.0', java.version: '1.8.0_191'
Driver info: driver.version: unknown
	at <anonymous class>.FirefoxDriver.prototype.findElementInternal_(file:///C:/Users/jtc/AppData/Local/Temp/anonymous3871186078892289482webdriver-profile/extensions/fxdriver@googlecode.com/components/driver-component.js:9641:26)
	at <anonymous class>.FirefoxDriver.prototype.findElement(file:///C:/Users/jtc/AppData/Local/Temp/anonymous3871186078892289482webdriver-profile/extensions/fxdriver@googlecode.com/components/driver-component.js:9650:3)
	at <anonymous class>.DelayedCommand.prototype.executeInternal_/h(file:///C:/Users/jtc/AppData/Local/Temp/anonymous3871186078892289482webdriver-profile/extensions/fxdriver@googlecode.com/components/command-processor.js:11635:16)
	at <anonymous class>.DelayedCommand.prototype.executeInternal_(file:///C:/Users/jtc/AppData/Local/Temp/anonymous3871186078892289482webdriver-profile/extensions/fxdriver@googlecode.com/components/command-processor.js:11640:7)
	at <anonymous class>.DelayedCommand.prototype.execute/<(file:///C:/Users/jtc/AppData/Local/Temp/anonymous3871186078892289482webdriver-profile/extensions/fxdriver@googlecode.com/components/command-processor.js:11582:5)
]]>
            </full-stacktrace>
          </exception> <!-- org.openqa.selenium.NoSuchElementException -->
          <reporter-output>
          </reporter-output>
        </test-method> <!-- test -->
        <test-method status="PASS" signature="after()[pri:0, instance:Test.businession@4b6e2263]" name="after" is-config="true" duration-ms="107" started-at="2018-10-30T20:30:30Z" finished-at="2018-10-30T20:30:30Z">
          <reporter-output>
          </reporter-output>
        </test-method> <!-- after -->
      </class> <!-- Test.businession -->
      <class name="Test.rechargecashrecord">
        <test-method status="PASS" signature="before()[pri:0, instance:Test.rechargecashrecord@1b7c473a]" name="before" is-config="true" duration-ms="1571" started-at="2018-10-30T20:30:39Z" finished-at="2018-10-30T20:30:41Z">
          <reporter-output>
          </reporter-output>
        </test-method> <!-- before -->
        <test-method status="FAIL" signature="test()[pri:0, instance:Test.rechargecashrecord@1b7c473a]" name="test" duration-ms="9745" started-at="2018-10-30T20:30:41Z" finished-at="2018-10-30T20:30:51Z">
          <exception class="org.openqa.selenium.NoSuchElementException">
            <message>
              <![CDATA[Unable to locate element: {"method":"xpath","selector":".//*[@id='el-collapse-content-3192']/div/form/div[6]/div/div/input"}
Command duration or timeout: 18 milliseconds
For documentation on this error, please visit: http://seleniumhq.org/exceptions/no_such_element.html
Build info: version: '2.44.0', revision: '76d78cf323ce037c5f92db6c1bba601c2ac43ad8', time: '2014-10-23 13:11:40'
System info: host: 'DESKTOP-NDF1E9V', ip: '192.168.1.241', os.name: 'Windows 10', os.arch: 'amd64', os.version: '10.0', java.version: '1.8.0_191'
Driver info: org.openqa.selenium.firefox.FirefoxDriver
Capabilities [{applicationCacheEnabled=true, rotatable=false, handlesAlerts=true, databaseEnabled=true, version=33.0.2, platform=WINDOWS, nativeEvents=true, acceptSslCerts=true, webStorageEnabled=true, locationContextEnabled=true, browserName=firefox, takesScreenshot=true, javascriptEnabled=true, cssSelectorsEnabled=true}]
Session ID: e07ab49a-524e-4c89-8e02-a0dbc40ab1c7]]>
            </message>
            <full-stacktrace>
              <![CDATA[org.openqa.selenium.NoSuchElementException: Unable to locate element: {"method":"xpath","selector":".//*[@id='el-collapse-content-3192']/div/form/div[6]/div/div/input"}
Command duration or timeout: 18 milliseconds
For documentation on this error, please visit: http://seleniumhq.org/exceptions/no_such_element.html
Build info: version: '2.44.0', revision: '76d78cf323ce037c5f92db6c1bba601c2ac43ad8', time: '2014-10-23 13:11:40'
System info: host: 'DESKTOP-NDF1E9V', ip: '192.168.1.241', os.name: 'Windows 10', os.arch: 'amd64', os.version: '10.0', java.version: '1.8.0_191'
Driver info: org.openqa.selenium.firefox.FirefoxDriver
Capabilities [{applicationCacheEnabled=true, rotatable=false, handlesAlerts=true, databaseEnabled=true, version=33.0.2, platform=WINDOWS, nativeEvents=true, acceptSslCerts=true, webStorageEnabled=true, locationContextEnabled=true, browserName=firefox, takesScreenshot=true, javascriptEnabled=true, cssSelectorsEnabled=true}]
Session ID: e07ab49a-524e-4c89-8e02-a0dbc40ab1c7
	at sun.reflect.NativeConstructorAccessorImpl.newInstance0(Native Method)
	at sun.reflect.NativeConstructorAccessorImpl.newInstance(NativeConstructorAccessorImpl.java:62)
	at sun.reflect.DelegatingConstructorAccessorImpl.newInstance(DelegatingConstructorAccessorImpl.java:45)
	at java.lang.reflect.Constructor.newInstance(Constructor.java:423)
	at org.openqa.selenium.remote.ErrorHandler.createThrowable(ErrorHandler.java:204)
	at org.openqa.selenium.remote.ErrorHandler.throwIfResponseFailed(ErrorHandler.java:156)
	at org.openqa.selenium.remote.RemoteWebDriver.execute(RemoteWebDriver.java:599)
	at org.openqa.selenium.remote.RemoteWebDriver.findElement(RemoteWebDriver.java:352)
	at org.openqa.selenium.remote.RemoteWebDriver.findElementByXPath(RemoteWebDriver.java:449)
	at org.openqa.selenium.By$ByXPath.findElement(By.java:357)
	at org.openqa.selenium.remote.RemoteWebDriver.findElement(RemoteWebDriver.java:344)
	at Test.rechargecashrecord.test(rechargecashrecord.java:26)
	at sun.reflect.NativeMethodAccessorImpl.invoke0(Native Method)
	at sun.reflect.NativeMethodAccessorImpl.invoke(NativeMethodAccessorImpl.java:62)
	at sun.reflect.DelegatingMethodAccessorImpl.invoke(DelegatingMethodAccessorImpl.java:43)
	at java.lang.reflect.Method.invoke(Method.java:498)
	at org.testng.internal.MethodInvocationHelper.invokeMethod(MethodInvocationHelper.java:85)
	at org.testng.internal.Invoker.invokeMethod(Invoker.java:639)
	at org.testng.internal.Invoker.invokeTestMethod(Invoker.java:816)
	at org.testng.internal.Invoker.invokeTestMethods(Invoker.java:1124)
	at org.testng.internal.TestMethodWorker.invokeTestMethods(TestMethodWorker.java:125)
	at org.testng.internal.TestMethodWorker.run(TestMethodWorker.java:108)
	at org.testng.TestRunner.privateRun(TestRunner.java:774)
	at org.testng.TestRunner.run(TestRunner.java:624)
	at org.testng.SuiteRunner.runTest(SuiteRunner.java:359)
	at org.testng.SuiteRunner.runSequentially(SuiteRunner.java:354)
	at org.testng.SuiteRunner.privateRun(SuiteRunner.java:312)
	at org.testng.SuiteRunner.run(SuiteRunner.java:261)
	at org.testng.SuiteRunnerWorker.runSuite(SuiteRunnerWorker.java:52)
	at org.testng.SuiteRunnerWorker.run(SuiteRunnerWorker.java:86)
	at org.testng.TestNG.runSuitesSequentially(TestNG.java:1191)
	at org.testng.TestNG.runSuitesLocally(TestNG.java:1116)
	at org.testng.TestNG.run(TestNG.java:1024)
	at org.apache.maven.surefire.testng.TestNGExecutor.run(TestNGExecutor.java:283)
	at org.apache.maven.surefire.testng.TestNGXmlTestSuite.execute(TestNGXmlTestSuite.java:75)
	at org.apache.maven.surefire.testng.TestNGProvider.invoke(TestNGProvider.java:120)
	at org.apache.maven.surefire.booter.ForkedBooter.invokeProviderInSameClassLoader(ForkedBooter.java:383)
	at org.apache.maven.surefire.booter.ForkedBooter.runSuitesInProcess(ForkedBooter.java:344)
	at org.apache.maven.surefire.booter.ForkedBooter.execute(ForkedBooter.java:125)
	at org.apache.maven.surefire.booter.ForkedBooter.main(ForkedBooter.java:417)
Caused by: org.openqa.selenium.NoSuchElementException: Unable to locate element: {"method":"xpath","selector":".//*[@id='el-collapse-content-3192']/div/form/div[6]/div/div/input"}
For documentation on this error, please visit: http://seleniumhq.org/exceptions/no_such_element.html
Build info: version: '2.44.0', revision: '76d78cf323ce037c5f92db6c1bba601c2ac43ad8', time: '2014-10-23 13:11:40'
System info: host: 'DESKTOP-NDF1E9V', ip: '192.168.1.241', os.name: 'Windows 10', os.arch: 'amd64', os.version: '10.0', java.version: '1.8.0_191'
Driver info: driver.version: unknown
	at <anonymous class>.FirefoxDriver.prototype.findElementInternal_(file:///C:/Users/jtc/AppData/Local/Temp/anonymous5820380071273101659webdriver-profile/extensions/fxdriver@googlecode.com/components/driver-component.js:9641:26)
	at <anonymous class>.FirefoxDriver.prototype.findElement(file:///C:/Users/jtc/AppData/Local/Temp/anonymous5820380071273101659webdriver-profile/extensions/fxdriver@googlecode.com/components/driver-component.js:9650:3)
	at <anonymous class>.DelayedCommand.prototype.executeInternal_/h(file:///C:/Users/jtc/AppData/Local/Temp/anonymous5820380071273101659webdriver-profile/extensions/fxdriver@googlecode.com/components/command-processor.js:11635:16)
	at <anonymous class>.DelayedCommand.prototype.executeInternal_(file:///C:/Users/jtc/AppData/Local/Temp/anonymous5820380071273101659webdriver-profile/extensions/fxdriver@googlecode.com/components/command-processor.js:11640:7)
	at <anonymous class>.DelayedCommand.prototype.execute/<(file:///C:/Users/jtc/AppData/Local/Temp/anonymous5820380071273101659webdriver-profile/extensions/fxdriver@googlecode.com/components/command-processor.js:11582:5)
]]>
            </full-stacktrace>
          </exception> <!-- org.openqa.selenium.NoSuchElementException -->
          <reporter-output>
          </reporter-output>
        </test-method> <!-- test -->
        <test-method status="PASS" signature="after()[pri:0, instance:Test.rechargecashrecord@1b7c473a]" name="after" is-config="true" duration-ms="154" started-at="2018-10-30T20:30:51Z" finished-at="2018-10-30T20:30:51Z">
          <reporter-output>
          </reporter-output>
        </test-method> <!-- after -->
      </class> <!-- Test.rechargecashrecord -->
    </test> <!-- C:/Users/jtc/IdeaProjects/game -->
  </suite> <!-- All Test Suite -->
</testng-results>
