<?xml version="1.0" encoding="UTF-8"?>
<testng-results skipped="0" failed="4" total="42" passed="38">
  <reporter-output>
  </reporter-output>
  <suite name="All Test Suite" duration-ms="815583" started-at="2019-03-28T12:12:11Z" finished-at="2019-03-28T12:25:46Z">
    <groups>
    </groups>
    <test name="C:/Users/jtc/IdeaProjects/game" duration-ms="815583" started-at="2019-03-28T12:12:11Z" finished-at="2019-03-28T12:25:46Z">
      <class name="adminTestCase.adminHomeTestCase">
        <test-method status="PASS" signature="serviceIncomeToday()[pri:1, instance:adminTestCase.adminHomeTestCase@6df2a206]" name="serviceIncomeToday" duration-ms="15859" started-at="2019-03-28T19:12:11Z" finished-at="2019-03-28T19:12:26Z">
          <reporter-output>
          </reporter-output>
        </test-method> <!-- serviceIncomeToday -->
        <test-method status="PASS" signature="sinceBusinessOperationsTotalArrears()[pri:2, instance:adminTestCase.adminHomeTestCase@6df2a206]" name="sinceBusinessOperationsTotalArrears" duration-ms="14260" started-at="2019-03-28T19:12:27Z" finished-at="2019-03-28T19:12:41Z">
          <reporter-output>
          </reporter-output>
        </test-method> <!-- sinceBusinessOperationsTotalArrears -->
        <test-method status="PASS" signature="businessMoneyTotal()[pri:3, instance:adminTestCase.adminHomeTestCase@6df2a206]" name="businessMoneyTotal" duration-ms="12192" started-at="2019-03-28T19:12:41Z" finished-at="2019-03-28T19:12:53Z">
          <reporter-output>
          </reporter-output>
        </test-method> <!-- businessMoneyTotal -->
        <test-method status="PASS" signature="playerNumber()[pri:4, instance:adminTestCase.adminHomeTestCase@6df2a206]" name="playerNumber" duration-ms="13719" started-at="2019-03-28T19:12:53Z" finished-at="2019-03-28T19:13:07Z">
          <reporter-output>
          </reporter-output>
        </test-method> <!-- playerNumber -->
        <test-method status="PASS" signature="systemWinOrLose()[pri:5, instance:adminTestCase.adminHomeTestCase@6df2a206]" name="systemWinOrLose" duration-ms="14285" started-at="2019-03-28T19:13:07Z" finished-at="2019-03-28T19:13:21Z">
          <reporter-output>
          </reporter-output>
        </test-method> <!-- systemWinOrLose -->
        <test-method status="PASS" signature="todayCommission()[pri:6, instance:adminTestCase.adminHomeTestCase@6df2a206]" name="todayCommission" duration-ms="14258" started-at="2019-03-28T19:13:21Z" finished-at="2019-03-28T19:13:35Z">
          <reporter-output>
          </reporter-output>
        </test-method> <!-- todayCommission -->
        <test-method status="PASS" signature="totalCommission()[pri:7, instance:adminTestCase.adminHomeTestCase@6df2a206]" name="totalCommission" duration-ms="11960" started-at="2019-03-28T19:13:35Z" finished-at="2019-03-28T19:13:47Z">
          <reporter-output>
          </reporter-output>
        </test-method> <!-- totalCommission -->
        <test-method status="PASS" signature="rechargeMoneyToday()[pri:8, instance:adminTestCase.adminHomeTestCase@6df2a206]" name="rechargeMoneyToday" duration-ms="14447" started-at="2019-03-28T19:13:47Z" finished-at="2019-03-28T19:14:02Z">
          <reporter-output>
          </reporter-output>
        </test-method> <!-- rechargeMoneyToday -->
        <test-method status="PASS" signature="withdrawMoneyToday()[pri:9, instance:adminTestCase.adminHomeTestCase@6df2a206]" name="withdrawMoneyToday" duration-ms="14301" started-at="2019-03-28T19:14:02Z" finished-at="2019-03-28T19:14:16Z">
          <reporter-output>
          </reporter-output>
        </test-method> <!-- withdrawMoneyToday -->
      </class> <!-- adminTestCase.adminHomeTestCase -->
      <class name="adminTestCase.cashAgentDetailTestCase">
        <test-method status="PASS" signature="immediateLowerAgentNumber()[pri:1, instance:adminTestCase.cashAgentDetailTestCase@7a0f06ad]" name="immediateLowerAgentNumber" duration-ms="22729" started-at="2019-03-28T19:16:46Z" finished-at="2019-03-28T19:17:09Z">
          <reporter-output>
          </reporter-output>
        </test-method> <!-- immediateLowerAgentNumber -->
        <test-method status="PASS" signature="DirectPushPlayerNumber()[pri:2, instance:adminTestCase.cashAgentDetailTestCase@7a0f06ad]" name="DirectPushPlayerNumber" duration-ms="24514" started-at="2019-03-28T19:17:09Z" finished-at="2019-03-28T19:17:34Z">
          <reporter-output>
          </reporter-output>
        </test-method> <!-- DirectPushPlayerNumber -->
        <test-method status="PASS" signature="taxTotal()[pri:3, instance:adminTestCase.cashAgentDetailTestCase@7a0f06ad]" name="taxTotal" duration-ms="27532" started-at="2019-03-28T19:17:34Z" finished-at="2019-03-28T19:18:01Z">
          <reporter-output>
          </reporter-output>
        </test-method> <!-- taxTotal -->
        <test-method status="PASS" signature="promotionCommissionTotal()[pri:4, instance:adminTestCase.cashAgentDetailTestCase@7a0f06ad]" name="promotionCommissionTotal" duration-ms="27593" started-at="2019-03-28T19:18:01Z" finished-at="2019-03-28T19:18:29Z">
          <reporter-output>
          </reporter-output>
        </test-method> <!-- promotionCommissionTotal -->
        <test-method status="PASS" signature="acceptRedEnvelopeTotal()[pri:5, instance:adminTestCase.cashAgentDetailTestCase@7a0f06ad]" name="acceptRedEnvelopeTotal" duration-ms="27029" started-at="2019-03-28T19:18:29Z" finished-at="2019-03-28T19:18:56Z">
          <reporter-output>
          </reporter-output>
        </test-method> <!-- acceptRedEnvelopeTotal -->
        <test-method status="PASS" signature="addWithdrawalMoney()[pri:6, instance:adminTestCase.cashAgentDetailTestCase@7a0f06ad]" name="addWithdrawalMoney" duration-ms="27200" started-at="2019-03-28T19:18:56Z" finished-at="2019-03-28T19:19:23Z">
          <reporter-output>
          </reporter-output>
        </test-method> <!-- addWithdrawalMoney -->
        <test-method status="PASS" signature="commissionAccountBalance()[pri:7, instance:adminTestCase.cashAgentDetailTestCase@7a0f06ad]" name="commissionAccountBalance" duration-ms="29110" started-at="2019-03-28T19:19:23Z" finished-at="2019-03-28T19:19:52Z">
          <reporter-output>
          </reporter-output>
        </test-method> <!-- commissionAccountBalance -->
        <test-method status="FAIL" signature="rechargeBalance()[pri:8, instance:adminTestCase.cashAgentDetailTestCase@7a0f06ad]" name="rechargeBalance" duration-ms="18728" started-at="2019-03-28T19:19:52Z" finished-at="2019-03-28T19:20:11Z">
          <exception class="org.openqa.selenium.WebDriverException">
            <message>
              <![CDATA[unknown error: Element <span>...</span> is not clickable at point (80, 120). Other element would receive the click: <form class="el-form el-form--label-right page-details-view-container">...</form>
  (Session info: chrome=73.0.3683.86)
  (Driver info: chromedriver=2.45.615291 (ec3682e3c9061c10f26ea9e5cdcf3c53f3f74387),platform=Windows NT 10.0.17134 x86_64) (WARNING: The server did not provide any stacktrace information)
Command duration or timeout: 40 milliseconds
Build info: version: '3.0.0', revision: '350cf60', time: '2016-10-13 10:48:57 -0700'
System info: host: 'DESKTOP-NDF1E9V', ip: '192.168.232.1', os.name: 'Windows 10', os.arch: 'amd64', os.version: '10.0', java.version: '1.8.0_191'
Driver info: org.openqa.selenium.chrome.ChromeDriver
Capabilities [{mobileEmulationEnabled=false, timeouts={implicit=0, pageLoad=300000, script=30000}, hasTouchScreen=false, platform=XP, acceptSslCerts=false, goog:chromeOptions={debuggerAddress=localhost:31121}, acceptInsecureCerts=false, webStorageEnabled=true, browserName=chrome, takesScreenshot=true, javascriptEnabled=true, setWindowRect=true, unexpectedAlertBehaviour=ignore, applicationCacheEnabled=false, rotatable=false, networkConnectionEnabled=false, chrome={chromedriverVersion=2.45.615291 (ec3682e3c9061c10f26ea9e5cdcf3c53f3f74387), userDataDir=C:\Users\jtc\AppData\Local\Temp\scoped_dir33612_11566}, takesHeapSnapshot=true, pageLoadStrategy=normal, strictFileInteractability=false, databaseEnabled=false, handlesAlerts=true, version=73.0.3683.86, browserConnectionEnabled=false, proxy={}, nativeEvents=true, locationContextEnabled=true, cssSelectorsEnabled=true}]
Session ID: c58ec8e31d6f2069a0ed19172c3dddd1]]>
            </message>
            <full-stacktrace>
              <![CDATA[org.openqa.selenium.WebDriverException: unknown error: Element <span>...</span> is not clickable at point (80, 120). Other element would receive the click: <form class="el-form el-form--label-right page-details-view-container">...</form>
  (Session info: chrome=73.0.3683.86)
  (Driver info: chromedriver=2.45.615291 (ec3682e3c9061c10f26ea9e5cdcf3c53f3f74387),platform=Windows NT 10.0.17134 x86_64) (WARNING: The server did not provide any stacktrace information)
Command duration or timeout: 40 milliseconds
Build info: version: '3.0.0', revision: '350cf60', time: '2016-10-13 10:48:57 -0700'
System info: host: 'DESKTOP-NDF1E9V', ip: '192.168.232.1', os.name: 'Windows 10', os.arch: 'amd64', os.version: '10.0', java.version: '1.8.0_191'
Driver info: org.openqa.selenium.chrome.ChromeDriver
Capabilities [{mobileEmulationEnabled=false, timeouts={implicit=0, pageLoad=300000, script=30000}, hasTouchScreen=false, platform=XP, acceptSslCerts=false, goog:chromeOptions={debuggerAddress=localhost:31121}, acceptInsecureCerts=false, webStorageEnabled=true, browserName=chrome, takesScreenshot=true, javascriptEnabled=true, setWindowRect=true, unexpectedAlertBehaviour=ignore, applicationCacheEnabled=false, rotatable=false, networkConnectionEnabled=false, chrome={chromedriverVersion=2.45.615291 (ec3682e3c9061c10f26ea9e5cdcf3c53f3f74387), userDataDir=C:\Users\jtc\AppData\Local\Temp\scoped_dir33612_11566}, takesHeapSnapshot=true, pageLoadStrategy=normal, strictFileInteractability=false, databaseEnabled=false, handlesAlerts=true, version=73.0.3683.86, browserConnectionEnabled=false, proxy={}, nativeEvents=true, locationContextEnabled=true, cssSelectorsEnabled=true}]
Session ID: c58ec8e31d6f2069a0ed19172c3dddd1
	at sun.reflect.NativeConstructorAccessorImpl.newInstance0(Native Method)
	at sun.reflect.NativeConstructorAccessorImpl.newInstance(NativeConstructorAccessorImpl.java:62)
	at sun.reflect.DelegatingConstructorAccessorImpl.newInstance(DelegatingConstructorAccessorImpl.java:45)
	at java.lang.reflect.Constructor.newInstance(Constructor.java:423)
	at org.openqa.selenium.remote.ErrorHandler.createThrowable(ErrorHandler.java:216)
	at org.openqa.selenium.remote.ErrorHandler.throwIfResponseFailed(ErrorHandler.java:168)
	at org.openqa.selenium.remote.RemoteWebDriver.execute(RemoteWebDriver.java:635)
	at org.openqa.selenium.remote.RemoteWebElement.execute(RemoteWebElement.java:274)
	at org.openqa.selenium.remote.RemoteWebElement.click(RemoteWebElement.java:84)
	at PublicMethod.WebDriverUtil.findElementByXpathAndClick(WebDriverUtil.java:305)
	at adminTestCase.cashAgentDetailTestCase.rechargeBalance(cashAgentDetailTestCase.java:361)
	at sun.reflect.NativeMethodAccessorImpl.invoke0(Native Method)
	at sun.reflect.NativeMethodAccessorImpl.invoke(NativeMethodAccessorImpl.java:62)
	at sun.reflect.DelegatingMethodAccessorImpl.invoke(DelegatingMethodAccessorImpl.java:43)
	at java.lang.reflect.Method.invoke(Method.java:498)
	at org.testng.internal.MethodInvocationHelper.invokeMethod(MethodInvocationHelper.java:85)
	at org.testng.internal.Invoker.invokeMethod(Invoker.java:639)
	at org.testng.internal.Invoker.invokeTestMethod(Invoker.java:816)
	at org.testng.internal.Invoker.invokeTestMethods(Invoker.java:1124)
	at org.testng.internal.TestMethodWorker.invokeTestMethods(TestMethodWorker.java:125)
	at org.testng.internal.TestMethodWorker.run(TestMethodWorker.java:108)
	at org.testng.TestRunner.privateRun(TestRunner.java:774)
	at org.testng.TestRunner.run(TestRunner.java:624)
	at org.testng.SuiteRunner.runTest(SuiteRunner.java:359)
	at org.testng.SuiteRunner.runSequentially(SuiteRunner.java:354)
	at org.testng.SuiteRunner.privateRun(SuiteRunner.java:312)
	at org.testng.SuiteRunner.run(SuiteRunner.java:261)
	at org.testng.SuiteRunnerWorker.runSuite(SuiteRunnerWorker.java:52)
	at org.testng.SuiteRunnerWorker.run(SuiteRunnerWorker.java:86)
	at org.testng.TestNG.runSuitesSequentially(TestNG.java:1191)
	at org.testng.TestNG.runSuitesLocally(TestNG.java:1116)
	at org.testng.TestNG.run(TestNG.java:1024)
	at org.apache.maven.surefire.testng.TestNGExecutor.run(TestNGExecutor.java:283)
	at org.apache.maven.surefire.testng.TestNGXmlTestSuite.execute(TestNGXmlTestSuite.java:75)
	at org.apache.maven.surefire.testng.TestNGProvider.invoke(TestNGProvider.java:120)
	at org.apache.maven.surefire.booter.ForkedBooter.invokeProviderInSameClassLoader(ForkedBooter.java:386)
	at org.apache.maven.surefire.booter.ForkedBooter.runSuitesInProcess(ForkedBooter.java:323)
	at org.apache.maven.surefire.booter.ForkedBooter.main(ForkedBooter.java:143)
]]>
            </full-stacktrace>
          </exception> <!-- org.openqa.selenium.WebDriverException -->
          <reporter-output>
          </reporter-output>
        </test-method> <!-- rechargeBalance -->
      </class> <!-- adminTestCase.cashAgentDetailTestCase -->
      <class name="adminTestCase.cashBusinessDetailTestCase">
        <test-method status="PASS" signature="immediateLowerAgentNumber()[pri:1, instance:adminTestCase.cashBusinessDetailTestCase@605eb072]" name="immediateLowerAgentNumber" duration-ms="20819" started-at="2019-03-28T19:14:16Z" finished-at="2019-03-28T19:14:37Z">
          <reporter-output>
          </reporter-output>
        </test-method> <!-- immediateLowerAgentNumber -->
        <test-method status="PASS" signature="taxTotal()[pri:2, instance:adminTestCase.cashBusinessDetailTestCase@605eb072]" name="taxTotal" duration-ms="25983" started-at="2019-03-28T19:14:37Z" finished-at="2019-03-28T19:15:03Z">
          <reporter-output>
          </reporter-output>
        </test-method> <!-- taxTotal -->
        <test-method status="PASS" signature="alreadySettlementMoney()[pri:3, instance:adminTestCase.cashBusinessDetailTestCase@605eb072]" name="alreadySettlementMoney" duration-ms="20251" started-at="2019-03-28T19:15:03Z" finished-at="2019-03-28T19:15:23Z">
          <reporter-output>
          </reporter-output>
        </test-method> <!-- alreadySettlementMoney -->
        <test-method status="PASS" signature="waitWithdrawMoney()[pri:4, instance:adminTestCase.cashBusinessDetailTestCase@605eb072]" name="waitWithdrawMoney" duration-ms="22159" started-at="2019-03-28T19:15:23Z" finished-at="2019-03-28T19:15:45Z">
          <reporter-output>
          </reporter-output>
        </test-method> <!-- waitWithdrawMoney -->
        <test-method status="PASS" signature="rechargeBalance()[pri:5, instance:adminTestCase.cashBusinessDetailTestCase@605eb072]" name="rechargeBalance" duration-ms="22008" started-at="2019-03-28T19:15:45Z" finished-at="2019-03-28T19:16:07Z">
          <reporter-output>
          </reporter-output>
        </test-method> <!-- rechargeBalance -->
        <test-method status="PASS" signature="onlineRechargeCredit()[pri:6, instance:adminTestCase.cashBusinessDetailTestCase@605eb072]" name="onlineRechargeCredit" duration-ms="22604" started-at="2019-03-28T19:16:07Z" finished-at="2019-03-28T19:16:30Z">
          <reporter-output>
          </reporter-output>
        </test-method> <!-- onlineRechargeCredit -->
        <test-method status="PASS" signature="onlineWithdrawCredit()[pri:7, instance:adminTestCase.cashBusinessDetailTestCase@605eb072]" name="onlineWithdrawCredit" duration-ms="16565" started-at="2019-03-28T19:16:30Z" finished-at="2019-03-28T19:16:46Z">
          <reporter-output>
          </reporter-output>
        </test-method> <!-- onlineWithdrawCredit -->
      </class> <!-- adminTestCase.cashBusinessDetailTestCase -->
      <class name="cashAgentTestCase.cashAgentHomeTestCase">
        <test-method status="PASS" signature="incomeToday()[pri:1, instance:cashAgentTestCase.cashAgentHomeTestCase@710afd47]" name="incomeToday" duration-ms="13377" started-at="2019-03-28T19:23:16Z" finished-at="2019-03-28T19:23:29Z">
          <reporter-output>
          </reporter-output>
        </test-method> <!-- incomeToday -->
        <test-method status="FAIL" signature="incomeTotalMonth()[pri:2, instance:cashAgentTestCase.cashAgentHomeTestCase@710afd47]" name="incomeTotalMonth" duration-ms="11335" started-at="2019-03-28T19:23:29Z" finished-at="2019-03-28T19:23:40Z">
          <exception class="java.lang.AssertionError">
            <message>
              <![CDATA[expected [true] but found [false]]]>
            </message>
            <full-stacktrace>
              <![CDATA[java.lang.AssertionError: expected [true] but found [false]
	at org.testng.Assert.fail(Assert.java:94)
	at org.testng.Assert.failNotEquals(Assert.java:496)
	at org.testng.Assert.assertTrue(Assert.java:42)
	at org.testng.Assert.assertTrue(Assert.java:52)
	at cashAgentTestCase.cashAgentHomeTestCase.incomeTotalMonth(cashAgentHomeTestCase.java:67)
	at sun.reflect.NativeMethodAccessorImpl.invoke0(Native Method)
	at sun.reflect.NativeMethodAccessorImpl.invoke(NativeMethodAccessorImpl.java:62)
	at sun.reflect.DelegatingMethodAccessorImpl.invoke(DelegatingMethodAccessorImpl.java:43)
	at java.lang.reflect.Method.invoke(Method.java:498)
	at org.testng.internal.MethodInvocationHelper.invokeMethod(MethodInvocationHelper.java:85)
	at org.testng.internal.Invoker.invokeMethod(Invoker.java:639)
	at org.testng.internal.Invoker.invokeTestMethod(Invoker.java:816)
	at org.testng.internal.Invoker.invokeTestMethods(Invoker.java:1124)
	at org.testng.internal.TestMethodWorker.invokeTestMethods(TestMethodWorker.java:125)
	at org.testng.internal.TestMethodWorker.run(TestMethodWorker.java:108)
	at org.testng.TestRunner.privateRun(TestRunner.java:774)
	at org.testng.TestRunner.run(TestRunner.java:624)
	at org.testng.SuiteRunner.runTest(SuiteRunner.java:359)
	at org.testng.SuiteRunner.runSequentially(SuiteRunner.java:354)
	at org.testng.SuiteRunner.privateRun(SuiteRunner.java:312)
	at org.testng.SuiteRunner.run(SuiteRunner.java:261)
	at org.testng.SuiteRunnerWorker.runSuite(SuiteRunnerWorker.java:52)
	at org.testng.SuiteRunnerWorker.run(SuiteRunnerWorker.java:86)
	at org.testng.TestNG.runSuitesSequentially(TestNG.java:1191)
	at org.testng.TestNG.runSuitesLocally(TestNG.java:1116)
	at org.testng.TestNG.run(TestNG.java:1024)
	at org.apache.maven.surefire.testng.TestNGExecutor.run(TestNGExecutor.java:283)
	at org.apache.maven.surefire.testng.TestNGXmlTestSuite.execute(TestNGXmlTestSuite.java:75)
	at org.apache.maven.surefire.testng.TestNGProvider.invoke(TestNGProvider.java:120)
	at org.apache.maven.surefire.booter.ForkedBooter.invokeProviderInSameClassLoader(ForkedBooter.java:386)
	at org.apache.maven.surefire.booter.ForkedBooter.runSuitesInProcess(ForkedBooter.java:323)
	at org.apache.maven.surefire.booter.ForkedBooter.main(ForkedBooter.java:143)
]]>
            </full-stacktrace>
          </exception> <!-- java.lang.AssertionError -->
          <reporter-output>
          </reporter-output>
        </test-method> <!-- incomeTotalMonth -->
        <test-method status="PASS" signature="waitSettlementCommission()[pri:3, instance:cashAgentTestCase.cashAgentHomeTestCase@710afd47]" name="waitSettlementCommission" duration-ms="13065" started-at="2019-03-28T19:23:40Z" finished-at="2019-03-28T19:23:53Z">
          <reporter-output>
          </reporter-output>
        </test-method> <!-- waitSettlementCommission -->
        <test-method status="PASS" signature="playerNumberTotal()[pri:4, instance:cashAgentTestCase.cashAgentHomeTestCase@710afd47]" name="playerNumberTotal" duration-ms="30059" started-at="2019-03-28T19:23:53Z" finished-at="2019-03-28T19:24:23Z">
          <reporter-output>
          </reporter-output>
        </test-method> <!-- playerNumberTotal -->
      </class> <!-- cashAgentTestCase.cashAgentHomeTestCase -->
      <class name="creditAgentTestCase.creditAgentHomeTestCase">
        <test-method status="PASS" signature="accountBalance()[pri:1, instance:creditAgentTestCase.creditAgentHomeTestCase@64420e34]" name="accountBalance" duration-ms="13580" started-at="2019-03-28T19:24:23Z" finished-at="2019-03-28T19:24:37Z">
          <reporter-output>
          </reporter-output>
        </test-method> <!-- accountBalance -->
        <test-method status="PASS" signature="playerArrearsTotal()[pri:2, instance:creditAgentTestCase.creditAgentHomeTestCase@64420e34]" name="playerArrearsTotal" duration-ms="10715" started-at="2019-03-28T19:24:37Z" finished-at="2019-03-28T19:24:48Z">
          <reporter-output>
          </reporter-output>
        </test-method> <!-- playerArrearsTotal -->
        <test-method status="PASS" signature="lowerServiceArrearsTotal()[pri:3, instance:creditAgentTestCase.creditAgentHomeTestCase@64420e34]" name="lowerServiceArrearsTotal" duration-ms="10737" started-at="2019-03-28T19:24:48Z" finished-at="2019-03-28T19:24:59Z">
          <reporter-output>
          </reporter-output>
        </test-method> <!-- lowerServiceArrearsTotal -->
        <test-method status="FAIL" signature="SinceOperationsPlayerNumber()[pri:4, instance:creditAgentTestCase.creditAgentHomeTestCase@64420e34]" name="SinceOperationsPlayerNumber" duration-ms="12228" started-at="2019-03-28T19:24:59Z" finished-at="2019-03-28T19:25:11Z">
          <exception class="java.lang.AssertionError">
            <message>
              <![CDATA[expected [true] but found [false]]]>
            </message>
            <full-stacktrace>
              <![CDATA[java.lang.AssertionError: expected [true] but found [false]
	at org.testng.Assert.fail(Assert.java:94)
	at org.testng.Assert.failNotEquals(Assert.java:496)
	at org.testng.Assert.assertTrue(Assert.java:42)
	at org.testng.Assert.assertTrue(Assert.java:52)
	at creditAgentTestCase.creditAgentHomeTestCase.SinceOperationsPlayerNumber(creditAgentHomeTestCase.java:116)
	at sun.reflect.NativeMethodAccessorImpl.invoke0(Native Method)
	at sun.reflect.NativeMethodAccessorImpl.invoke(NativeMethodAccessorImpl.java:62)
	at sun.reflect.DelegatingMethodAccessorImpl.invoke(DelegatingMethodAccessorImpl.java:43)
	at java.lang.reflect.Method.invoke(Method.java:498)
	at org.testng.internal.MethodInvocationHelper.invokeMethod(MethodInvocationHelper.java:85)
	at org.testng.internal.Invoker.invokeMethod(Invoker.java:639)
	at org.testng.internal.Invoker.invokeTestMethod(Invoker.java:816)
	at org.testng.internal.Invoker.invokeTestMethods(Invoker.java:1124)
	at org.testng.internal.TestMethodWorker.invokeTestMethods(TestMethodWorker.java:125)
	at org.testng.internal.TestMethodWorker.run(TestMethodWorker.java:108)
	at org.testng.TestRunner.privateRun(TestRunner.java:774)
	at org.testng.TestRunner.run(TestRunner.java:624)
	at org.testng.SuiteRunner.runTest(SuiteRunner.java:359)
	at org.testng.SuiteRunner.runSequentially(SuiteRunner.java:354)
	at org.testng.SuiteRunner.privateRun(SuiteRunner.java:312)
	at org.testng.SuiteRunner.run(SuiteRunner.java:261)
	at org.testng.SuiteRunnerWorker.runSuite(SuiteRunnerWorker.java:52)
	at org.testng.SuiteRunnerWorker.run(SuiteRunnerWorker.java:86)
	at org.testng.TestNG.runSuitesSequentially(TestNG.java:1191)
	at org.testng.TestNG.runSuitesLocally(TestNG.java:1116)
	at org.testng.TestNG.run(TestNG.java:1024)
	at org.apache.maven.surefire.testng.TestNGExecutor.run(TestNGExecutor.java:283)
	at org.apache.maven.surefire.testng.TestNGXmlTestSuite.execute(TestNGXmlTestSuite.java:75)
	at org.apache.maven.surefire.testng.TestNGProvider.invoke(TestNGProvider.java:120)
	at org.apache.maven.surefire.booter.ForkedBooter.invokeProviderInSameClassLoader(ForkedBooter.java:386)
	at org.apache.maven.surefire.booter.ForkedBooter.runSuitesInProcess(ForkedBooter.java:323)
	at org.apache.maven.surefire.booter.ForkedBooter.main(ForkedBooter.java:143)
]]>
            </full-stacktrace>
          </exception> <!-- java.lang.AssertionError -->
          <reporter-output>
          </reporter-output>
        </test-method> <!-- SinceOperationsPlayerNumber -->
        <test-method status="FAIL" signature="lowerSinceOperationsAgentNumber()[pri:5, instance:creditAgentTestCase.creditAgentHomeTestCase@64420e34]" name="lowerSinceOperationsAgentNumber" duration-ms="19436" started-at="2019-03-28T19:25:11Z" finished-at="2019-03-28T19:25:30Z">
          <exception class="org.openqa.selenium.NoSuchElementException">
            <message>
              <![CDATA[no such element: Unable to locate element: {"method":"xpath","selector":"/html/body/div[6]/div[1]/div[1]/ul/li[2]/span"}
  (Session info: chrome=73.0.3683.86)
  (Driver info: chromedriver=2.45.615291 (ec3682e3c9061c10f26ea9e5cdcf3c53f3f74387),platform=Windows NT 10.0.17134 x86_64) (WARNING: The server did not provide any stacktrace information)
Command duration or timeout: 10.03 seconds
For documentation on this error, please visit: http://seleniumhq.org/exceptions/no_such_element.html
Build info: version: '3.0.0', revision: '350cf60', time: '2016-10-13 10:48:57 -0700'
System info: host: 'DESKTOP-NDF1E9V', ip: '192.168.232.1', os.name: 'Windows 10', os.arch: 'amd64', os.version: '10.0', java.version: '1.8.0_191'
Driver info: org.openqa.selenium.chrome.ChromeDriver
Capabilities [{mobileEmulationEnabled=false, timeouts={implicit=0, pageLoad=300000, script=30000}, hasTouchScreen=false, platform=XP, acceptSslCerts=false, goog:chromeOptions={debuggerAddress=localhost:31938}, acceptInsecureCerts=false, webStorageEnabled=true, browserName=chrome, takesScreenshot=true, javascriptEnabled=true, setWindowRect=true, unexpectedAlertBehaviour=ignore, applicationCacheEnabled=false, rotatable=false, networkConnectionEnabled=false, chrome={chromedriverVersion=2.45.615291 (ec3682e3c9061c10f26ea9e5cdcf3c53f3f74387), userDataDir=C:\Users\jtc\AppData\Local\Temp\scoped_dir37700_18791}, takesHeapSnapshot=true, pageLoadStrategy=normal, strictFileInteractability=false, databaseEnabled=false, handlesAlerts=true, version=73.0.3683.86, browserConnectionEnabled=false, proxy={}, nativeEvents=true, locationContextEnabled=true, cssSelectorsEnabled=true}]
Session ID: 6b4099f76ee5c21c44fc287e3ee43e56
*** Element info: {Using=xpath, value=/html/body/div[6]/div[1]/div[1]/ul/li[2]/span}]]>
            </message>
            <full-stacktrace>
              <![CDATA[org.openqa.selenium.NoSuchElementException: no such element: Unable to locate element: {"method":"xpath","selector":"/html/body/div[6]/div[1]/div[1]/ul/li[2]/span"}
  (Session info: chrome=73.0.3683.86)
  (Driver info: chromedriver=2.45.615291 (ec3682e3c9061c10f26ea9e5cdcf3c53f3f74387),platform=Windows NT 10.0.17134 x86_64) (WARNING: The server did not provide any stacktrace information)
Command duration or timeout: 10.03 seconds
For documentation on this error, please visit: http://seleniumhq.org/exceptions/no_such_element.html
Build info: version: '3.0.0', revision: '350cf60', time: '2016-10-13 10:48:57 -0700'
System info: host: 'DESKTOP-NDF1E9V', ip: '192.168.232.1', os.name: 'Windows 10', os.arch: 'amd64', os.version: '10.0', java.version: '1.8.0_191'
Driver info: org.openqa.selenium.chrome.ChromeDriver
Capabilities [{mobileEmulationEnabled=false, timeouts={implicit=0, pageLoad=300000, script=30000}, hasTouchScreen=false, platform=XP, acceptSslCerts=false, goog:chromeOptions={debuggerAddress=localhost:31938}, acceptInsecureCerts=false, webStorageEnabled=true, browserName=chrome, takesScreenshot=true, javascriptEnabled=true, setWindowRect=true, unexpectedAlertBehaviour=ignore, applicationCacheEnabled=false, rotatable=false, networkConnectionEnabled=false, chrome={chromedriverVersion=2.45.615291 (ec3682e3c9061c10f26ea9e5cdcf3c53f3f74387), userDataDir=C:\Users\jtc\AppData\Local\Temp\scoped_dir37700_18791}, takesHeapSnapshot=true, pageLoadStrategy=normal, strictFileInteractability=false, databaseEnabled=false, handlesAlerts=true, version=73.0.3683.86, browserConnectionEnabled=false, proxy={}, nativeEvents=true, locationContextEnabled=true, cssSelectorsEnabled=true}]
Session ID: 6b4099f76ee5c21c44fc287e3ee43e56
*** Element info: {Using=xpath, value=/html/body/div[6]/div[1]/div[1]/ul/li[2]/span}
	at sun.reflect.NativeConstructorAccessorImpl.newInstance0(Native Method)
	at sun.reflect.NativeConstructorAccessorImpl.newInstance(NativeConstructorAccessorImpl.java:62)
	at sun.reflect.DelegatingConstructorAccessorImpl.newInstance(DelegatingConstructorAccessorImpl.java:45)
	at java.lang.reflect.Constructor.newInstance(Constructor.java:423)
	at org.openqa.selenium.remote.ErrorHandler.createThrowable(ErrorHandler.java:216)
	at org.openqa.selenium.remote.ErrorHandler.throwIfResponseFailed(ErrorHandler.java:168)
	at org.openqa.selenium.remote.RemoteWebDriver.execute(RemoteWebDriver.java:635)
	at org.openqa.selenium.remote.RemoteWebDriver.findElement(RemoteWebDriver.java:368)
	at org.openqa.selenium.remote.RemoteWebDriver.findElementByXPath(RemoteWebDriver.java:473)
	at org.openqa.selenium.By$ByXPath.findElement(By.java:361)
	at org.openqa.selenium.remote.RemoteWebDriver.findElement(RemoteWebDriver.java:360)
	at PublicMethod.WebDriverUtil.findElementByXpathAndClick(WebDriverUtil.java:305)
	at creditAgentTestCase.creditAgentHomeTestCase.lowerSinceOperationsAgentNumber(creditAgentHomeTestCase.java:135)
	at sun.reflect.NativeMethodAccessorImpl.invoke0(Native Method)
	at sun.reflect.NativeMethodAccessorImpl.invoke(NativeMethodAccessorImpl.java:62)
	at sun.reflect.DelegatingMethodAccessorImpl.invoke(DelegatingMethodAccessorImpl.java:43)
	at java.lang.reflect.Method.invoke(Method.java:498)
	at org.testng.internal.MethodInvocationHelper.invokeMethod(MethodInvocationHelper.java:85)
	at org.testng.internal.Invoker.invokeMethod(Invoker.java:639)
	at org.testng.internal.Invoker.invokeTestMethod(Invoker.java:816)
	at org.testng.internal.Invoker.invokeTestMethods(Invoker.java:1124)
	at org.testng.internal.TestMethodWorker.invokeTestMethods(TestMethodWorker.java:125)
	at org.testng.internal.TestMethodWorker.run(TestMethodWorker.java:108)
	at org.testng.TestRunner.privateRun(TestRunner.java:774)
	at org.testng.TestRunner.run(TestRunner.java:624)
	at org.testng.SuiteRunner.runTest(SuiteRunner.java:359)
	at org.testng.SuiteRunner.runSequentially(SuiteRunner.java:354)
	at org.testng.SuiteRunner.privateRun(SuiteRunner.java:312)
	at org.testng.SuiteRunner.run(SuiteRunner.java:261)
	at org.testng.SuiteRunnerWorker.runSuite(SuiteRunnerWorker.java:52)
	at org.testng.SuiteRunnerWorker.run(SuiteRunnerWorker.java:86)
	at org.testng.TestNG.runSuitesSequentially(TestNG.java:1191)
	at org.testng.TestNG.runSuitesLocally(TestNG.java:1116)
	at org.testng.TestNG.run(TestNG.java:1024)
	at org.apache.maven.surefire.testng.TestNGExecutor.run(TestNGExecutor.java:283)
	at org.apache.maven.surefire.testng.TestNGXmlTestSuite.execute(TestNGXmlTestSuite.java:75)
	at org.apache.maven.surefire.testng.TestNGProvider.invoke(TestNGProvider.java:120)
	at org.apache.maven.surefire.booter.ForkedBooter.invokeProviderInSameClassLoader(ForkedBooter.java:386)
	at org.apache.maven.surefire.booter.ForkedBooter.runSuitesInProcess(ForkedBooter.java:323)
	at org.apache.maven.surefire.booter.ForkedBooter.main(ForkedBooter.java:143)
]]>
            </full-stacktrace>
          </exception> <!-- org.openqa.selenium.NoSuchElementException -->
          <reporter-output>
          </reporter-output>
        </test-method> <!-- lowerSinceOperationsAgentNumber -->
      </class> <!-- creditAgentTestCase.creditAgentHomeTestCase -->
      <class name="adminTestCase.creditDetailTestCase">
        <test-method status="PASS" signature="creditExplorerNumber()[pri:1, instance:adminTestCase.creditDetailTestCase@1fa9692b]" name="creditExplorerNumber" duration-ms="16150" started-at="2019-03-28T19:20:11Z" finished-at="2019-03-28T19:20:27Z">
          <reporter-output>
          </reporter-output>
        </test-method> <!-- creditExplorerNumber -->
        <test-method status="PASS" signature="creditExplorerServiceHistoryTotal()[pri:2, instance:adminTestCase.creditDetailTestCase@1fa9692b]" name="creditExplorerServiceHistoryTotal" duration-ms="24132" started-at="2019-03-28T19:20:27Z" finished-at="2019-03-28T19:20:51Z">
          <reporter-output>
          </reporter-output>
        </test-method> <!-- creditExplorerServiceHistoryTotal -->
        <test-method status="PASS" signature="creditExplorerAccountBalance()[pri:3, instance:adminTestCase.creditDetailTestCase@1fa9692b]" name="creditExplorerAccountBalance" duration-ms="22863" started-at="2019-03-28T19:20:51Z" finished-at="2019-03-28T19:21:14Z">
          <reporter-output>
          </reporter-output>
        </test-method> <!-- creditExplorerAccountBalance -->
        <test-method status="PASS" signature="creditBusinessNumber()[pri:4, instance:adminTestCase.creditDetailTestCase@1fa9692b]" name="creditBusinessNumber" duration-ms="23061" started-at="2019-03-28T19:21:14Z" finished-at="2019-03-28T19:21:37Z">
          <reporter-output>
          </reporter-output>
        </test-method> <!-- creditBusinessNumber -->
        <test-method status="PASS" signature="creditBusinessServiceHistoryTotal()[pri:5, instance:adminTestCase.creditDetailTestCase@1fa9692b]" name="creditBusinessServiceHistoryTotal" duration-ms="28044" started-at="2019-03-28T19:21:37Z" finished-at="2019-03-28T19:22:05Z">
          <reporter-output>
          </reporter-output>
        </test-method> <!-- creditBusinessServiceHistoryTotal -->
        <test-method status="PASS" signature="creditBusinessServiceAccountBalance()[pri:6, instance:adminTestCase.creditDetailTestCase@1fa9692b]" name="creditBusinessServiceAccountBalance" duration-ms="24418" started-at="2019-03-28T19:22:05Z" finished-at="2019-03-28T19:22:30Z">
          <reporter-output>
          </reporter-output>
        </test-method> <!-- creditBusinessServiceAccountBalance -->
        <test-method status="PASS" signature="creditAgentServiceHistoryTotal()[pri:7, instance:adminTestCase.creditDetailTestCase@1fa9692b]" name="creditAgentServiceHistoryTotal" duration-ms="23002" started-at="2019-03-28T19:22:30Z" finished-at="2019-03-28T19:22:53Z">
          <reporter-output>
          </reporter-output>
        </test-method> <!-- creditAgentServiceHistoryTotal -->
        <test-method status="PASS" signature="creditAgentServiceAccountBalance()[pri:8, instance:adminTestCase.creditDetailTestCase@1fa9692b]" name="creditAgentServiceAccountBalance" duration-ms="22973" started-at="2019-03-28T19:22:53Z" finished-at="2019-03-28T19:23:16Z">
          <reporter-output>
          </reporter-output>
        </test-method> <!-- creditAgentServiceAccountBalance -->
      </class> <!-- adminTestCase.creditDetailTestCase -->
      <class name="creditAgentTestCase.creditAgentPlayerTestCase">
        <test-method status="PASS" signature="newPlayer()[pri:1, instance:creditAgentTestCase.creditAgentPlayerTestCase@667a467f]" name="newPlayer" duration-ms="15731" started-at="2019-03-28T19:25:30Z" finished-at="2019-03-28T19:25:46Z">
          <reporter-output>
          </reporter-output>
        </test-method> <!-- newPlayer -->
      </class> <!-- creditAgentTestCase.creditAgentPlayerTestCase -->
    </test> <!-- C:/Users/jtc/IdeaProjects/game -->
  </suite> <!-- All Test Suite -->
</testng-results>
