<?xml version="1.0" encoding="UTF-8"?>
<testng-results skipped="34" failed="0" total="34" passed="0">
  <reporter-output>
  </reporter-output>
  <suite name="Default Suite" duration-ms="2271" started-at="2019-10-21T02:12:54Z" finished-at="2019-10-21T02:12:56Z">
    <groups>
    </groups>
    <test name="webdriverCpTest" duration-ms="2271" started-at="2019-10-21T02:12:54Z" finished-at="2019-10-21T02:12:56Z">
      <class name="Backstage.admin.panel">
        <test-method status="SKIP" signature="playerNumber()[pri:1, instance:Backstage.admin.panel@1ccfd1]" name="playerNumber" duration-ms="2" started-at="2019-10-21T10:12:56Z" finished-at="2019-10-21T10:12:56Z">
          <reporter-output>
          </reporter-output>
        </test-method> <!-- playerNumber -->
        <test-method status="SKIP" signature="notesNumber()[pri:2, instance:Backstage.admin.panel@1ccfd1]" name="notesNumber" duration-ms="2" started-at="2019-10-21T10:12:56Z" finished-at="2019-10-21T10:12:56Z">
          <reporter-output>
          </reporter-output>
        </test-method> <!-- notesNumber -->
      </class> <!-- Backstage.admin.panel -->
      <class name="Backstage.admin.FinanceManagement">
        <test-method status="SKIP" signature="rechargeNumber()[pri:1, instance:Backstage.admin.FinanceManagement@ead673]" name="rechargeNumber" duration-ms="1" started-at="2019-10-21T10:12:56Z" finished-at="2019-10-21T10:12:56Z">
          <reporter-output>
          </reporter-output>
        </test-method> <!-- rechargeNumber -->
        <test-method status="SKIP" signature="rechargeBalance()[pri:2, instance:Backstage.admin.FinanceManagement@ead673]" name="rechargeBalance" duration-ms="2" started-at="2019-10-21T10:12:56Z" finished-at="2019-10-21T10:12:56Z">
          <reporter-output>
          </reporter-output>
        </test-method> <!-- rechargeBalance -->
        <test-method status="SKIP" signature="balanceWithdraw()[pri:3, instance:Backstage.admin.FinanceManagement@ead673]" name="balanceWithdraw" duration-ms="2" started-at="2019-10-21T10:12:56Z" finished-at="2019-10-21T10:12:56Z">
          <reporter-output>
          </reporter-output>
        </test-method> <!-- balanceWithdraw -->
        <test-method status="SKIP" signature="balanceVip()[pri:4, instance:Backstage.admin.FinanceManagement@ead673]" name="balanceVip" duration-ms="2" started-at="2019-10-21T10:12:56Z" finished-at="2019-10-21T10:12:56Z">
          <reporter-output>
          </reporter-output>
        </test-method> <!-- balanceVip -->
        <test-method status="SKIP" signature="ReconciliationVip()[pri:5, instance:Backstage.admin.FinanceManagement@ead673]" name="ReconciliationVip" duration-ms="2" started-at="2019-10-21T10:12:56Z" finished-at="2019-10-21T10:12:56Z">
          <reporter-output>
          </reporter-output>
        </test-method> <!-- ReconciliationVip -->
        <test-method status="SKIP" signature="BalanceVipToday()[pri:7, instance:Backstage.admin.FinanceManagement@ead673]" name="BalanceVipToday" duration-ms="2" started-at="2019-10-21T10:12:56Z" finished-at="2019-10-21T10:12:56Z">
          <reporter-output>
          </reporter-output>
        </test-method> <!-- BalanceVipToday -->
        <test-method status="SKIP" signature="rechargeOnline()[pri:8, instance:Backstage.admin.FinanceManagement@ead673]" name="rechargeOnline" duration-ms="1" started-at="2019-10-21T10:12:56Z" finished-at="2019-10-21T10:12:56Z">
          <reporter-output>
          </reporter-output>
        </test-method> <!-- rechargeOnline -->
        <test-method status="SKIP" signature="underLine()[pri:9, instance:Backstage.admin.FinanceManagement@ead673]" name="underLine" duration-ms="1" started-at="2019-10-21T10:12:56Z" finished-at="2019-10-21T10:12:56Z">
          <reporter-output>
          </reporter-output>
        </test-method> <!-- underLine -->
        <test-method status="SKIP" signature="rechargeMoney()[pri:10, instance:Backstage.admin.FinanceManagement@ead673]" name="rechargeMoney" duration-ms="2" started-at="2019-10-21T10:12:56Z" finished-at="2019-10-21T10:12:56Z">
          <reporter-output>
          </reporter-output>
        </test-method> <!-- rechargeMoney -->
        <test-method status="SKIP" signature="practiceLoseOrWin()[pri:11, instance:Backstage.admin.FinanceManagement@ead673]" name="practiceLoseOrWin" duration-ms="1" started-at="2019-10-21T10:12:56Z" finished-at="2019-10-21T10:12:56Z">
          <reporter-output>
          </reporter-output>
        </test-method> <!-- practiceLoseOrWin -->
        <test-method status="SKIP" signature="unLiquidatedMoney()[pri:12, instance:Backstage.admin.FinanceManagement@ead673]" name="unLiquidatedMoney" duration-ms="2" started-at="2019-10-21T10:12:56Z" finished-at="2019-10-21T10:12:56Z">
          <reporter-output>
          </reporter-output>
        </test-method> <!-- unLiquidatedMoney -->
      </class> <!-- Backstage.admin.FinanceManagement -->
      <class name="CPBet.cycleRacingCar">
        <test-method status="FAIL" signature="login()[pri:0, instance:CPBet.cycleRacingCar@1e11bda]" name="login" is-config="true" duration-ms="0" started-at="2019-10-21T10:12:54Z" finished-at="2019-10-21T10:12:54Z">
          <exception class="org.openqa.selenium.NoSuchSessionException">
            <message>
              <![CDATA[invalid session id
  (Driver info: chromedriver=2.46.628402 (536cd7adbad73a3783fdc2cab92ab2ba7ec361e1),platform=Windows NT 10.0.18362 x86_64) (WARNING: The server did not provide any stacktrace information)
Command duration or timeout: 8 milliseconds
Build info: version: '3.0.0', revision: '350cf60', time: '2016-10-13 10:48:57 -0700'
System info: host: 'DESKTOP-APMUM9I', ip: '10.1.101.21', os.name: 'Windows 10', os.arch: 'x86', os.version: '10.0', java.version: '1.8.0_221'
Driver info: org.openqa.selenium.chrome.ChromeDriver
Capabilities [{message=session not created: Chrome version must be between 71 and 75
  (Driver info: chromedriver=2.46.628402 (536cd7adbad73a3783fdc2cab92ab2ba7ec361e1),platform=Windows NT 10.0.18362 x86_64), platform=ANY}]
Session ID: 8da109b52a6b4363a6c548233e42a46c]]>
            </message>
            <full-stacktrace>
              <![CDATA[org.openqa.selenium.NoSuchSessionException: invalid session id
  (Driver info: chromedriver=2.46.628402 (536cd7adbad73a3783fdc2cab92ab2ba7ec361e1),platform=Windows NT 10.0.18362 x86_64) (WARNING: The server did not provide any stacktrace information)
Command duration or timeout: 8 milliseconds
Build info: version: '3.0.0', revision: '350cf60', time: '2016-10-13 10:48:57 -0700'
System info: host: 'DESKTOP-APMUM9I', ip: '10.1.101.21', os.name: 'Windows 10', os.arch: 'x86', os.version: '10.0', java.version: '1.8.0_221'
Driver info: org.openqa.selenium.chrome.ChromeDriver
Capabilities [{message=session not created: Chrome version must be between 71 and 75
  (Driver info: chromedriver=2.46.628402 (536cd7adbad73a3783fdc2cab92ab2ba7ec361e1),platform=Windows NT 10.0.18362 x86_64), platform=ANY}]
Session ID: 8da109b52a6b4363a6c548233e42a46c
	at sun.reflect.NativeConstructorAccessorImpl.newInstance0(Native Method)
	at sun.reflect.NativeConstructorAccessorImpl.newInstance(NativeConstructorAccessorImpl.java:62)
	at sun.reflect.DelegatingConstructorAccessorImpl.newInstance(DelegatingConstructorAccessorImpl.java:45)
	at java.lang.reflect.Constructor.newInstance(Constructor.java:423)
	at org.openqa.selenium.remote.ErrorHandler.createThrowable(ErrorHandler.java:216)
	at org.openqa.selenium.remote.ErrorHandler.throwIfResponseFailed(ErrorHandler.java:168)
	at org.openqa.selenium.remote.RemoteWebDriver.execute(RemoteWebDriver.java:635)
	at org.openqa.selenium.remote.RemoteWebDriver.get(RemoteWebDriver.java:322)
	at SeleniumMethod.WebDriverUtil.loginBefore(WebDriverUtil.java:120)
	at CPBet.cycleRacingCar.login(cycleRacingCar.java:31)
	at sun.reflect.NativeMethodAccessorImpl.invoke0(Native Method)
	at sun.reflect.NativeMethodAccessorImpl.invoke(NativeMethodAccessorImpl.java:62)
	at sun.reflect.DelegatingMethodAccessorImpl.invoke(DelegatingMethodAccessorImpl.java:43)
	at java.lang.reflect.Method.invoke(Method.java:498)
	at org.testng.internal.MethodInvocationHelper.invokeMethod(MethodInvocationHelper.java:85)
	at org.testng.internal.Invoker.invokeConfigurationMethod(Invoker.java:510)
	at org.testng.internal.Invoker.invokeConfigurations(Invoker.java:211)
	at org.testng.internal.Invoker.invokeConfigurations(Invoker.java:138)
	at org.testng.TestRunner.beforeRun(TestRunner.java:648)
	at org.testng.TestRunner.run(TestRunner.java:616)
	at org.testng.SuiteRunner.runTest(SuiteRunner.java:359)
	at org.testng.SuiteRunner.runSequentially(SuiteRunner.java:354)
	at org.testng.SuiteRunner.privateRun(SuiteRunner.java:312)
	at org.testng.SuiteRunner.run(SuiteRunner.java:261)
	at org.testng.SuiteRunnerWorker.runSuite(SuiteRunnerWorker.java:52)
	at org.testng.SuiteRunnerWorker.run(SuiteRunnerWorker.java:86)
	at org.testng.TestNG.runSuitesSequentially(TestNG.java:1191)
	at org.testng.TestNG.runSuitesLocally(TestNG.java:1116)
	at org.testng.TestNG.run(TestNG.java:1024)
	at org.testng.IDEARemoteTestNG.run(IDEARemoteTestNG.java:73)
	at org.testng.RemoteTestNGStarter.main(RemoteTestNGStarter.java:123)
]]>
            </full-stacktrace>
          </exception> <!-- org.openqa.selenium.NoSuchSessionException -->
          <reporter-output>
          </reporter-output>
        </test-method> <!-- login -->
        <test-method status="SKIP" signature="loginBefore()[pri:0, instance:Backstage.admin.panel@1ccfd1]" name="loginBefore" is-config="true" duration-ms="0" started-at="2019-10-21T10:12:56Z" finished-at="2019-10-21T10:12:56Z">
          <reporter-output>
          </reporter-output>
        </test-method> <!-- loginBefore -->
        <test-method status="SKIP" signature="loginBefore()[pri:0, instance:Backstage.admin.test@1de6148]" name="loginBefore" is-config="true" duration-ms="0" started-at="2019-10-21T10:12:56Z" finished-at="2019-10-21T10:12:56Z">
          <reporter-output>
          </reporter-output>
        </test-method> <!-- loginBefore -->
        <test-method status="SKIP" signature="issue()[pri:1, instance:CPBet.cycleRacingCar@1e11bda]" name="issue" duration-ms="45" started-at="2019-10-21T10:12:56Z" finished-at="2019-10-21T10:12:56Z">
          <reporter-output>
          </reporter-output>
        </test-method> <!-- issue -->
        <test-method status="SKIP" signature="openLotteryTime()[pri:2, instance:CPBet.cycleRacingCar@1e11bda]" name="openLotteryTime" duration-ms="1" started-at="2019-10-21T10:12:56Z" finished-at="2019-10-21T10:12:56Z">
          <reporter-output>
          </reporter-output>
        </test-method> <!-- openLotteryTime -->
        <test-method status="SKIP" signature="lotteryResult()[pri:3, instance:CPBet.cycleRacingCar@1e11bda]" name="lotteryResult" duration-ms="1" started-at="2019-10-21T10:12:56Z" finished-at="2019-10-21T10:12:56Z">
          <reporter-output>
          </reporter-output>
        </test-method> <!-- lotteryResult -->
        <test-method status="SKIP" signature="close()[pri:0, instance:CPBet.cycleRacingCar@1e11bda]" name="close" is-config="true" duration-ms="0" started-at="2019-10-21T10:12:56Z" finished-at="2019-10-21T10:12:56Z">
          <reporter-output>
          </reporter-output>
        </test-method> <!-- close -->
      </class> <!-- CPBet.cycleRacingCar -->
      <class name="UtilTest.StringToNumber">
        <test-method status="SKIP" signature="StringInt()[pri:0, instance:UtilTest.StringToNumber@10a0a1e]" name="StringInt" duration-ms="2" started-at="2019-10-21T10:12:56Z" finished-at="2019-10-21T10:12:56Z">
          <reporter-output>
          </reporter-output>
        </test-method> <!-- StringInt -->
        <test-method status="SKIP" signature="contains()[pri:0, instance:UtilTest.StringToNumber@10a0a1e]" name="contains" duration-ms="2" started-at="2019-10-21T10:12:56Z" finished-at="2019-10-21T10:12:56Z">
          <reporter-output>
          </reporter-output>
        </test-method> <!-- contains -->
        <test-method status="SKIP" signature="number()[pri:0, instance:UtilTest.StringToNumber@10a0a1e]" name="number" duration-ms="2" started-at="2019-10-21T10:12:56Z" finished-at="2019-10-21T10:12:56Z">
          <reporter-output>
          </reporter-output>
        </test-method> <!-- number -->
        <test-method status="SKIP" signature="subString()[pri:0, instance:UtilTest.StringToNumber@10a0a1e]" name="subString" duration-ms="1" started-at="2019-10-21T10:12:56Z" finished-at="2019-10-21T10:12:56Z">
          <reporter-output>
          </reporter-output>
        </test-method> <!-- subString -->
        <test-method status="SKIP" signature="test()[pri:0, instance:UtilTest.StringToNumber@10a0a1e]" name="test" duration-ms="2" started-at="2019-10-21T10:12:56Z" finished-at="2019-10-21T10:12:56Z">
          <reporter-output>
          </reporter-output>
        </test-method> <!-- test -->
        <test-method status="SKIP" signature="test2()[pri:0, instance:UtilTest.StringToNumber@10a0a1e]" name="test2" duration-ms="2" started-at="2019-10-21T10:12:56Z" finished-at="2019-10-21T10:12:56Z">
          <reporter-output>
          </reporter-output>
        </test-method> <!-- test2 -->
      </class> <!-- UtilTest.StringToNumber -->
      <class name="Backstage.admin.ReportManagement">
        <test-method status="SKIP" signature="rechargeMoneyTotal()[pri:1, instance:Backstage.admin.ReportManagement@1ba25ff]" name="rechargeMoneyTotal" duration-ms="1" started-at="2019-10-21T10:12:56Z" finished-at="2019-10-21T10:12:56Z">
          <reporter-output>
          </reporter-output>
        </test-method> <!-- rechargeMoneyTotal -->
      </class> <!-- Backstage.admin.ReportManagement -->
      <class name="Backstage.admin.UserManagement">
        <test-method status="SKIP" signature="agentNumber()[pri:1, instance:Backstage.admin.UserManagement@176ef56]" name="agentNumber" duration-ms="2" started-at="2019-10-21T10:12:56Z" finished-at="2019-10-21T10:12:56Z">
          <reporter-output>
          </reporter-output>
        </test-method> <!-- agentNumber -->
        <test-method status="SKIP" signature="vipNumber()[pri:2, instance:Backstage.admin.UserManagement@176ef56]" name="vipNumber" duration-ms="2" started-at="2019-10-21T10:12:56Z" finished-at="2019-10-21T10:12:56Z">
          <reporter-output>
          </reporter-output>
        </test-method> <!-- vipNumber -->
        <test-method status="SKIP" signature="agentVipNumber()[pri:3, instance:Backstage.admin.UserManagement@176ef56]" name="agentVipNumber" duration-ms="2" started-at="2019-10-21T10:12:56Z" finished-at="2019-10-21T10:12:56Z">
          <reporter-output>
          </reporter-output>
        </test-method> <!-- agentVipNumber -->
        <test-method status="SKIP" signature="loginTime()[pri:5, instance:Backstage.admin.UserManagement@176ef56]" name="loginTime" duration-ms="2" started-at="2019-10-21T10:12:56Z" finished-at="2019-10-21T10:12:56Z">
          <reporter-output>
          </reporter-output>
        </test-method> <!-- loginTime -->
        <test-method status="SKIP" signature="desc()[pri:6, instance:Backstage.admin.UserManagement@176ef56]" name="desc" duration-ms="2" started-at="2019-10-21T10:12:56Z" finished-at="2019-10-21T10:12:56Z">
          <reporter-output>
          </reporter-output>
        </test-method> <!-- desc -->
        <test-method status="SKIP" signature="addBalance()[pri:7, instance:Backstage.admin.UserManagement@176ef56]" name="addBalance" duration-ms="2" started-at="2019-10-21T10:12:56Z" finished-at="2019-10-21T10:12:56Z">
          <reporter-output>
          </reporter-output>
        </test-method> <!-- addBalance -->
        <test-method status="SKIP" signature="subtractBalance()[pri:8, instance:Backstage.admin.UserManagement@176ef56]" name="subtractBalance" duration-ms="2" started-at="2019-10-21T10:12:56Z" finished-at="2019-10-21T10:12:56Z">
          <reporter-output>
          </reporter-output>
        </test-method> <!-- subtractBalance -->
        <test-method status="SKIP" signature="vipUsableMoney()[pri:9, instance:Backstage.admin.UserManagement@176ef56]" name="vipUsableMoney" duration-ms="1" started-at="2019-10-21T10:12:56Z" finished-at="2019-10-21T10:12:56Z">
          <reporter-output>
          </reporter-output>
        </test-method> <!-- vipUsableMoney -->
        <test-method status="SKIP" signature="onlinePlayer()[pri:10, instance:Backstage.admin.UserManagement@176ef56]" name="onlinePlayer" duration-ms="2" started-at="2019-10-21T10:12:56Z" finished-at="2019-10-21T10:12:56Z">
          <reporter-output>
          </reporter-output>
        </test-method> <!-- onlinePlayer -->
        <test-method status="SKIP" signature="onlineBackstage()[pri:11, instance:Backstage.admin.UserManagement@176ef56]" name="onlineBackstage" duration-ms="1" started-at="2019-10-21T10:12:56Z" finished-at="2019-10-21T10:12:56Z">
          <reporter-output>
          </reporter-output>
        </test-method> <!-- onlineBackstage -->
      </class> <!-- Backstage.admin.UserManagement -->
      <class name="Backstage.admin.test">
        <test-method status="SKIP" signature="getTest()[pri:0, instance:Backstage.admin.test@1de6148]" name="getTest" duration-ms="2" started-at="2019-10-21T10:12:56Z" finished-at="2019-10-21T10:12:56Z">
          <reporter-output>
          </reporter-output>
        </test-method> <!-- getTest -->
      </class> <!-- Backstage.admin.test -->
    </test> <!-- webdriverCpTest -->
  </suite> <!-- Default Suite -->
</testng-results>
