<?xml version="1.0" encoding="UTF-8"?>
<!-- Generated by org.testng.reporters.JUnitXMLReporter -->
<testsuite hostname="DESKTOP-NDF1E9V" name="信用商务" tests="5" failures="0" timestamp="30 Apr 2019 07:45:29 GMT" time="23.054" errors="0">
  <testcase name="accountBalance" time="2.114" classname="CreditBusiness.CreditBusinessHomeTestCase"/>
  <testcase name="serviceIncomeToday" time="3.189" classname="CreditBusiness.CreditBusinessHomeTestCase"/>
  <testcase name="agentNumber" time="5.267" classname="CreditBusiness.CreditBusinessHomeTestCase"/>
  <testcase name="myServiceAccountChangeMoney" time="2.392" classname="CreditBusiness.MyServiceAccountChangeTestCase"/>
  <testcase name="changeMoney" time="0.037" classname="CreditBusiness.MyServiceAccountChangeTestCase"/>
</testsuite> <!-- 信用商务 -->
