<?xml version="1.0" encoding="UTF-8"?>
<!-- Generated by org.testng.reporters.JUnitXMLReporter -->
<testsuite hostname="DESKTOP-APMUM9I" name="平台管理员" tests="5" failures="2" timestamp="30 Sep 2019 03:10:58 GMT" time="26.262" errors="0">
  <testcase name="loginTime" time="2.985" classname="Backstage.admin.UserManagement"/>
  <testcase name="desc" time="2.231" classname="Backstage.admin.UserManagement">
    <failure type="java.lang.AssertionError" message="expected [true] but found [false]">
      <![CDATA[java.lang.AssertionError: expected [true] but found [false]
	at Backstage.admin.UserManagement.desc(UserManagement.java:111)
... Removed 31 stack frames]]>
    </failure>
  </testcase> <!-- desc -->
  <testcase name="Asc" time="0.174" classname="Backstage.admin.UserManagement"/>
  <testcase name="addBalance" time="2.867" classname="Backstage.admin.UserManagement"/>
  <testcase name="subtractBalance" time="0.112" classname="Backstage.admin.UserManagement">
    <failure type="org.openqa.selenium.WebDriverException" message="unknown error: Element &amp;lt;span&amp;gt;...&amp;lt;/span&amp;gt; is not clickable at point (533, 279). Other element would receive the click: &amp;lt;div class=&amp;quot;el-dialog__wrapper dialog-fade-leave-active dialog-fade-leave-to&amp;quot; style=&amp;quot;z-index: 2001;&amp;quot;&amp;gt;...&amp;lt;/div&amp;gt;
  (Session info: chrome=72.0.3626.119)
  (Driver info: chromedriver=2.46.628402 (536cd7adbad73a3783fdc2cab92ab2ba7ec361e1),platform=Windows NT 10.0.18362 x86_64) (WARNING: The server did not provide any stacktrace information)
Command duration or timeout: 38 milliseconds
Build info: version: &amp;apos;3.0.0&amp;apos;, revision: &amp;apos;350cf60&amp;apos;, time: &amp;apos;2016-10-13 10:48:57 -0700&amp;apos;
System info: host: &amp;apos;DESKTOP-APMUM9I&amp;apos;, ip: &amp;apos;172.18.52.126&amp;apos;, os.name: &amp;apos;Windows 10&amp;apos;, os.arch: &amp;apos;x86&amp;apos;, os.version: &amp;apos;10.0&amp;apos;, java.version: &amp;apos;1.8.0_221&amp;apos;
Driver info: org.openqa.selenium.chrome.ChromeDriver
Capabilities [{mobileEmulationEnabled=false, timeouts={implicit=0, pageLoad=300000, script=30000}, hasTouchScreen=false, platform=XP, acceptSslCerts=false, goog:chromeOptions={debuggerAddress=localhost:54614}, acceptInsecureCerts=false, webStorageEnabled=true, browserName=chrome, takesScreenshot=true, javascriptEnabled=true, setWindowRect=true, unexpectedAlertBehaviour=ignore, applicationCacheEnabled=false, rotatable=false, networkConnectionEnabled=false, chrome={chromedriverVersion=2.46.628402 (536cd7adbad73a3783fdc2cab92ab2ba7ec361e1), userDataDir=C:\Users\ADMINI~1\AppData\Local\Temp\scoped_dir1532_27051}, takesHeapSnapshot=true, pageLoadStrategy=normal, strictFileInteractability=false, databaseEnabled=false, handlesAlerts=true, version=72.0.3626.119, browserConnectionEnabled=false, proxy={}, nativeEvents=true, locationContextEnabled=true, cssSelectorsEnabled=true}]
Session ID: 1fb0977d5a2a62a62eee4e5485d4a297">
      <![CDATA[org.openqa.selenium.WebDriverException: unknown error: Element <span>...</span> is not clickable at point (533, 279). Other element would receive the click: <div class="el-dialog__wrapper dialog-fade-leave-active dialog-fade-leave-to" style="z-index: 2001;">...</div>
  (Session info: chrome=72.0.3626.119)
  (Driver info: chromedriver=2.46.628402 (536cd7adbad73a3783fdc2cab92ab2ba7ec361e1),platform=Windows NT 10.0.18362 x86_64) (WARNING: The server did not provide any stacktrace information)
Command duration or timeout: 38 milliseconds
Build info: version: '3.0.0', revision: '350cf60', time: '2016-10-13 10:48:57 -0700'
System info: host: 'DESKTOP-APMUM9I', ip: '172.18.52.126', os.name: 'Windows 10', os.arch: 'x86', os.version: '10.0', java.version: '1.8.0_221'
Driver info: org.openqa.selenium.chrome.ChromeDriver
Capabilities [{mobileEmulationEnabled=false, timeouts={implicit=0, pageLoad=300000, script=30000}, hasTouchScreen=false, platform=XP, acceptSslCerts=false, goog:chromeOptions={debuggerAddress=localhost:54614}, acceptInsecureCerts=false, webStorageEnabled=true, browserName=chrome, takesScreenshot=true, javascriptEnabled=true, setWindowRect=true, unexpectedAlertBehaviour=ignore, applicationCacheEnabled=false, rotatable=false, networkConnectionEnabled=false, chrome={chromedriverVersion=2.46.628402 (536cd7adbad73a3783fdc2cab92ab2ba7ec361e1), userDataDir=C:\Users\ADMINI~1\AppData\Local\Temp\scoped_dir1532_27051}, takesHeapSnapshot=true, pageLoadStrategy=normal, strictFileInteractability=false, databaseEnabled=false, handlesAlerts=true, version=72.0.3626.119, browserConnectionEnabled=false, proxy={}, nativeEvents=true, locationContextEnabled=true, cssSelectorsEnabled=true}]
Session ID: 1fb0977d5a2a62a62eee4e5485d4a297
	at org.openqa.selenium.remote.ErrorHandler.createThrowable(ErrorHandler.java:216)
	at org.openqa.selenium.remote.ErrorHandler.throwIfResponseFailed(ErrorHandler.java:168)
	at org.openqa.selenium.remote.RemoteWebDriver.execute(RemoteWebDriver.java:635)
	at org.openqa.selenium.remote.RemoteWebElement.execute(RemoteWebElement.java:274)
	at org.openqa.selenium.remote.RemoteWebElement.click(RemoteWebElement.java:84)
	at SeleniumMethod.WebDriverUtil.findElementByXpathAndClick(WebDriverUtil.java:268)
	at Backstage.admin.UserManagement.subtractBalance(UserManagement.java:186)
... Removed 31 stack frames]]>
    </failure>
  </testcase> <!-- subtractBalance -->
</testsuite> <!-- 平台管理员 -->
