<?xml version="1.0" encoding="UTF-8"?>
<!-- Generated by org.testng.reporters.JUnitXMLReporter -->
<testsuite hostname="DESKTOP-NDF1E9V" name="平台管理员" tests="29" failures="5" timestamp="30 Apr 2019 07:43:02 GMT" time="292.779" errors="0">
  <testcase name="serviceIncomeToday" time="3.299" classname="Admin.AdminHomeTestCase"/>
  <testcase name="sinceBusinessOperationsTotalArrears" time="6.841" classname="Admin.AdminHomeTestCase"/>
  <testcase name="playerNumber" time="6.673" classname="Admin.AdminHomeTestCase"/>
  <testcase name="systemWinOrLose" time="6.608" classname="Admin.AdminHomeTestCase"/>
  <testcase name="todayCommission" time="6.592" classname="Admin.AdminHomeTestCase"/>
  <testcase name="rechargeMoneyToday" time="6.753" classname="Admin.AdminHomeTestCase"/>
  <testcase name="withdrawMoneyToday" time="6.835" classname="Admin.AdminHomeTestCase"/>
  <testcase name="waitRechargeCommission" time="6.686" classname="Admin.AdminHomeTestCase"/>
  <testcase name="playerNumberDetail" time="8.941" classname="Admin.AdminHomeTestCase"/>
  <testcase name="BusinessPlayerTotal" time="6.395" classname="Admin.BusinessDetailCashTestCase">
    <failure type="java.lang.AssertionError" message="expected [true] but found [false]">
      <![CDATA[java.lang.AssertionError: expected [true] but found [false]
	at Admin.BusinessDetailCashTestCase.BusinessPlayerTotal(BusinessDetailCashTestCase.java:66)
... Removed 31 stack frames]]>
    </failure>
  </testcase> <!-- BusinessPlayerTotal -->
  <testcase name="ImmediateLowerNumber" time="5.703" classname="Admin.BusinessDetailCashTestCase"/>
  <testcase name="taxTotal" time="5.187" classname="Admin.BusinessDetailCashTestCase">
    <failure type="java.lang.NullPointerException">
      <![CDATA[java.lang.NullPointerException
	at java.math.BigDecimal.add(BigDecimal.java:1288)
	at Admin.BusinessDetailCashTestCase.taxTotal(BusinessDetailCashTestCase.java:145)
... Removed 27 stack frames]]>
    </failure>
  </testcase> <!-- taxTotal -->
  <testcase name="BusinessCommissionTotal" time="9.368" classname="Admin.BusinessDetailCashTestCase">
    <failure type="java.lang.AssertionError" message="expected [true] but found [false]">
      <![CDATA[java.lang.AssertionError: expected [true] but found [false]
	at Admin.BusinessDetailCashTestCase.BusinessCommissionTotal(BusinessDetailCashTestCase.java:206)
... Removed 31 stack frames]]>
    </failure>
  </testcase> <!-- BusinessCommissionTotal -->
  <testcase name="creditExplorerServiceHistoryTotal" time="17.331" classname="Admin.BusinessDetailCreditTestCase"/>
  <testcase name="creditExplorerAccountBalance" time="17.08" classname="Admin.BusinessDetailCreditTestCase"/>
  <testcase name="creditBusinessServiceHistoryTotal" time="19.368" classname="Admin.BusinessDetailCreditTestCase"/>
  <testcase name="creditBusinessServiceAccountBalance" time="19.124" classname="Admin.BusinessDetailCreditTestCase"/>
  <testcase name="creditAgentServiceHistoryTotal" time="19.284" classname="Admin.BusinessDetailCreditTestCase"/>
  <testcase name="creditAgentServiceAccountBalance" time="19.238" classname="Admin.BusinessDetailCreditTestCase"/>
  <testcase name="loginNumber" time="5.535" classname="Admin.ModeComplexStatisticsCashTestCase"/>
  <testcase name="registeredNumber" time="5.917" classname="Admin.ModeComplexStatisticsCashTestCase"/>
  <testcase name="rechargeTotalToday" time="6.958" classname="Admin.ModeComplexStatisticsCashTestCase"/>
  <testcase name="rechargeNumberTotal" time="6.97" classname="Admin.ModeComplexStatisticsCashTestCase"/>
  <testcase name="newRechargeMoney" time="5.971" classname="Admin.ModeComplexStatisticsCashTestCase"/>
  <testcase name="registeredNumber" time="5.576" classname="Admin.ModeComplexStatisticsCreditTestCase"/>
  <testcase name="loginNumber" time="5.706" classname="Admin.ModeComplexStatisticsCreditTestCase"/>
  <testcase name="Bet" time="5.58" classname="Admin.ModeComplexStatisticsCreditTestCase"/>
  <testcase name="serviceMoney" time="15.818" classname="Admin.ModeComplexStatisticsCreditTestCase">
    <failure type="org.openqa.selenium.NoSuchElementException" message="no such element: Unable to locate element: {&amp;quot;method&amp;quot;:&amp;quot;xpath&amp;quot;,&amp;quot;selector&amp;quot;:&amp;quot;//*[@id=&amp;quot;root&amp;quot;]/section/section/main/div[2]/div[2]/div[2]/div[1]/div/div[2]/div[1]/div/div[1]/div[3]/span[2]&amp;quot;}
  (Session info: chrome=73.0.3683.103)
  (Driver info: chromedriver=2.45.615291 (ec3682e3c9061c10f26ea9e5cdcf3c53f3f74387),platform=Windows NT 10.0.17134 x86_64) (WARNING: The server did not provide any stacktrace information)
Command duration or timeout: 10.03 seconds
For documentation on this error, please visit: http://seleniumhq.org/exceptions/no_such_element.html
Build info: version: &amp;apos;3.0.0&amp;apos;, revision: &amp;apos;350cf60&amp;apos;, time: &amp;apos;2016-10-13 10:48:57 -0700&amp;apos;
System info: host: &amp;apos;DESKTOP-NDF1E9V&amp;apos;, ip: &amp;apos;192.168.137.1&amp;apos;, os.name: &amp;apos;Windows 10&amp;apos;, os.arch: &amp;apos;amd64&amp;apos;, os.version: &amp;apos;10.0&amp;apos;, java.version: &amp;apos;1.8.0_191&amp;apos;
Driver info: org.openqa.selenium.chrome.ChromeDriver
Capabilities [{mobileEmulationEnabled=false, timeouts={implicit=0, pageLoad=300000, script=30000}, hasTouchScreen=false, platform=XP, acceptSslCerts=false, goog:chromeOptions={debuggerAddress=localhost:45467}, acceptInsecureCerts=false, webStorageEnabled=true, browserName=chrome, takesScreenshot=true, javascriptEnabled=true, setWindowRect=true, unexpectedAlertBehaviour=ignore, applicationCacheEnabled=false, rotatable=false, networkConnectionEnabled=false, chrome={chromedriverVersion=2.45.615291 (ec3682e3c9061c10f26ea9e5cdcf3c53f3f74387), userDataDir=C:\Users\jtc\AppData\Local\Temp\scoped_dir19236_10744}, takesHeapSnapshot=true, pageLoadStrategy=normal, strictFileInteractability=false, databaseEnabled=false, handlesAlerts=true, version=73.0.3683.103, browserConnectionEnabled=false, proxy={}, nativeEvents=true, locationContextEnabled=true, cssSelectorsEnabled=true}]
Session ID: 334babe5040e01d5576e9b6b374d0157
*** Element info: {Using=xpath, value=//*[@id=&amp;quot;root&amp;quot;]/section/section/main/div[2]/div[2]/div[2]/div[1]/div/div[2]/div[1]/div/div[1]/div[3]/span[2]}">
      <![CDATA[org.openqa.selenium.NoSuchElementException: no such element: Unable to locate element: {"method":"xpath","selector":"//*[@id="root"]/section/section/main/div[2]/div[2]/div[2]/div[1]/div/div[2]/div[1]/div/div[1]/div[3]/span[2]"}
  (Session info: chrome=73.0.3683.103)
  (Driver info: chromedriver=2.45.615291 (ec3682e3c9061c10f26ea9e5cdcf3c53f3f74387),platform=Windows NT 10.0.17134 x86_64) (WARNING: The server did not provide any stacktrace information)
Command duration or timeout: 10.03 seconds
For documentation on this error, please visit: http://seleniumhq.org/exceptions/no_such_element.html
Build info: version: '3.0.0', revision: '350cf60', time: '2016-10-13 10:48:57 -0700'
System info: host: 'DESKTOP-NDF1E9V', ip: '192.168.137.1', os.name: 'Windows 10', os.arch: 'amd64', os.version: '10.0', java.version: '1.8.0_191'
Driver info: org.openqa.selenium.chrome.ChromeDriver
Capabilities [{mobileEmulationEnabled=false, timeouts={implicit=0, pageLoad=300000, script=30000}, hasTouchScreen=false, platform=XP, acceptSslCerts=false, goog:chromeOptions={debuggerAddress=localhost:45467}, acceptInsecureCerts=false, webStorageEnabled=true, browserName=chrome, takesScreenshot=true, javascriptEnabled=true, setWindowRect=true, unexpectedAlertBehaviour=ignore, applicationCacheEnabled=false, rotatable=false, networkConnectionEnabled=false, chrome={chromedriverVersion=2.45.615291 (ec3682e3c9061c10f26ea9e5cdcf3c53f3f74387), userDataDir=C:\Users\jtc\AppData\Local\Temp\scoped_dir19236_10744}, takesHeapSnapshot=true, pageLoadStrategy=normal, strictFileInteractability=false, databaseEnabled=false, handlesAlerts=true, version=73.0.3683.103, browserConnectionEnabled=false, proxy={}, nativeEvents=true, locationContextEnabled=true, cssSelectorsEnabled=true}]
Session ID: 334babe5040e01d5576e9b6b374d0157
*** Element info: {Using=xpath, value=//*[@id="root"]/section/section/main/div[2]/div[2]/div[2]/div[1]/div/div[2]/div[1]/div/div[1]/div[3]/span[2]}
	at org.openqa.selenium.remote.ErrorHandler.createThrowable(ErrorHandler.java:216)
	at org.openqa.selenium.remote.ErrorHandler.throwIfResponseFailed(ErrorHandler.java:168)
	at org.openqa.selenium.remote.RemoteWebDriver.execute(RemoteWebDriver.java:635)
	at org.openqa.selenium.remote.RemoteWebDriver.findElement(RemoteWebDriver.java:368)
	at org.openqa.selenium.remote.RemoteWebDriver.findElementByXPath(RemoteWebDriver.java:473)
	at org.openqa.selenium.By$ByXPath.findElement(By.java:361)
	at org.openqa.selenium.remote.RemoteWebDriver.findElement(RemoteWebDriver.java:360)
	at SeleniumMethod.WebDriverUtil.findElementByXpath(WebDriverUtil.java:155)
	at SeleniumMethod.WebDriverUtil.getTextByXpath(WebDriverUtil.java:412)
	at Admin.ModeComplexStatisticsCreditTestCase.serviceMoney(ModeComplexStatisticsCreditTestCase.java:182)
... Removed 31 stack frames]]>
    </failure>
  </testcase> <!-- serviceMoney -->
  <testcase name="waitWithdrawCommission" time="17.726" classname="Admin.LowerCommissionSettlementRecord">
    <failure type="org.openqa.selenium.NoSuchElementException" message="no such element: Unable to locate element: {&amp;quot;method&amp;quot;:&amp;quot;xpath&amp;quot;,&amp;quot;selector&amp;quot;:&amp;quot;/html/body/div[4]/div/div[2]/div[1]/div/form/div[3]/div/div/input&amp;quot;}
  (Session info: chrome=73.0.3683.103)
  (Driver info: chromedriver=2.45.615291 (ec3682e3c9061c10f26ea9e5cdcf3c53f3f74387),platform=Windows NT 10.0.17134 x86_64) (WARNING: The server did not provide any stacktrace information)
Command duration or timeout: 10.02 seconds
For documentation on this error, please visit: http://seleniumhq.org/exceptions/no_such_element.html
Build info: version: &amp;apos;3.0.0&amp;apos;, revision: &amp;apos;350cf60&amp;apos;, time: &amp;apos;2016-10-13 10:48:57 -0700&amp;apos;
System info: host: &amp;apos;DESKTOP-NDF1E9V&amp;apos;, ip: &amp;apos;192.168.137.1&amp;apos;, os.name: &amp;apos;Windows 10&amp;apos;, os.arch: &amp;apos;amd64&amp;apos;, os.version: &amp;apos;10.0&amp;apos;, java.version: &amp;apos;1.8.0_191&amp;apos;
Driver info: org.openqa.selenium.chrome.ChromeDriver
Capabilities [{mobileEmulationEnabled=false, timeouts={implicit=0, pageLoad=300000, script=30000}, hasTouchScreen=false, platform=XP, acceptSslCerts=false, goog:chromeOptions={debuggerAddress=localhost:45467}, acceptInsecureCerts=false, webStorageEnabled=true, browserName=chrome, takesScreenshot=true, javascriptEnabled=true, setWindowRect=true, unexpectedAlertBehaviour=ignore, applicationCacheEnabled=false, rotatable=false, networkConnectionEnabled=false, chrome={chromedriverVersion=2.45.615291 (ec3682e3c9061c10f26ea9e5cdcf3c53f3f74387), userDataDir=C:\Users\jtc\AppData\Local\Temp\scoped_dir19236_10744}, takesHeapSnapshot=true, pageLoadStrategy=normal, strictFileInteractability=false, databaseEnabled=false, handlesAlerts=true, version=73.0.3683.103, browserConnectionEnabled=false, proxy={}, nativeEvents=true, locationContextEnabled=true, cssSelectorsEnabled=true}]
Session ID: 334babe5040e01d5576e9b6b374d0157
*** Element info: {Using=xpath, value=/html/body/div[4]/div/div[2]/div[1]/div/form/div[3]/div/div/input}">
      <![CDATA[org.openqa.selenium.NoSuchElementException: no such element: Unable to locate element: {"method":"xpath","selector":"/html/body/div[4]/div/div[2]/div[1]/div/form/div[3]/div/div/input"}
  (Session info: chrome=73.0.3683.103)
  (Driver info: chromedriver=2.45.615291 (ec3682e3c9061c10f26ea9e5cdcf3c53f3f74387),platform=Windows NT 10.0.17134 x86_64) (WARNING: The server did not provide any stacktrace information)
Command duration or timeout: 10.02 seconds
For documentation on this error, please visit: http://seleniumhq.org/exceptions/no_such_element.html
Build info: version: '3.0.0', revision: '350cf60', time: '2016-10-13 10:48:57 -0700'
System info: host: 'DESKTOP-NDF1E9V', ip: '192.168.137.1', os.name: 'Windows 10', os.arch: 'amd64', os.version: '10.0', java.version: '1.8.0_191'
Driver info: org.openqa.selenium.chrome.ChromeDriver
Capabilities [{mobileEmulationEnabled=false, timeouts={implicit=0, pageLoad=300000, script=30000}, hasTouchScreen=false, platform=XP, acceptSslCerts=false, goog:chromeOptions={debuggerAddress=localhost:45467}, acceptInsecureCerts=false, webStorageEnabled=true, browserName=chrome, takesScreenshot=true, javascriptEnabled=true, setWindowRect=true, unexpectedAlertBehaviour=ignore, applicationCacheEnabled=false, rotatable=false, networkConnectionEnabled=false, chrome={chromedriverVersion=2.45.615291 (ec3682e3c9061c10f26ea9e5cdcf3c53f3f74387), userDataDir=C:\Users\jtc\AppData\Local\Temp\scoped_dir19236_10744}, takesHeapSnapshot=true, pageLoadStrategy=normal, strictFileInteractability=false, databaseEnabled=false, handlesAlerts=true, version=73.0.3683.103, browserConnectionEnabled=false, proxy={}, nativeEvents=true, locationContextEnabled=true, cssSelectorsEnabled=true}]
Session ID: 334babe5040e01d5576e9b6b374d0157
*** Element info: {Using=xpath, value=/html/body/div[4]/div/div[2]/div[1]/div/form/div[3]/div/div/input}
	at org.openqa.selenium.remote.ErrorHandler.createThrowable(ErrorHandler.java:216)
	at org.openqa.selenium.remote.ErrorHandler.throwIfResponseFailed(ErrorHandler.java:168)
	at org.openqa.selenium.remote.RemoteWebDriver.execute(RemoteWebDriver.java:635)
	at org.openqa.selenium.remote.RemoteWebDriver.findElement(RemoteWebDriver.java:368)
	at org.openqa.selenium.remote.RemoteWebDriver.findElementByXPath(RemoteWebDriver.java:473)
	at org.openqa.selenium.By$ByXPath.findElement(By.java:361)
	at org.openqa.selenium.remote.RemoteWebDriver.findElement(RemoteWebDriver.java:360)
	at SeleniumMethod.WebDriverUtil.findElementByXpathAndClearSendkeys(WebDriverUtil.java:385)
	at Admin.LowerCommissionSettlementRecord.waitWithdrawCommission(LowerCommissionSettlementRecord.java:78)
... Removed 31 stack frames]]>
    </failure>
  </testcase> <!-- waitWithdrawCommission -->
</testsuite> <!-- 平台管理员 -->
