<?xml version="1.0" encoding="UTF-8"?>
<!-- Generated by org.testng.reporters.JUnitXMLReporter -->
<testsuite hostname="DESKTOP-APMUM9I" name="平台管理员" tests="12" failures="9" timestamp="15 Oct 2019 07:29:16 GMT" time="87.005" errors="0">
  <testcase name="playerNumber" time="2.427" classname="Backstage.admin.panel"/>
  <testcase name="notesNumber" time="4.63" classname="Backstage.admin.panel">
    <failure type="java.lang.AssertionError" message="expected [true] but found [false]">
      <![CDATA[java.lang.AssertionError: expected [true] but found [false]
	at Backstage.admin.panel.notesNumber(panel.java:81)
... Removed 31 stack frames]]>
    </failure>
  </testcase> <!-- notesNumber -->
  <testcase name="agentNumber" time="3.328" classname="Backstage.admin.UserManagement"/>
  <testcase name="vipNumber" time="3.348" classname="Backstage.admin.UserManagement">
    <failure type="java.lang.AssertionError" message="expected [true] but found [false]">
      <![CDATA[java.lang.AssertionError: expected [true] but found [false]
	at Backstage.admin.UserManagement.vipNumber(UserManagement.java:83)
... Removed 31 stack frames]]>
    </failure>
  </testcase> <!-- vipNumber -->
  <testcase name="agentVipNumber" time="3.432" classname="Backstage.admin.UserManagement"/>
  <testcase name="usableMoney" time="3.36" classname="Backstage.admin.UserManagement">
    <failure type="java.lang.AssertionError" message="expected [true] but found [false]">
      <![CDATA[java.lang.AssertionError: expected [true] but found [false]
	at Backstage.admin.UserManagement.usableMoney(UserManagement.java:147)
... Removed 31 stack frames]]>
    </failure>
  </testcase> <!-- usableMoney -->
  <testcase name="loginTime" time="0.067" classname="Backstage.admin.UserManagement">
    <failure type="org.openqa.selenium.WebDriverException" message="unknown error: Element &amp;lt;span&amp;gt;...&amp;lt;/span&amp;gt; is not clickable at point (54, 288). Other element would receive the click: &amp;lt;div data-v-4a4d84bc=&amp;quot;&amp;quot; class=&amp;quot;el-dialog__wrapper tableDialog dialog-fade-leave-active dialog-fade-leave-to&amp;quot; style=&amp;quot;z-index: 2001;&amp;quot;&amp;gt;...&amp;lt;/div&amp;gt;
  (Session info: chrome=72.0.3626.119)
  (Driver info: chromedriver=2.46.628402 (536cd7adbad73a3783fdc2cab92ab2ba7ec361e1),platform=Windows NT 10.0.18362 x86_64) (WARNING: The server did not provide any stacktrace information)
Command duration or timeout: 39 milliseconds
Build info: version: &amp;apos;3.0.0&amp;apos;, revision: &amp;apos;350cf60&amp;apos;, time: &amp;apos;2016-10-13 10:48:57 -0700&amp;apos;
System info: host: &amp;apos;DESKTOP-APMUM9I&amp;apos;, ip: &amp;apos;10.1.101.21&amp;apos;, os.name: &amp;apos;Windows 10&amp;apos;, os.arch: &amp;apos;x86&amp;apos;, os.version: &amp;apos;10.0&amp;apos;, java.version: &amp;apos;1.8.0_221&amp;apos;
Driver info: org.openqa.selenium.chrome.ChromeDriver
Capabilities [{mobileEmulationEnabled=false, timeouts={implicit=0, pageLoad=300000, script=30000}, hasTouchScreen=false, platform=XP, acceptSslCerts=false, goog:chromeOptions={debuggerAddress=localhost:64382}, acceptInsecureCerts=false, webStorageEnabled=true, browserName=chrome, takesScreenshot=true, javascriptEnabled=true, setWindowRect=true, unexpectedAlertBehaviour=ignore, applicationCacheEnabled=false, rotatable=false, networkConnectionEnabled=false, chrome={chromedriverVersion=2.46.628402 (536cd7adbad73a3783fdc2cab92ab2ba7ec361e1), userDataDir=C:\Users\ADMINI~1\AppData\Local\Temp\scoped_dir13804_7005}, takesHeapSnapshot=true, pageLoadStrategy=normal, strictFileInteractability=false, databaseEnabled=false, handlesAlerts=true, version=72.0.3626.119, browserConnectionEnabled=false, proxy={}, nativeEvents=true, locationContextEnabled=true, cssSelectorsEnabled=true}]
Session ID: 81a1e838e74be4ff717b819bbbdcfd26">
      <![CDATA[org.openqa.selenium.WebDriverException: unknown error: Element <span>...</span> is not clickable at point (54, 288). Other element would receive the click: <div data-v-4a4d84bc="" class="el-dialog__wrapper tableDialog dialog-fade-leave-active dialog-fade-leave-to" style="z-index: 2001;">...</div>
  (Session info: chrome=72.0.3626.119)
  (Driver info: chromedriver=2.46.628402 (536cd7adbad73a3783fdc2cab92ab2ba7ec361e1),platform=Windows NT 10.0.18362 x86_64) (WARNING: The server did not provide any stacktrace information)
Command duration or timeout: 39 milliseconds
Build info: version: '3.0.0', revision: '350cf60', time: '2016-10-13 10:48:57 -0700'
System info: host: 'DESKTOP-APMUM9I', ip: '10.1.101.21', os.name: 'Windows 10', os.arch: 'x86', os.version: '10.0', java.version: '1.8.0_221'
Driver info: org.openqa.selenium.chrome.ChromeDriver
Capabilities [{mobileEmulationEnabled=false, timeouts={implicit=0, pageLoad=300000, script=30000}, hasTouchScreen=false, platform=XP, acceptSslCerts=false, goog:chromeOptions={debuggerAddress=localhost:64382}, acceptInsecureCerts=false, webStorageEnabled=true, browserName=chrome, takesScreenshot=true, javascriptEnabled=true, setWindowRect=true, unexpectedAlertBehaviour=ignore, applicationCacheEnabled=false, rotatable=false, networkConnectionEnabled=false, chrome={chromedriverVersion=2.46.628402 (536cd7adbad73a3783fdc2cab92ab2ba7ec361e1), userDataDir=C:\Users\ADMINI~1\AppData\Local\Temp\scoped_dir13804_7005}, takesHeapSnapshot=true, pageLoadStrategy=normal, strictFileInteractability=false, databaseEnabled=false, handlesAlerts=true, version=72.0.3626.119, browserConnectionEnabled=false, proxy={}, nativeEvents=true, locationContextEnabled=true, cssSelectorsEnabled=true}]
Session ID: 81a1e838e74be4ff717b819bbbdcfd26
	at org.openqa.selenium.remote.ErrorHandler.createThrowable(ErrorHandler.java:216)
	at org.openqa.selenium.remote.ErrorHandler.throwIfResponseFailed(ErrorHandler.java:168)
	at org.openqa.selenium.remote.RemoteWebDriver.execute(RemoteWebDriver.java:635)
	at org.openqa.selenium.remote.RemoteWebElement.execute(RemoteWebElement.java:274)
	at org.openqa.selenium.remote.RemoteWebElement.click(RemoteWebElement.java:84)
	at SeleniumMethod.WebDriverUtil.findElementByXpathAndClick(WebDriverUtil.java:284)
	at Backstage.admin.UserManagement.loginTime(UserManagement.java:166)
... Removed 31 stack frames]]>
    </failure>
  </testcase> <!-- loginTime -->
  <testcase name="desc" time="10.065" classname="Backstage.admin.UserManagement">
    <failure type="org.openqa.selenium.NoSuchElementException" message="no such element: Unable to locate element: {&amp;quot;method&amp;quot;:&amp;quot;xpath&amp;quot;,&amp;quot;selector&amp;quot;:&amp;quot;//*[@id=&amp;quot;app&amp;quot;]/div/div[2]/section/div/div/div[2]/div[1]/div[2]/table/thead/tr/th[7]/div/span/i[2]&amp;quot;}
  (Session info: chrome=72.0.3626.119)
  (Driver info: chromedriver=2.46.628402 (536cd7adbad73a3783fdc2cab92ab2ba7ec361e1),platform=Windows NT 10.0.18362 x86_64) (WARNING: The server did not provide any stacktrace information)
Command duration or timeout: 10.06 seconds
For documentation on this error, please visit: http://seleniumhq.org/exceptions/no_such_element.html
Build info: version: &amp;apos;3.0.0&amp;apos;, revision: &amp;apos;350cf60&amp;apos;, time: &amp;apos;2016-10-13 10:48:57 -0700&amp;apos;
System info: host: &amp;apos;DESKTOP-APMUM9I&amp;apos;, ip: &amp;apos;10.1.101.21&amp;apos;, os.name: &amp;apos;Windows 10&amp;apos;, os.arch: &amp;apos;x86&amp;apos;, os.version: &amp;apos;10.0&amp;apos;, java.version: &amp;apos;1.8.0_221&amp;apos;
Driver info: org.openqa.selenium.chrome.ChromeDriver
Capabilities [{mobileEmulationEnabled=false, timeouts={implicit=0, pageLoad=300000, script=30000}, hasTouchScreen=false, platform=XP, acceptSslCerts=false, goog:chromeOptions={debuggerAddress=localhost:64382}, acceptInsecureCerts=false, webStorageEnabled=true, browserName=chrome, takesScreenshot=true, javascriptEnabled=true, setWindowRect=true, unexpectedAlertBehaviour=ignore, applicationCacheEnabled=false, rotatable=false, networkConnectionEnabled=false, chrome={chromedriverVersion=2.46.628402 (536cd7adbad73a3783fdc2cab92ab2ba7ec361e1), userDataDir=C:\Users\ADMINI~1\AppData\Local\Temp\scoped_dir13804_7005}, takesHeapSnapshot=true, pageLoadStrategy=normal, strictFileInteractability=false, databaseEnabled=false, handlesAlerts=true, version=72.0.3626.119, browserConnectionEnabled=false, proxy={}, nativeEvents=true, locationContextEnabled=true, cssSelectorsEnabled=true}]
Session ID: 81a1e838e74be4ff717b819bbbdcfd26
*** Element info: {Using=xpath, value=//*[@id=&amp;quot;app&amp;quot;]/div/div[2]/section/div/div/div[2]/div[1]/div[2]/table/thead/tr/th[7]/div/span/i[2]}">
      <![CDATA[org.openqa.selenium.NoSuchElementException: no such element: Unable to locate element: {"method":"xpath","selector":"//*[@id="app"]/div/div[2]/section/div/div/div[2]/div[1]/div[2]/table/thead/tr/th[7]/div/span/i[2]"}
  (Session info: chrome=72.0.3626.119)
  (Driver info: chromedriver=2.46.628402 (536cd7adbad73a3783fdc2cab92ab2ba7ec361e1),platform=Windows NT 10.0.18362 x86_64) (WARNING: The server did not provide any stacktrace information)
Command duration or timeout: 10.06 seconds
For documentation on this error, please visit: http://seleniumhq.org/exceptions/no_such_element.html
Build info: version: '3.0.0', revision: '350cf60', time: '2016-10-13 10:48:57 -0700'
System info: host: 'DESKTOP-APMUM9I', ip: '10.1.101.21', os.name: 'Windows 10', os.arch: 'x86', os.version: '10.0', java.version: '1.8.0_221'
Driver info: org.openqa.selenium.chrome.ChromeDriver
Capabilities [{mobileEmulationEnabled=false, timeouts={implicit=0, pageLoad=300000, script=30000}, hasTouchScreen=false, platform=XP, acceptSslCerts=false, goog:chromeOptions={debuggerAddress=localhost:64382}, acceptInsecureCerts=false, webStorageEnabled=true, browserName=chrome, takesScreenshot=true, javascriptEnabled=true, setWindowRect=true, unexpectedAlertBehaviour=ignore, applicationCacheEnabled=false, rotatable=false, networkConnectionEnabled=false, chrome={chromedriverVersion=2.46.628402 (536cd7adbad73a3783fdc2cab92ab2ba7ec361e1), userDataDir=C:\Users\ADMINI~1\AppData\Local\Temp\scoped_dir13804_7005}, takesHeapSnapshot=true, pageLoadStrategy=normal, strictFileInteractability=false, databaseEnabled=false, handlesAlerts=true, version=72.0.3626.119, browserConnectionEnabled=false, proxy={}, nativeEvents=true, locationContextEnabled=true, cssSelectorsEnabled=true}]
Session ID: 81a1e838e74be4ff717b819bbbdcfd26
*** Element info: {Using=xpath, value=//*[@id="app"]/div/div[2]/section/div/div/div[2]/div[1]/div[2]/table/thead/tr/th[7]/div/span/i[2]}
	at org.openqa.selenium.remote.ErrorHandler.createThrowable(ErrorHandler.java:216)
	at org.openqa.selenium.remote.ErrorHandler.throwIfResponseFailed(ErrorHandler.java:168)
	at org.openqa.selenium.remote.RemoteWebDriver.execute(RemoteWebDriver.java:635)
	at org.openqa.selenium.remote.RemoteWebDriver.findElement(RemoteWebDriver.java:368)
	at org.openqa.selenium.remote.RemoteWebDriver.findElementByXPath(RemoteWebDriver.java:473)
	at org.openqa.selenium.By$ByXPath.findElement(By.java:361)
	at org.openqa.selenium.remote.RemoteWebDriver.findElement(RemoteWebDriver.java:360)
	at SeleniumMethod.WebDriverUtil.findElementByXpathAndClick(WebDriverUtil.java:284)
	at Backstage.admin.UserManagement.desc(UserManagement.java:221)
... Removed 31 stack frames]]>
    </failure>
  </testcase> <!-- desc -->
  <testcase name="Asc" time="10.015" classname="Backstage.admin.UserManagement">
    <failure type="org.openqa.selenium.NoSuchElementException" message="no such element: Unable to locate element: {&amp;quot;method&amp;quot;:&amp;quot;xpath&amp;quot;,&amp;quot;selector&amp;quot;:&amp;quot;//*[@id=&amp;quot;app&amp;quot;]/div/div[2]/section/div/div/div[2]/div[1]/div[2]/table/thead/tr/th[7]/div/span/i[1]&amp;quot;}
  (Session info: chrome=72.0.3626.119)
  (Driver info: chromedriver=2.46.628402 (536cd7adbad73a3783fdc2cab92ab2ba7ec361e1),platform=Windows NT 10.0.18362 x86_64) (WARNING: The server did not provide any stacktrace information)
Command duration or timeout: 10.01 seconds
For documentation on this error, please visit: http://seleniumhq.org/exceptions/no_such_element.html
Build info: version: &amp;apos;3.0.0&amp;apos;, revision: &amp;apos;350cf60&amp;apos;, time: &amp;apos;2016-10-13 10:48:57 -0700&amp;apos;
System info: host: &amp;apos;DESKTOP-APMUM9I&amp;apos;, ip: &amp;apos;10.1.101.21&amp;apos;, os.name: &amp;apos;Windows 10&amp;apos;, os.arch: &amp;apos;x86&amp;apos;, os.version: &amp;apos;10.0&amp;apos;, java.version: &amp;apos;1.8.0_221&amp;apos;
Driver info: org.openqa.selenium.chrome.ChromeDriver
Capabilities [{mobileEmulationEnabled=false, timeouts={implicit=0, pageLoad=300000, script=30000}, hasTouchScreen=false, platform=XP, acceptSslCerts=false, goog:chromeOptions={debuggerAddress=localhost:64382}, acceptInsecureCerts=false, webStorageEnabled=true, browserName=chrome, takesScreenshot=true, javascriptEnabled=true, setWindowRect=true, unexpectedAlertBehaviour=ignore, applicationCacheEnabled=false, rotatable=false, networkConnectionEnabled=false, chrome={chromedriverVersion=2.46.628402 (536cd7adbad73a3783fdc2cab92ab2ba7ec361e1), userDataDir=C:\Users\ADMINI~1\AppData\Local\Temp\scoped_dir13804_7005}, takesHeapSnapshot=true, pageLoadStrategy=normal, strictFileInteractability=false, databaseEnabled=false, handlesAlerts=true, version=72.0.3626.119, browserConnectionEnabled=false, proxy={}, nativeEvents=true, locationContextEnabled=true, cssSelectorsEnabled=true}]
Session ID: 81a1e838e74be4ff717b819bbbdcfd26
*** Element info: {Using=xpath, value=//*[@id=&amp;quot;app&amp;quot;]/div/div[2]/section/div/div/div[2]/div[1]/div[2]/table/thead/tr/th[7]/div/span/i[1]}">
      <![CDATA[org.openqa.selenium.NoSuchElementException: no such element: Unable to locate element: {"method":"xpath","selector":"//*[@id="app"]/div/div[2]/section/div/div/div[2]/div[1]/div[2]/table/thead/tr/th[7]/div/span/i[1]"}
  (Session info: chrome=72.0.3626.119)
  (Driver info: chromedriver=2.46.628402 (536cd7adbad73a3783fdc2cab92ab2ba7ec361e1),platform=Windows NT 10.0.18362 x86_64) (WARNING: The server did not provide any stacktrace information)
Command duration or timeout: 10.01 seconds
For documentation on this error, please visit: http://seleniumhq.org/exceptions/no_such_element.html
Build info: version: '3.0.0', revision: '350cf60', time: '2016-10-13 10:48:57 -0700'
System info: host: 'DESKTOP-APMUM9I', ip: '10.1.101.21', os.name: 'Windows 10', os.arch: 'x86', os.version: '10.0', java.version: '1.8.0_221'
Driver info: org.openqa.selenium.chrome.ChromeDriver
Capabilities [{mobileEmulationEnabled=false, timeouts={implicit=0, pageLoad=300000, script=30000}, hasTouchScreen=false, platform=XP, acceptSslCerts=false, goog:chromeOptions={debuggerAddress=localhost:64382}, acceptInsecureCerts=false, webStorageEnabled=true, browserName=chrome, takesScreenshot=true, javascriptEnabled=true, setWindowRect=true, unexpectedAlertBehaviour=ignore, applicationCacheEnabled=false, rotatable=false, networkConnectionEnabled=false, chrome={chromedriverVersion=2.46.628402 (536cd7adbad73a3783fdc2cab92ab2ba7ec361e1), userDataDir=C:\Users\ADMINI~1\AppData\Local\Temp\scoped_dir13804_7005}, takesHeapSnapshot=true, pageLoadStrategy=normal, strictFileInteractability=false, databaseEnabled=false, handlesAlerts=true, version=72.0.3626.119, browserConnectionEnabled=false, proxy={}, nativeEvents=true, locationContextEnabled=true, cssSelectorsEnabled=true}]
Session ID: 81a1e838e74be4ff717b819bbbdcfd26
*** Element info: {Using=xpath, value=//*[@id="app"]/div/div[2]/section/div/div/div[2]/div[1]/div[2]/table/thead/tr/th[7]/div/span/i[1]}
	at org.openqa.selenium.remote.ErrorHandler.createThrowable(ErrorHandler.java:216)
	at org.openqa.selenium.remote.ErrorHandler.throwIfResponseFailed(ErrorHandler.java:168)
	at org.openqa.selenium.remote.RemoteWebDriver.execute(RemoteWebDriver.java:635)
	at org.openqa.selenium.remote.RemoteWebDriver.findElement(RemoteWebDriver.java:368)
	at org.openqa.selenium.remote.RemoteWebDriver.findElementByXPath(RemoteWebDriver.java:473)
	at org.openqa.selenium.By$ByXPath.findElement(By.java:361)
	at org.openqa.selenium.remote.RemoteWebDriver.findElement(RemoteWebDriver.java:360)
	at SeleniumMethod.WebDriverUtil.findElementByXpathAndClick(WebDriverUtil.java:284)
	at Backstage.admin.UserManagement.Asc(UserManagement.java:263)
... Removed 31 stack frames]]>
    </failure>
  </testcase> <!-- Asc -->
  <testcase name="addBalance" time="10.076" classname="Backstage.admin.UserManagement">
    <failure type="org.openqa.selenium.NoSuchElementException" message="no such element: Unable to locate element: {&amp;quot;method&amp;quot;:&amp;quot;xpath&amp;quot;,&amp;quot;selector&amp;quot;:&amp;quot;//*[@id=&amp;quot;app&amp;quot;]/div/div[2]/section/div/div/div[1]/form/div[10]/div/div/input&amp;quot;}
  (Session info: chrome=72.0.3626.119)
  (Driver info: chromedriver=2.46.628402 (536cd7adbad73a3783fdc2cab92ab2ba7ec361e1),platform=Windows NT 10.0.18362 x86_64) (WARNING: The server did not provide any stacktrace information)
Command duration or timeout: 10.08 seconds
For documentation on this error, please visit: http://seleniumhq.org/exceptions/no_such_element.html
Build info: version: &amp;apos;3.0.0&amp;apos;, revision: &amp;apos;350cf60&amp;apos;, time: &amp;apos;2016-10-13 10:48:57 -0700&amp;apos;
System info: host: &amp;apos;DESKTOP-APMUM9I&amp;apos;, ip: &amp;apos;10.1.101.21&amp;apos;, os.name: &amp;apos;Windows 10&amp;apos;, os.arch: &amp;apos;x86&amp;apos;, os.version: &amp;apos;10.0&amp;apos;, java.version: &amp;apos;1.8.0_221&amp;apos;
Driver info: org.openqa.selenium.chrome.ChromeDriver
Capabilities [{mobileEmulationEnabled=false, timeouts={implicit=0, pageLoad=300000, script=30000}, hasTouchScreen=false, platform=XP, acceptSslCerts=false, goog:chromeOptions={debuggerAddress=localhost:64382}, acceptInsecureCerts=false, webStorageEnabled=true, browserName=chrome, takesScreenshot=true, javascriptEnabled=true, setWindowRect=true, unexpectedAlertBehaviour=ignore, applicationCacheEnabled=false, rotatable=false, networkConnectionEnabled=false, chrome={chromedriverVersion=2.46.628402 (536cd7adbad73a3783fdc2cab92ab2ba7ec361e1), userDataDir=C:\Users\ADMINI~1\AppData\Local\Temp\scoped_dir13804_7005}, takesHeapSnapshot=true, pageLoadStrategy=normal, strictFileInteractability=false, databaseEnabled=false, handlesAlerts=true, version=72.0.3626.119, browserConnectionEnabled=false, proxy={}, nativeEvents=true, locationContextEnabled=true, cssSelectorsEnabled=true}]
Session ID: 81a1e838e74be4ff717b819bbbdcfd26
*** Element info: {Using=xpath, value=//*[@id=&amp;quot;app&amp;quot;]/div/div[2]/section/div/div/div[1]/form/div[10]/div/div/input}">
      <![CDATA[org.openqa.selenium.NoSuchElementException: no such element: Unable to locate element: {"method":"xpath","selector":"//*[@id="app"]/div/div[2]/section/div/div/div[1]/form/div[10]/div/div/input"}
  (Session info: chrome=72.0.3626.119)
  (Driver info: chromedriver=2.46.628402 (536cd7adbad73a3783fdc2cab92ab2ba7ec361e1),platform=Windows NT 10.0.18362 x86_64) (WARNING: The server did not provide any stacktrace information)
Command duration or timeout: 10.08 seconds
For documentation on this error, please visit: http://seleniumhq.org/exceptions/no_such_element.html
Build info: version: '3.0.0', revision: '350cf60', time: '2016-10-13 10:48:57 -0700'
System info: host: 'DESKTOP-APMUM9I', ip: '10.1.101.21', os.name: 'Windows 10', os.arch: 'x86', os.version: '10.0', java.version: '1.8.0_221'
Driver info: org.openqa.selenium.chrome.ChromeDriver
Capabilities [{mobileEmulationEnabled=false, timeouts={implicit=0, pageLoad=300000, script=30000}, hasTouchScreen=false, platform=XP, acceptSslCerts=false, goog:chromeOptions={debuggerAddress=localhost:64382}, acceptInsecureCerts=false, webStorageEnabled=true, browserName=chrome, takesScreenshot=true, javascriptEnabled=true, setWindowRect=true, unexpectedAlertBehaviour=ignore, applicationCacheEnabled=false, rotatable=false, networkConnectionEnabled=false, chrome={chromedriverVersion=2.46.628402 (536cd7adbad73a3783fdc2cab92ab2ba7ec361e1), userDataDir=C:\Users\ADMINI~1\AppData\Local\Temp\scoped_dir13804_7005}, takesHeapSnapshot=true, pageLoadStrategy=normal, strictFileInteractability=false, databaseEnabled=false, handlesAlerts=true, version=72.0.3626.119, browserConnectionEnabled=false, proxy={}, nativeEvents=true, locationContextEnabled=true, cssSelectorsEnabled=true}]
Session ID: 81a1e838e74be4ff717b819bbbdcfd26
*** Element info: {Using=xpath, value=//*[@id="app"]/div/div[2]/section/div/div/div[1]/form/div[10]/div/div/input}
	at org.openqa.selenium.remote.ErrorHandler.createThrowable(ErrorHandler.java:216)
	at org.openqa.selenium.remote.ErrorHandler.throwIfResponseFailed(ErrorHandler.java:168)
	at org.openqa.selenium.remote.RemoteWebDriver.execute(RemoteWebDriver.java:635)
	at org.openqa.selenium.remote.RemoteWebDriver.findElement(RemoteWebDriver.java:368)
	at org.openqa.selenium.remote.RemoteWebDriver.findElementByXPath(RemoteWebDriver.java:473)
	at org.openqa.selenium.By$ByXPath.findElement(By.java:361)
	at org.openqa.selenium.remote.RemoteWebDriver.findElement(RemoteWebDriver.java:360)
	at SeleniumMethod.WebDriverUtil.findElementByXpathAndClearSendkeys(WebDriverUtil.java:401)
	at Backstage.admin.UserManagement.addBalance(UserManagement.java:300)
... Removed 31 stack frames]]>
    </failure>
  </testcase> <!-- addBalance -->
  <testcase name="subtractBalance" time="10.052" classname="Backstage.admin.UserManagement">
    <failure type="org.openqa.selenium.NoSuchElementException" message="no such element: Unable to locate element: {&amp;quot;method&amp;quot;:&amp;quot;xpath&amp;quot;,&amp;quot;selector&amp;quot;:&amp;quot;//*[@id=&amp;quot;app&amp;quot;]/div/div[2]/section/div/div/div[1]/form/div[16]/div/button[2]/span&amp;quot;}
  (Session info: chrome=72.0.3626.119)
  (Driver info: chromedriver=2.46.628402 (536cd7adbad73a3783fdc2cab92ab2ba7ec361e1),platform=Windows NT 10.0.18362 x86_64) (WARNING: The server did not provide any stacktrace information)
Command duration or timeout: 10.03 seconds
For documentation on this error, please visit: http://seleniumhq.org/exceptions/no_such_element.html
Build info: version: &amp;apos;3.0.0&amp;apos;, revision: &amp;apos;350cf60&amp;apos;, time: &amp;apos;2016-10-13 10:48:57 -0700&amp;apos;
System info: host: &amp;apos;DESKTOP-APMUM9I&amp;apos;, ip: &amp;apos;10.1.101.21&amp;apos;, os.name: &amp;apos;Windows 10&amp;apos;, os.arch: &amp;apos;x86&amp;apos;, os.version: &amp;apos;10.0&amp;apos;, java.version: &amp;apos;1.8.0_221&amp;apos;
Driver info: org.openqa.selenium.chrome.ChromeDriver
Capabilities [{mobileEmulationEnabled=false, timeouts={implicit=0, pageLoad=300000, script=30000}, hasTouchScreen=false, platform=XP, acceptSslCerts=false, goog:chromeOptions={debuggerAddress=localhost:64382}, acceptInsecureCerts=false, webStorageEnabled=true, browserName=chrome, takesScreenshot=true, javascriptEnabled=true, setWindowRect=true, unexpectedAlertBehaviour=ignore, applicationCacheEnabled=false, rotatable=false, networkConnectionEnabled=false, chrome={chromedriverVersion=2.46.628402 (536cd7adbad73a3783fdc2cab92ab2ba7ec361e1), userDataDir=C:\Users\ADMINI~1\AppData\Local\Temp\scoped_dir13804_7005}, takesHeapSnapshot=true, pageLoadStrategy=normal, strictFileInteractability=false, databaseEnabled=false, handlesAlerts=true, version=72.0.3626.119, browserConnectionEnabled=false, proxy={}, nativeEvents=true, locationContextEnabled=true, cssSelectorsEnabled=true}]
Session ID: 81a1e838e74be4ff717b819bbbdcfd26
*** Element info: {Using=xpath, value=//*[@id=&amp;quot;app&amp;quot;]/div/div[2]/section/div/div/div[1]/form/div[16]/div/button[2]/span}">
      <![CDATA[org.openqa.selenium.NoSuchElementException: no such element: Unable to locate element: {"method":"xpath","selector":"//*[@id="app"]/div/div[2]/section/div/div/div[1]/form/div[16]/div/button[2]/span"}
  (Session info: chrome=72.0.3626.119)
  (Driver info: chromedriver=2.46.628402 (536cd7adbad73a3783fdc2cab92ab2ba7ec361e1),platform=Windows NT 10.0.18362 x86_64) (WARNING: The server did not provide any stacktrace information)
Command duration or timeout: 10.03 seconds
For documentation on this error, please visit: http://seleniumhq.org/exceptions/no_such_element.html
Build info: version: '3.0.0', revision: '350cf60', time: '2016-10-13 10:48:57 -0700'
System info: host: 'DESKTOP-APMUM9I', ip: '10.1.101.21', os.name: 'Windows 10', os.arch: 'x86', os.version: '10.0', java.version: '1.8.0_221'
Driver info: org.openqa.selenium.chrome.ChromeDriver
Capabilities [{mobileEmulationEnabled=false, timeouts={implicit=0, pageLoad=300000, script=30000}, hasTouchScreen=false, platform=XP, acceptSslCerts=false, goog:chromeOptions={debuggerAddress=localhost:64382}, acceptInsecureCerts=false, webStorageEnabled=true, browserName=chrome, takesScreenshot=true, javascriptEnabled=true, setWindowRect=true, unexpectedAlertBehaviour=ignore, applicationCacheEnabled=false, rotatable=false, networkConnectionEnabled=false, chrome={chromedriverVersion=2.46.628402 (536cd7adbad73a3783fdc2cab92ab2ba7ec361e1), userDataDir=C:\Users\ADMINI~1\AppData\Local\Temp\scoped_dir13804_7005}, takesHeapSnapshot=true, pageLoadStrategy=normal, strictFileInteractability=false, databaseEnabled=false, handlesAlerts=true, version=72.0.3626.119, browserConnectionEnabled=false, proxy={}, nativeEvents=true, locationContextEnabled=true, cssSelectorsEnabled=true}]
Session ID: 81a1e838e74be4ff717b819bbbdcfd26
*** Element info: {Using=xpath, value=//*[@id="app"]/div/div[2]/section/div/div/div[1]/form/div[16]/div/button[2]/span}
	at org.openqa.selenium.remote.ErrorHandler.createThrowable(ErrorHandler.java:216)
	at org.openqa.selenium.remote.ErrorHandler.throwIfResponseFailed(ErrorHandler.java:168)
	at org.openqa.selenium.remote.RemoteWebDriver.execute(RemoteWebDriver.java:635)
	at org.openqa.selenium.remote.RemoteWebDriver.findElement(RemoteWebDriver.java:368)
	at org.openqa.selenium.remote.RemoteWebDriver.findElementByXPath(RemoteWebDriver.java:473)
	at org.openqa.selenium.By$ByXPath.findElement(By.java:361)
	at org.openqa.selenium.remote.RemoteWebDriver.findElement(RemoteWebDriver.java:360)
	at SeleniumMethod.WebDriverUtil.findElementByXpathAndClick(WebDriverUtil.java:284)
	at Backstage.admin.UserManagement.subtractBalance(UserManagement.java:328)
... Removed 31 stack frames]]>
    </failure>
  </testcase> <!-- subtractBalance -->
  <testcase name="vipUsableMoney" time="13.337" classname="Backstage.admin.UserManagement">
    <failure type="org.openqa.selenium.NoSuchElementException" message="no such element: Unable to locate element: {&amp;quot;method&amp;quot;:&amp;quot;xpath&amp;quot;,&amp;quot;selector&amp;quot;:&amp;quot;//*[@id=&amp;quot;app&amp;quot;]/div/div[2]/section/div/div/div[2]/div[1]/div[3]/table/tbody/tr/td[7]/div/span&amp;quot;}
  (Session info: chrome=72.0.3626.119)
  (Driver info: chromedriver=2.46.628402 (536cd7adbad73a3783fdc2cab92ab2ba7ec361e1),platform=Windows NT 10.0.18362 x86_64) (WARNING: The server did not provide any stacktrace information)
Command duration or timeout: 10.02 seconds
For documentation on this error, please visit: http://seleniumhq.org/exceptions/no_such_element.html
Build info: version: &amp;apos;3.0.0&amp;apos;, revision: &amp;apos;350cf60&amp;apos;, time: &amp;apos;2016-10-13 10:48:57 -0700&amp;apos;
System info: host: &amp;apos;DESKTOP-APMUM9I&amp;apos;, ip: &amp;apos;10.1.101.21&amp;apos;, os.name: &amp;apos;Windows 10&amp;apos;, os.arch: &amp;apos;x86&amp;apos;, os.version: &amp;apos;10.0&amp;apos;, java.version: &amp;apos;1.8.0_221&amp;apos;
Driver info: org.openqa.selenium.chrome.ChromeDriver
Capabilities [{mobileEmulationEnabled=false, timeouts={implicit=0, pageLoad=300000, script=30000}, hasTouchScreen=false, platform=XP, acceptSslCerts=false, goog:chromeOptions={debuggerAddress=localhost:64382}, acceptInsecureCerts=false, webStorageEnabled=true, browserName=chrome, takesScreenshot=true, javascriptEnabled=true, setWindowRect=true, unexpectedAlertBehaviour=ignore, applicationCacheEnabled=false, rotatable=false, networkConnectionEnabled=false, chrome={chromedriverVersion=2.46.628402 (536cd7adbad73a3783fdc2cab92ab2ba7ec361e1), userDataDir=C:\Users\ADMINI~1\AppData\Local\Temp\scoped_dir13804_7005}, takesHeapSnapshot=true, pageLoadStrategy=normal, strictFileInteractability=false, databaseEnabled=false, handlesAlerts=true, version=72.0.3626.119, browserConnectionEnabled=false, proxy={}, nativeEvents=true, locationContextEnabled=true, cssSelectorsEnabled=true}]
Session ID: 81a1e838e74be4ff717b819bbbdcfd26
*** Element info: {Using=xpath, value=//*[@id=&amp;quot;app&amp;quot;]/div/div[2]/section/div/div/div[2]/div[1]/div[3]/table/tbody/tr/td[7]/div/span}">
      <![CDATA[org.openqa.selenium.NoSuchElementException: no such element: Unable to locate element: {"method":"xpath","selector":"//*[@id="app"]/div/div[2]/section/div/div/div[2]/div[1]/div[3]/table/tbody/tr/td[7]/div/span"}
  (Session info: chrome=72.0.3626.119)
  (Driver info: chromedriver=2.46.628402 (536cd7adbad73a3783fdc2cab92ab2ba7ec361e1),platform=Windows NT 10.0.18362 x86_64) (WARNING: The server did not provide any stacktrace information)
Command duration or timeout: 10.02 seconds
For documentation on this error, please visit: http://seleniumhq.org/exceptions/no_such_element.html
Build info: version: '3.0.0', revision: '350cf60', time: '2016-10-13 10:48:57 -0700'
System info: host: 'DESKTOP-APMUM9I', ip: '10.1.101.21', os.name: 'Windows 10', os.arch: 'x86', os.version: '10.0', java.version: '1.8.0_221'
Driver info: org.openqa.selenium.chrome.ChromeDriver
Capabilities [{mobileEmulationEnabled=false, timeouts={implicit=0, pageLoad=300000, script=30000}, hasTouchScreen=false, platform=XP, acceptSslCerts=false, goog:chromeOptions={debuggerAddress=localhost:64382}, acceptInsecureCerts=false, webStorageEnabled=true, browserName=chrome, takesScreenshot=true, javascriptEnabled=true, setWindowRect=true, unexpectedAlertBehaviour=ignore, applicationCacheEnabled=false, rotatable=false, networkConnectionEnabled=false, chrome={chromedriverVersion=2.46.628402 (536cd7adbad73a3783fdc2cab92ab2ba7ec361e1), userDataDir=C:\Users\ADMINI~1\AppData\Local\Temp\scoped_dir13804_7005}, takesHeapSnapshot=true, pageLoadStrategy=normal, strictFileInteractability=false, databaseEnabled=false, handlesAlerts=true, version=72.0.3626.119, browserConnectionEnabled=false, proxy={}, nativeEvents=true, locationContextEnabled=true, cssSelectorsEnabled=true}]
Session ID: 81a1e838e74be4ff717b819bbbdcfd26
*** Element info: {Using=xpath, value=//*[@id="app"]/div/div[2]/section/div/div/div[2]/div[1]/div[3]/table/tbody/tr/td[7]/div/span}
	at org.openqa.selenium.remote.ErrorHandler.createThrowable(ErrorHandler.java:216)
	at org.openqa.selenium.remote.ErrorHandler.throwIfResponseFailed(ErrorHandler.java:168)
	at org.openqa.selenium.remote.RemoteWebDriver.execute(RemoteWebDriver.java:635)
	at org.openqa.selenium.remote.RemoteWebDriver.findElement(RemoteWebDriver.java:368)
	at org.openqa.selenium.remote.RemoteWebDriver.findElementByXPath(RemoteWebDriver.java:473)
	at org.openqa.selenium.By$ByXPath.findElement(By.java:361)
	at org.openqa.selenium.remote.RemoteWebDriver.findElement(RemoteWebDriver.java:360)
	at SeleniumMethod.WebDriverUtil.findElementByXpath(WebDriverUtil.java:171)
	at SeleniumMethod.WebDriverUtil.getTextByXpath(WebDriverUtil.java:428)
	at Backstage.admin.UserManagement.vipUsableMoney(UserManagement.java:361)
... Removed 31 stack frames]]>
    </failure>
  </testcase> <!-- vipUsableMoney -->
</testsuite> <!-- 平台管理员 -->
