<?xml version="1.0" encoding="UTF-8"?>
<!-- Generated by org.testng.reporters.JUnitXMLReporter -->
<testsuite hostname="DESKTOP-NDF1E9V" name="现金商户" tests="4" failures="0" timestamp="30 Apr 2019 07:44:41 GMT" time="40.396" errors="0">
  <testcase name="incomeToday" time="6.234" classname="CashBusiness.BusinessHomeTestCase"/>
  <testcase name="incomeTotalThirty" time="9.404" classname="CashBusiness.BusinessHomeTestCase"/>
  <testcase name="waitSettlementCommission" time="5.295" classname="CashBusiness.BusinessHomeTestCase"/>
  <testcase name="lowerSpreadAgent" time="7.412" classname="CashBusiness.BusinessHomeTestCase"/>
</testsuite> <!-- 现金商户 -->
